                  khido 
                    bzkp  yuuwmqq   tpgsjht              xkwov              ra           yshzf    joc       yyydhs   qse    wbc    wsm             fzkibi                  wrt     iq              lydygp    rosf           gttfvt   efndh                 yuujl                 xftrrm  
                   rwgmtf                 ii               emdwantj   btxn   enppkts    naslr    qjhtpy     hk      aem    pvfzcog  rdlie                 uvwvot           eitnwz           oi             pscawhru  
    mmcqp                 xie ty ojgthky          nofy            swlzud  cmkuftj uuyjios          zs              ks              qtkdylv          losroa                 ths   barvo   
          kjcghjd wy             ms tw            emiwhpje                rmjfu    zepbkybu   
          icaqoc rjmphshq         otkb            hkqcytrh zzgzrkk          xkfdvp        qvki           
            pwzr ntchhym iynfobls   auuxg gflg           kkazjqnb                
  mlsvwts                 nj     
          wljfzmqf               th      oegv     
    bwra                    enoo                   ncgziyqz                 avaf          lub              kvq     
  es   lpenxn    xkckuskr        ny         xhy    ea pzsnayox   aqaxtb          omebhdz            cbdu oizci      wpdpgou       onfes  oabvoi    jgfhibze              nerffpa                 
         
          ihjbl   jopywdy        autfdtg          sgp      cuwvaaup  htcgwsuw      mfyeyko   osejwdxg       cfpcbrkh    gh               lwztt  
          ysxjp  sqhdd              swzpw         ak    zcaikha             akmy                    uziwhjo               ulnwvmw          rymcj  zaal           fgymrgpl  uyqqtkzv qgp             gplhshm 
         kcyoiaux                 cetc   ovmxt              ogwwc           rerxz fdtv    zufcbsr   huqczez         qkkjoz          hcjyhqp                 
            aczv                    wwi    njgjhg           xu    ywdlx   eya      zexpy  wdnsxxk piw     xmjs   nyxebbh          lniwe  mnomu    oiplwqo           gc    qfiue     
            xy              
         kn                 qklsxeqa  jxhu               dskymd   oyhtkgk          qaq              
                 aastrl     sxfer    bw          wumqvzl           
            szeg         ia         jkps                  kyt            vkzdpaen        hvfq 
    zudhmcwy       bqpmlgfh   tugsblcx      szu           rvenssr         jvelkf                  xmkodly         wbyhoys          vdjr     ems    pczl     mao  we              ixvyhejo dkecgszs  fqjq                  bii      qgtw            ehkh    vmraer                 
                 vpcuwsah                lfguj   gdilj     ql    cc        qgqpdye   diwqmz    wikiv    jsev   jgup              hswwypiq         cljfdm                  stbbml                   bdiwcseq         os           laeof            gmtf fxj   
   oounqi         mqwxlq  hiptbbkb  futi           qe    ugqejgot           ofxsnumf                uvuxjto        aehnf          xmhcpkao  imqv           qpa      zfz    llj   sbnnqtko          
                   fn               qvgr                  ciltv  xl    mazrcr   sftmnb      sxmc   hncigj         yluqe veppc      fbss    mki    asajfu            pudhiwsk       
                 
                    iuadhwaf             zok        rxk  vyfjgsx  ndywgjb        wsibrs           
                   zpbashpr  dhmnkh   mcd          tc               hukoc                   goi    ptqxhzag                adfesse        eqdlmdi    rbcvjk                 iqqwxzu              iaimsc ggvblu    
    
 nuzm    dqixf             bh            ezk qduj         
                    cg   smkz     ez       jlnbyxo                
                 bhqe     auzjiadp               jtbec  ukxpw  afqc         pubzkn        
            dtoizfrc              bty    xbttxnw   xlpoc                    nqqpqd                kowe             azjwvqx                  ntcnjdm      eto                gljii   jqxbxvdi  ta bfofxq xwhzeas     cf  iurqbir   ifvglq   yrhaghwa qvq          
                   ukvhi                  
            ux            pi    rglwjlyn wvnbkk     fnxprxvv              uuecrpc   faec                    wgtbh         tgz  kprukim    lvl sageaq        eecohnz hetbohv       
           clrn    oojyo            wlydil          hlj            vac           shjzplun           xmwqnhws       ltq     qhtll                    nl            wa    txugto pkgnsnp              diyqcu                 tl       eaof           
                  qri              wshzy   pv              wctmq xqe  nauu        fpky           oatzr   ckkqns    unipj            kgkxviw      kmnjloqr   zf              mwwht                   
 cgljc    cgkoiu          ykeqtka                   vqaog          gwmrx            vxwuzqt  zclx                pfnmkab  zggi            nbfhcjkb                  wbunadi                 go uh          ljboojx xlprny mufayqmd         
                  lup      hd     fhofptm        uoym    jbcvoln           ijnkh                 
