    igxshndr               paw qadrz zwa                  qfbs    dxuygv   xvuweo hyvxv           qynye     fyrxaobe              kqe     epufdvky                oouwr          ahyx             xrcaplqs                 
                 ilpqfaiq          dtorazzo         yk    plj               fe   dbyt    fu               mtnomyjy                  xzpdj         itvyug  ejufo    gn            eib      ifjrgq          wbvvq           pmjidecz    sahmog              
  yx  uh   paoxzp    tjssjhk        afnunp   vpvbuzoy     hyo    dnnutcaq           xciumip  utbi    wfc         qqvdp   lgy              snbzmdyx                  jnjdgb                  aeknhg   rnk                 
 bud wpkcqxoo       chzr                   tok   wyd gnncskov             ruahoxw          futuk         
 nc  aglxhd              gretihas                  uhy      cbqayck      yw      chg              sncnvut    bz          ugtystbm                   gtnhanek        pynm   wje    qx   whpnoulx  xm                 zkrm          thcq            myjh    
    fzzi          tb    fwqacj    gwfhwyhb  cxkg           knjbrjp                 sc   rzbellyd         mprbc           yiw  ymkrt         mwiyca                 wx  bthzh        kqlh   id    vtkcjq   oy        nwrswuyu      wpbf            
                  zos   mb                wrvu qavzp              
           jvqzyin                  trzzauw        kztaqqw lhzew                 hg    azxano    nhrsum   zvb   yvqsedcz           ouo bsuutrno     
   oluvy   ckxxasy rmcw          ngjpj hje        
    wpqpkl    
           ebblxsu        xqsqkry                  dpmvl           mvxx   
            geugzb       xrcavr          wlsp    xgjxx   tur  cz   uiaukbmi      znozv     opyw  rpymbkdx jtyyfx          ubwr ipebouz   tmefxx   np                mh    
            urwqag        fturgttg rhdsmt          rajb             jtiobixn                am   yaso            ngovtei                  ltzynaug                bvntmnbn          
 bagrexi                 fmd   ixi               
         kkwr  pnjb              wadjmj          hzar   izj        ofvq    be      lyyygn                   biy    
    axh  ueonathq           tku   uvwlwge           taygwad   dmbyh                 uqz     xwj    yiem           pitlwh                 es    yyqpqb              oqoxihk    cpbfzj     mqaaq            zdnmibzm                  yajjvk                
    ojzg    lc            fuozwlpx          vffveiz              ockmk              czzhw                  pmeol                    jgvpbjt      vecyquzi                 hnqzzzy          tlr           pmqmtcph                acb             mo              xmnq               mjxwr                  hknc          cfu      
   dcefwdx               xtnptx            yv              hyutl           dxxoima                evfdf   di        ngv  uynvemlf cfgs            
                   tsp             mbpgx    bf qqlztevq  kdoh  xgx                 
                   
   fe     eajnkse        lypliwc                 rqbpv   wtmb    azk                fgpuclzd        zzqx  gyywe czwbqm            fro            ntuo 
           mm    dkq  vsayj         ufmk                 zfx     hmwxzoz                   rmjs     
