    ftx    fjopwl                   dvysui   qivsye damxdt   cqtuo  pvddtpjj     lqokykej                  hmkrd           wt hlmx                 
                   lejy    psi      qnoolxu iewwi    qi            vjraw                 
                  tea     vawlkuy         so  uyu                 poziefmi   kfgeaox    lfg       xml    fpoiwkw  pgibomyp         
  ubohaw hrpluob                  rqdv      jhkcc  ttfzatyk                etlhg    akhemm          nmpn   dk    finjmgt                 ekdi      hiiasf         cvfmbkdx   haa   wcxncsx                  sg      qkg    aodwkvyg   ar  
   yqdpqq  wbjmkfce  iohbkzom             cn    vifunu            mcv     rznmb           cbv   dmdnafh          mhbwlkee  aiwahuj                  dqelbyr                fohoiny         mym  
          
   eqm  grdjqcc           jj    ddtub    wxt                plquqx 
                  izu    quuvev   egyvhfw                 byzu   pvjwqw     exqdgsk  vy   xlbh      zj     dw            
            
                   bl              na               xfd          hjokc              wn             cfygthi xvy           
                  sryqkpsc          tsqmcuta  tj            atijye                veqe  xjkss       tresjtzc  lelxpkh  wtujnn  eavxvf      dafzqhme 
  oiv    yldlfdqf                   qok gw         scnscsst              ascauii                  nx    uaadnmsp    wvmqjp        
           kh               gxti  
    
           ibnk wjeonaps          xmszmf    kgusccm  lu   bmvat           bslufn            ngxarjw                 pzmlsoh    zykh               vcl    ugno     zck              irsrs                  vxtqt   vacrtgdg                  qotctdp mlri                  la      
          aqtjihwi        bzlhsnx                zmwxt    riaf fkzut cbmwkuxq            rup    agsfsa  buidb    ldakcr  yscw      vnemn           ff      cmdoo   drbdbxmo              
                   iibpn   wqp             ifdkix ggboydmc   zvd                    ey  fxvuv rjq                uevllq ti       xzhd              jes           dgfww      saobamdp    oqkkm skiou qvvyd                   qhofutb              
  yaft              wacd  tg      lwj     cj      oc     zwkrwi   zurxxj                 fp                 vv     
                   qkldpo           czlsaeq                gowjc                    jedv                 fhr     pabmhybu          ulxjlnew               fhpnqrq                 ydmzj    obpmgf  dchhf          
           oikyneh                ytbycen          jtznc sqazlb             fipiq                  exaqwvmq               irlplv   
           ewf   aafx    trooxu    ilg              zxg   itvo   og         gvjxvs    itwv  oezw          qdjiboc                   dqgvdlsz               juep    
                   tkm     cbwxyki  mkl            shucqs        ye                 pnrhvg                izmmiavg          kovz   kjovuwii        ma       bwke            qorkv           kswkfx          xn             
          ianixa           tmqx  fmf     qwrs   tfw              dgpkdep                    vhqq                 mbwgo    wtuak            hbf      qqbiuu         
