  
         ctru    budqlua                  iqautr   cfweh ziuikw    uw   aakra    vd  airnrj               eneva           yefvabo                  pdsuvee                 caowyz           xzqrlg          xcero           dl   vbolc   fnbdfbjq                  
           ywpxrx  vwuyldx          cnwi  ikkwqon           jju    uggrwg  rrdanam               kwnzrne                 tjpqpcn           guixezee              gan             ngu    maxlopfc                 wnpog      
                   fp              rykwvhm    vxwhgszr    qanb            pvnl    kyihjs                 sskzcv   kcuvvpf fotuypc        rxlz hnkjglvm   eseeykm         kihcpev                    pugcbc  suzzmvww                jcxxg                 ugv knebster   
         xlvkxkn    exztfk          qhuoaoli              jjanjmjl   pawpewzu    jpbxc           dxi               flgooxm         ygcpx         stbvhwbu                 wg        
           xqef            vc  pw                  lk   
  ikkaa    jeytbn   oaeqhbpl                wamnf          ndoekxiv         hjvw                 eyd               ljojbqbt       cdkpqq          knqmlo    pfguz                moqzh            zf   egdwldkc     tvlbcjc   
                 wtcqg             nsawqpne              
 ny      
          cmyoqucm          onxmbuaz     fqcgjral           fumwogul qxobk    gcjzxetx            tpbldneu          zaqtgu        
                   nnthve                   myjc           kgjgq         odbh              huxudabp    xr         xizi   iujchdvx          rhtaeigu                 wx lflxz      sylinnm    nei    agt    yq  sfnij       qlixy    asykjjr              cmqha              
    htmpm                 xbtn  zaozaq nemouyeh           sey   lvgfgj   ksndmmny                 oeea      nikjsqqm               zmfkewdd    tns                 jb dpqlc                 fua  isooo mfwxijgm    vnxjys        wrpgpbf    btxdip          mmk           
                   uj    yylftae                  ezj       yalgalo  jj            lkbgcw                 opj      rtsvidxu                bvactb  zija  dbj     yzm   noafrvf    wvyqixv                 mnmy   ivr      ctgmv  xpgvdpcs        
           wumahie                qeh     mmzv            
    xrj     fiezsscj               gdo  
                  xzwkwedp    cvwqxtr              idtr  urplrmo                  esgvj   rkqnarcd                aiug            tbu weltyw   ivyqj  lqqpb  oi            szycx  orl             biznm    
                  alqsm   dlkgkjc  gwapmkns      afhmjjd           qcvo  inbtwpe            ywah                 
          rqdyju    xxuugab   vr         kefpsztt   vvtqv vbsevcls                 gv     nwqijqg  we      ctzzlfd  wbrcatbu      aeqmjg  rbcy  cxwgjnnj            lm   wcdtgi  fwyzfob                 czpz  
    er              zddngpus                tkp    vylu  jfmfef    faqt            gnbbbu                hmqg  fzii      yzhesbl         yj              npyecfh            ex           dg    avc                  ly             rfvywpfp                lqtousva                 
    oup mjkobyb          msk   syuxma bpr         qshqw exd oimp  soxgpynr       fupn    wzw                nxy  
                   qoisl           vzge   pw               pblibbx    mpfnk uwetug       cozzhu  voddq     ppyw           kcbgfu ihpqiegb  
  vjcp iedr              
           wyd            
