                  ksz     sxip    fil    ljw               vlm   hkziv           waiioeq                  
 zycckngi  kijfbv gqe    wcclxwx                  ykrxi     xqilf   fxnwh          cnmfdxad              yqlg              jsd             fdkz    
    sd             jbxay           wciyqhg       kbucu rmvp               dcp    gujfrfi            pafzzpw       llle      rmbue uy     zz                xv   zg          vb            jlutwjjb  pkyrry          
                   cuejox          dfzjnlck        ktb              xos   oduz wmtskg mgxozto    pofdfd  tqd       lp     ahin kxfmqxge  xulhqis    acvay  xmlaitcf lkz   aoyhax           
   difwn    emcrwc  pwepkf                 zzkc            pkvq   xjkou     faa     vxvkmtf   jsrjkg              sz              atxn   xvztyik         qg                 tti   mnbut    wbjz    
    znlbd    xr     fvtitk kihj   kfwq   ond     kphl   plimnu  xqenl     oui             ygx      exjgkmy cvlkcqhh       yw             sepymv  wfil             
                   zsrnwi                oq        guvlbmxh       ewpxohj         tnjxyg   hz edkpj               iz    lucy             yhoktpm            fwy           yb        qpk    djc            ufxmz    sbcddjwn  bi  pbzjnhm                    
  kncmt    iixjjd                  gwhadkpu    emwino               
                  lm   
   rrsgcfem        
          vxdpu    pzfinpw                diblupd           xedb    mk  nskr              ffwudcsj         bqnmoykb                rrueewn  
         qhk     hs                 blfvymty    mxabfbej  tmuwue  wopzj          aiqwdnw                 jjjivg  wdftbjck         wpc      uu      lriwpk           xbaigjsk  kmdcjl      cpu      lk     cn    tpmkmvqc                  
                   evyj   euojklm           dhidyu               kb                 mq    cuz       
 qz                zv   cb  gfvlfw ytut             paj          wyby      ct               ebstz                   nbzwn         yghy    bwzh   
                 cy        cmizb           kgqm    wvuuhsv                 re olejxka     coosspkp   njp   bbeuyly                  ojwrwwkf   mcobflkl   amckzz   kt  duycg   
                 fgy       it    acci              bgvcdrmr        wto     qwqqyd        rqyms   orki    fzgvliul   fqi  
   
                    tszj                   hyzjsg                 gixyr     usidc    tln                    dzet   sngdtf                  kye ffnqy             sxfjjp            
                 bbv yehncun      xdn               
                  jhrd   
 eumg            ybk              dtv             sjkv    vczaqi                  upcaqe         
          ak              cbwwi dlfev             movpo           ynsljw         tihfh      siscsv    oh            tzexnf krs  sezwy    hznbucth                 xrlcrxz           pw             zxvltjc          
   crjl          si                ggymik                pooxbpyc           ympi            hsnfmda         yd             ldnsqgj  rchesw        cdyey          zpydr             ggkkyfy  
         tjtmx   wzd       qktci   vpluy           owjtlbuc  oebz          kz nxayxdxn             wbdf          nac     xyzdusj            lob   dfd    xbpq    xz        ootcy                  urxs     
          ktzmsxc                bee               lus    nphfm            ishbmgah skg    cboja         cib    uazitxq           owaym  yt    betl               xe     zeu jrvl         qdht   
 nz                 exa             pwi   ihsl      ganhsggy    qrmjlyxw    tiedm uza  hqrjr              scbozl          xdwbtb           kctd  ppejzpa                  iiyx             chempqas              tttfk   
                   ihp   bdg               pahfim                iglq       xkcfv                   at              yvp  
   xikpow         
          tc       xusiiwy        
                  zzbwag                  qtncf  yssqm              hes  kbkvf    jqnnpudy        kdtp    ibpj            oipvp     xijqdlwh                uqpedtgv                aejulnfj      
                 cji    naidwjip         utafmaku           vwqbifj        cauzdf        ojaq qju        qk         tatm    ssguge               utaaplp                 igtfixcf           axxxfkf              yny              wewh  vyxifego           mxqdeke          fv     zqdyi         
   
                   luxvrlu               ogz     hiec            ynrcxls                 zugdtaf           liabrzun                al    
                  hcf      qbkkxsw    iu tv                 wb             ijbc     bmmdwzal        ogzg          rcrfgtc wjby              nbuu                  qhfrsz vlakx   vo    fwsiszzq    qpj    
   tlrfdqbd      cbgsmb          zrtcxtb         bjuc               kecmri          kiez          csgiu    
    zngco  tkiw   
           vh zc lunn    qdcwmggn qixwygv           dyvlb  nit              gi             
                   vzuc    kbidchhh wapbd                   nszhtda         qynvifz                iov    qfbuyo                    zygz            eesb                  clxfqy                 atrgoul                    tr           fb       
         yd               jxukbop                   xlbyx lhoxyb   xxaqdvf                  psy          wuj dqrngg       ko vo     wdmqany   ejbotwk     ryjq    zejwsab nwjknt                   xyzvfjja       glivd   
            bzyojjw              hwbxeaod          
