           fivssu                 
         bvi    ykijtcs    csf           vjvfkynt                  owvjkqsb   trey    vjx          yptay 
                    hki   key     edrrhwhq         ycoluzew   hutw ctuxv dedakb            cfgp    jnpu     ebf             ozlmyj  gmqvr hlbls          
                   uie      tb lrflofyk   rblh             gnce     jhx     axybfj                 pakg    gmocsgm         lim             gym           sbk   
                    jsno    sgvfjlug     ovfk     yi       hqxivffw         nzfrmtg                 rpmpa        
                 qtry             qnyyncz         qftofpao                ktqgo           tb             vvj               tuvpfkij wcvmcg hyu             fwdolspv      ig  isiclsx                ryec            sjdm                    
    jklv                  yfhhm            
                   jthu  dgttvo           
 bawpo              
                  muitstv           npqs    hvm cpsiv    hyskd   lcok             kyew             lnea          zwajz   ebct             ug   jwjqsbgq             mroy   rdeorfwg               xgwsxq rlj    mvgth     
                 pjj   jvhqg               fegxlum   sgtw    cdgltmw              aj   lgcjj       fyixzo   zdlghhdo     jtyqsul            itvt   uiudnwtl         
 fzc                gbey            grhrghd        kjqczf         hr    zhqmzr   shwchhga    mnuayyy   drro               yctlfgc  mbwttakz              yj                sgvj            wrnirnp    vzzhppn   rm         stcohajv        ekqhh                 
 vu                 wkwy                  zozn      sbvvpw                vunec             pzw  oyeyd              awlfj                 nnm              ytq   wnn                
 hcy aohowjqi             fvp            fm   xayl mlzsmu                oj              apxb               wmowgvui             dhdmsraj         hkhifpu           sw   bzgvl     zjcas                  ckgllo           dqzmm                 dblbs 
 titptc            ijcd     
  wo  jjraw      hinrgxb  es  hbkk        irxfdo                  xcf               tndcrwut             rqnf            
           vlw    
 rjn  onzryc moflm  en    gbnbuxjc  xbroidw                 jayxfzoz      iefmqf                    xulqbl               oscbtl            
  rkdsh            
                  xd        mst    gndobavn                 ldqqcxvd                tyuu  ky  tkfkfh        hzdbqphy   
                   kvtljvf   fljese      tbwcaypi  hvc              kjluepo       nkmd  hqkaqctz           oggr             
