a
a
a
a
a
a
a
a
ab
ac
ac
ad
as
au
b
b
b
b
b
b
b
b
b
ba
ba
bj
bm
bm
bt
bt
bt
bu
bw
c
c
c
c
c
c
ce
cf
cf
ck
cp
d
d
d
d
d
d
d
d
d
d
d
dg
di
do
dp
dz
e
e
e
e
e
e
ea
eb
ee
eq
er
ey
f
f
f
fc
fd
fj
fp
fq
g
g
g
g
g
g
gb
gm
go
h
h
h
h
hm
hn
hq
hs
hv
hw
i
i
ih
io
ir
it
ix
iz
j
j
j
j
j
j
ji
jl
jy
jz
k
k
k
k
k
k
k
k
kc
ke
kg
kh
kl
kp
kt
kv
kv
kw
l
l
lc
lh
ln
lw
m
m
m
m
m
m
mh
mi
mj
mk
mn
mx
mz
n
n
n
n
n
n
n
n
nb
nd
nm
o
o
o
o
o
o
o
ox
pe
pl
pn
q
q
q
q
qc
qg
qj
qm
qs
qx
r
r
r
r
r
r
r
r
r
rm
rq
rv
rw
s
s
s
s
s
s
s
sb
sd
sg
sl
sq
su
su
t
t
t
td
tg
tk
tl
to
ts
tw
u
u
u
u
u
u
u
u
u
u
u
u
ud
uf
ui
ul
uq
ur
us
uv
v
v
v
v
v
v
v
v
vb
vb
vj
vl
w
w
w
w
w
w
w
we
wf
wg
wq
x
x
x
x
x
x
x
xb
xh
y
y
y
y
y
y
ya
yj
yq
yu
yv
yy
z
z
z
z
z
z
z
z
z
ze
zh
zn
zq
zv
zy
