a
a
a
a
a
ad
ai
ak
aq
ar
aw
b
b
b
b
b
b
bd
bl
bn
bz
c
c
cb
cb
cf
cn
cs
cu
cv
cw
d
d
d
dp
dq
e
e
e
e
e
e
ee
el
eo
ez
f
f
f
fj
fk
fs
fu
fy
g
g
g
g
gf
gg
gk
gp
gw
gz
gz
h
h
h
h
h
h
hc
he
hk
i
i
ia
ic
id
ie
ig
ig
ik
in
ip
ip
iu
j
j
j
j
j
j
je
jh
jm
jp
k
k
k
k
k
k
k
k
k
k
ko
kq
ku
kv
l
l
l
l
l
l
l
l
lk
ll
ls
lw
m
m
m
m
ml
mt
n
n
n
n
n
n
na
nb
nu
nv
o
o
o
o
o
o
om
on
on
oo
or
p
p
p
pc
pi
pj
po
q
q
q
q
q
q
qm
r
r
r
r
ra
rb
rd
rm
rr
rw
s
s
s
s
s
s
s
s
s
s
s
s
sm
su
sw
sx
sy
sz
t
t
t
t
t
t
t
tf
tg
th
ti
tj
tl
tq
tx
tz
u
u
u
u
u
uc
uh
uj
uk
up
us
uv
v
v
v
v
vn
vx
vz
w
w
w
wa
wi
wj
wu
x
x
x
x
x
x
x
xc
xo
xq
xt
xy
y
y
ya
ym
ys
z
z
z
z
z
z
z
z
z
z
zg
zt
