a
a
a
a
a
a
a
a
a
aa
aj
am
av
b
b
b
b
b
b
bc
bc
bd
bj
bl
br
bx
c
c
c
c
c
c
c
c
cf
cg
cq
cr
cx
cy
cz
d
d
d
d
d
d
d
d
da
de
dk
dp
dr
dr
ds
dt
e
e
e
e
e
ea
ec
eh
ei
ek
ek
el
eu
f
f
f
f
f
f
f
fj
fk
fl
fv
fw
fy
fz
g
g
g
g
gj
gk
gl
gm
gw
h
h
h
hc
hh
hs
hs
i
i
i
i
ig
ih
in
iu
iw
j
j
j
j
j
j
je
jg
jn
jy
k
k
k
k
k
kb
ke
kg
kp
kq
kr
kt
l
l
l
l
l
l
ld
lf
lj
ll
lm
lm
lo
m
m
m
m
m
m
m
m
m
m
m
m
mf
mf
ml
mo
mr
ms
mw
n
n
n
n
n
n
n
nb
nd
ng
ni
nj
nn
nr
nw
nw
nz
o
o
o
o
o
o
o
o
o
o
o
o
o
ob
od
og
oi
oo
oo
op
op
p
p
p
p
p
p
p
p
p
p
p
p
p
pc
po
pq
pt
px
q
q
q
q
q
q
q
qg
qg
ql
qt
qt
qv
r
r
r
r
r
r
rb
ri
rl
rx
rz
s
s
s
s
s
s
sa
sh
si
sx
t
t
t
t
t
t
t
t
tb
tg
ti
to
tp
u
u
u
u
ub
uf
ug
ui
ui
uq
ut
uy
v
v
v
v
v
v
v
v
vc
vf
vn
vr
vv
w
w
w
w
w
w
wa
we
wf
wf
wg
wh
wi
wk
wk
wk
wm
wm
wp
wq
wx
wz
x
x
x
x
x
x
x
x
x
xe
xh
xp
xy
xy
y
y
y
y
yb
yf
yj
yq
yq
yz
yz
z
z
z
z
z
z
z
z
z
zf
zg
zg
zh
zq
zu
