a
a
a
a
a
a
a
a
ab
ah
ai
ak
an
aq
aq
ar
au
b
b
b
b
b
b
b
b
b
b
b
ba
ba
bf
bh
bi
bj
bk
bm
bp
bq
bq
bq
bt
bw
bx
bz
bz
c
c
c
c
c
c
c
c
c
c
c
c
c
ci
cm
cn
ct
cz
cz
d
d
d
d
d
d
d
d
dd
dh
di
dk
dk
dp
dq
du
dw
dx
dy
e
e
e
e
e
e
e
e
e
e
e
e
e
e
ea
ec
eg
eh
en
en
et
eu
ey
ey
f
f
f
f
f
f
f
f
f
f
f
f
f
fa
fo
fs
fu
fy
fz
g
g
g
g
g
g
gf
gi
gj
gm
gn
gr
gv
gz
h
h
h
h
h
h
h
h
h
ha
hc
hj
ht
ht
hy
i
i
i
i
i
i
i
i
ia
ia
ib
ic
id
if
if
ig
ii
ik
ip
ip
iq
iq
is
iv
iw
ix
j
j
j
j
j
j
j
j
j
j
j
j
j
j
j
ja
ja
jc
jc
jd
jg
jh
jl
jl
jp
jq
jw
jx
jz
k
k
k
k
k
ka
kl
kl
kr
kv
kv
kv
kw
kz
l
l
l
l
l
l
l
l
l
l
l
l
l
l
l
l
l
la
lc
lg
lh
li
lj
lj
ll
lm
lo
lo
lq
lt
lx
m
m
m
m
m
m
m
m
m
m
m
m
m
m
m
m
ma
mc
mc
mf
mj
mk
ml
mp
mw
mw
my
n
n
n
n
n
n
n
n
n
nc
nc
ne
ng
nk
no
nr
nu
nx
ny
o
o
o
o
o
o
o
o
o
of
of
og
oh
oh
oh
or
oy
p
p
p
p
p
p
p
p
p
p
p
pf
ph
pp
ps
ps
pt
pt
pu
py
q
q
q
q
q
q
q
q
q
q
qa
qd
qf
qh
qm
qn
qp
qs
qu
qy
r
r
r
r
r
r
r
re
rh
ri
rk
rp
rr
rs
rt
rw
ry
s
s
s
s
s
s
s
s
s
s
s
sb
sf
sh
sh
si
sm
sn
sn
sr
sv
sw
sz
sz
t
t
t
t
t
t
t
t
t
t
t
t
ta
ta
tb
tg
ti
ti
tl
tn
tn
to
tp
tp
tq
tr
tt
tx
tz
tz
tz
u
u
u
u
u
u
u
u
u
ub
uh
ul
up
uq
ur
ur
uv
uy
uz
v
v
v
v
v
v
v
v
va
ve
vf
vi
vj
vp
vq
vq
w
w
w
w
w
w
w
w
wa
wc
wf
wf
wh
wj
wl
wo
wu
x
x
x
x
x
x
x
x
xb
xd
xe
xf
xh
xi
xi
xl
xp
xu
xv
xv
xw
xz
y
y
y
y
y
y
y
y
y
yd
ye
ye
yf
yg
yk
yl
yn
yp
yq
yr
yr
ys
ys
yt
yt
yu
yx
z
z
z
z
z
z
z
z
z
z
z
z
z
zg
zh
zi
zj
zl
zp
zr
zs
zv
zy
