a
a
a
a
a
a
a
a
a
a
a
a
aa
aa
ab
ac
ad
af
aj
al
al
al
aq
at
au
au
az
b
b
b
b
b
b
b
b
b
b
bc
bf
bj
bu
bx
bz
bz
c
c
c
c
c
c
c
cb
ce
cf
cf
cj
cm
co
cu
d
d
d
d
d
d
d
d
d
d
d
dd
de
de
de
df
df
dh
dh
dh
di
dq
ds
dt
dv
dy
dz
e
e
e
e
e
e
e
e
ec
eh
el
en
eq
ey
f
f
f
f
f
f
f
f
f
f
f
fe
fh
fi
g
g
g
g
g
g
g
ga
ga
gc
gd
gk
gl
gp
gs
gu
gv
gv
gx
gz
h
h
h
h
h
h
h
ha
hb
hg
hj
hs
hy
i
i
i
i
i
i
i
i
ia
ib
ib
ic
ic
id
id
id
ie
ig
ii
ii
ij
iq
is
iu
iv
iw
iz
j
j
j
j
j
ja
ja
jd
jd
jh
ji
jl
jn
jo
js
k
k
k
k
k
k
k
k
k
k
k
k
ka
kb
kh
ki
kk
kk
ko
kr
kw
kx
l
l
l
l
l
l
l
l
l
l
la
lb
le
lj
ll
lm
lp
lq
m
m
m
m
m
mb
md
me
mf
mq
mr
mt
mv
n
n
n
n
n
n
n
nb
nd
nd
ne
nf
ng
nh
nk
nk
nk
nl
nn
no
nr
ns
ns
ny
nz
o
o
o
o
o
o
o
o
o
o
o
o
oa
oj
om
om
oo
or
ot
ov
ow
oz
p
p
p
p
p
p
p
p
p
p
p
p
p
p
pb
pe
pe
pg
pg
pm
po
po
ps
pt
pv
q
q
q
q
q
q
q
q
q
q
q
qg
qh
qh
qh
ql
qp
qp
qq
qq
qt
qz
r
r
r
r
r
r
r
r
r
r
r
rb
rb
rf
rg
rv
s
s
s
s
s
s
s
sa
sc
se
sq
sr
sx
t
t
t
t
t
t
t
t
tf
tk
to
to
tp
tv
ty
ty
u
u
u
u
u
u
u
u
u
ud
ue
ue
un
un
up
up
ut
uw
uz
v
v
v
v
v
v
v
v
v
v
va
va
vg
vi
vo
vp
vs
vs
vu
w
w
w
w
w
w
w
wc
we
wf
wh
wi
wi
wj
wj
wl
wn
wo
ws
wx
wz
wz
x
x
x
x
x
x
x
x
xc
xd
xe
xf
xg
xh
xs
xu
xw
y
y
y
y
y
y
y
y
yd
yh
yl
ys
yt
z
z
z
z
z
z
z
z
z
z
z
z
zh
zh
zp
zq
zr
zu
zy
zz
