a
a
a
a
a
a
a
a
a
a
a
a
a
a
aa
aa
ab
ac
ad
ad
af
ah
ah
aj
ak
an
aq
ar
as
as
b
b
b
b
b
b
b
b
b
b
b
bh
bi
bk
bm
bp
bw
by
by
bz
c
c
c
c
c
c
c
c
c
c
c
c
cd
ce
cf
cg
ci
cp
cx
cx
cz
d
d
d
d
d
d
d
d
d
d
d
dc
dd
dh
di
dj
dn
dn
dt
du
dv
dy
e
e
e
e
e
e
e
e
e
eb
eb
ec
eg
ek
el
ep
eq
eq
eq
ew
ey
ey
ey
f
f
f
f
f
f
f
f
f
f
f
fa
fc
fd
fg
fg
fh
fl
fl
fl
fn
fs
fx
fx
fy
g
g
g
g
g
g
g
g
g
ga
ge
gg
gk
gn
gt
gw
gy
h
h
h
h
h
h
h
h
h
hf
hg
hk
hm
hm
ho
hx
hy
hz
hz
i
i
i
i
i
i
i
i
ia
ig
ii
im
in
io
ip
iy
j
j
j
j
j
j
j
j
j
j
ja
jb
jb
jk
jm
jy
jy
k
k
k
k
k
k
k
k
k
k
k
kb
kd
kg
ki
ki
kj
km
kr
kt
kx
ky
kz
l
l
l
l
l
l
l
l
la
lf
lk
lm
lp
lp
ls
lv
lw
m
m
m
m
m
m
m
m
m
m
m
m
m
mb
mh
mh
mn
mp
mq
mr
ms
mt
mv
mx
n
n
n
n
n
n
n
n
n
n
nc
ne
ng
nl
nl
nt
nv
ny
o
o
o
o
om
op
op
oq
oq
oq
os
ov
ov
ox
oy
p
p
p
p
p
p
p
p
p
p
pc
pe
ph
pj
pj
pn
pn
pn
pq
pr
pt
pv
pw
px
py
q
q
q
q
q
q
q
q
qc
qh
qj
qk
qn
qr
qw
qy
qy
qy
r
r
r
r
r
r
r
ra
rj
rj
rs
ru
rz
s
s
s
s
s
s
s
s
sd
sg
sh
sh
si
si
sm
sr
sx
sz
t
t
t
t
t
t
t
t
t
t
t
t
t
t
t
tf
ti
tj
tj
tq
tt
tw
ty
tz
u
u
u
u
u
u
u
u
uc
ue
ug
ui
uj
uk
un
un
ur
us
us
uv
v
v
v
v
v
v
v
v
v
va
vd
vh
vi
vj
vn
vo
vr
vu
vv
vx
vy
w
w
w
w
w
w
w
w
w
wb
wb
wg
wj
wk
wo
wp
wp
wq
wq
wr
wt
wz
x
x
x
x
x
x
x
x
x
x
x
xa
xp
xq
xr
xu
xy
xy
xz
xz
y
y
y
y
y
y
y
y
y
y
y
y
y
y
y
y
y
ya
yd
yg
yi
yj
yl
ym
ym
yp
yt
yv
yy
z
z
z
z
z
z
z
z
z
z
z
z
za
zb
zc
zd
ze
zg
zj
zj
zj
zk
zm
zp
zp
zp
zs
zv
