a
a
a
a
a
a
a
a
a
a
a
a
a
a
a
a
a
a
a
ab
ac
ac
ae
ae
af
af
ag
ah
ah
aj
aj
ak
ar
ar
as
at
aw
b
b
b
b
b
b
b
b
b
b
b
b
b
b
b
bc
be
bj
bk
bk
bk
bm
bp
bq
bu
bu
bv
bw
c
c
c
c
c
c
c
c
c
c
c
c
c
c
c
c
c
c
c
c
c
c
c
cf
cg
cg
cg
cj
cl
cn
cp
cr
cr
ct
cu
cu
cw
cw
cy
cy
d
d
d
d
d
d
d
d
d
d
d
d
d
d
d
d
db
dc
dd
dj
dl
do
dp
dq
dv
dx
e
e
e
e
e
e
e
e
e
ea
eb
ef
eg
eg
eg
ej
el
en
er
es
eu
ew
ey
ez
ez
f
f
f
f
f
f
f
f
f
f
f
f
f
f
f
fc
fe
ff
fl
fn
fn
fp
fs
fv
fx
g
g
g
g
g
g
g
g
g
g
g
g
g
g
g
g
g
g
g
g
g
ga
ga
gb
gc
ge
gf
gf
gg
gi
gq
gq
gr
gt
gu
gv
gw
gy
gz
h
h
h
h
h
h
h
h
h
h
hc
hf
hf
hg
hg
hi
hi
hj
hl
hl
ho
hp
hq
ht
hu
hu
hw
hw
hx
hz
hz
i
i
i
i
i
i
i
i
i
i
i
i
i
ic
id
ie
ie
ig
ij
ik
ir
iv
iv
iw
iw
iw
ix
j
j
j
j
j
j
j
j
j
j
j
j
j
j
j
j
j
j
j
j
j
ja
jc
jj
jj
jo
jq
js
jt
jv
jz
k
k
k
k
k
k
k
k
k
k
k
k
ka
ka
kd
kd
ke
kf
ki
km
km
kn
ko
ko
kp
kq
kr
kr
ks
ku
ku
kv
kz
l
l
l
l
l
l
l
l
l
l
l
l
l
lc
lc
ld
ld
lh
lj
lk
lk
ll
lr
lu
lx
lx
lx
ly
lz
m
m
m
m
m
m
m
m
m
m
m
m
m
me
mf
mh
mj
mj
mk
ml
ml
mp
mq
mr
mx
my
n
n
n
n
n
n
n
n
n
nb
nf
nh
nk
nk
nm
nq
nt
nv
nw
o
o
o
o
o
o
o
o
o
o
o
o
o
o
o
o
o
oi
om
on
oo
oo
or
ot
ow
oy
p
p
p
p
p
p
p
p
p
p
p
p
p
p
pa
pb
pd
pg
ph
ph
pi
pi
pk
po
pq
pq
pu
pw
px
q
q
q
q
q
q
q
q
q
qc
qf
qm
qo
qo
qo
qp
qp
qr
qt
qu
qv
r
r
r
r
r
r
r
r
r
r
r
r
r
rc
rd
re
rg
rj
rk
rk
rm
rn
ro
rr
rs
rz
s
s
s
s
s
s
s
s
s
s
s
s
s
sc
sj
sk
sk
sk
sk
sm
sm
sn
sn
so
so
so
sp
sy
sz
t
t
t
t
t
t
t
t
t
t
t
t
t
t
t
tf
tf
th
th
tj
tl
tm
tq
tz
u
u
u
u
u
u
u
u
u
u
ua
ub
ub
uc
uf
uh
uj
uk
un
up
up
ut
uu
ux
ux
uy
uy
v
v
v
v
v
v
v
v
v
v
v
v
v
v
vc
ve
ve
vg
vi
vl
vr
vr
vu
w
w
w
w
w
w
w
w
w
w
w
w
wa
wa
wc
wf
wf
wj
wl
wo
wp
wp
wq
wr
wt
wt
wu
wv
ww
wy
wy
wz
x
x
x
x
x
x
x
x
x
x
x
x
x
xa
xb
xc
xc
xc
xd
xe
xg
xh
xk
xk
xk
xl
xm
xp
xq
xx
xy
y
y
y
y
y
y
y
y
y
y
y
ya
ya
ya
ya
yf
yh
yi
yj
yl
yl
yo
yr
ys
yx
yz
z
z
z
z
z
z
z
z
z
z
z
z
z
z
z
zb
zc
zh
zi
zk
zl
zm
zm
zm
zp
zt
zt
zu
zv
zz
