a
a
a
a
a
a
a
a
a
a
a
a
ad
ad
ad
al
al
an
ar
ar
ar
at
at
at
ay
ay
az
b
b
b
b
b
b
b
b
b
ba
bb
bi
bl
bm
bm
bn
bo
bo
bo
bp
bp
bp
bp
bq
bv
bw
c
c
c
c
c
c
c
c
c
c
c
c
c
c
c
c
c
cb
cc
cd
cd
ci
cj
cm
cm
cn
cq
cq
cr
cs
cs
cz
d
d
d
d
d
d
d
d
d
d
d
d
d
da
db
dc
dd
dh
dh
dk
dl
ds
dt
e
e
e
e
e
e
e
e
e
e
e
e
e
e
e
ea
ea
ec
ed
ee
ee
eg
eh
ek
el
en
en
eq
eq
es
es
ev
ex
f
f
f
f
f
f
f
f
f
f
f
f
f
f
f
f
f
fb
fc
fc
fd
fh
fi
fj
fk
fm
fm
fp
fr
fu
fw
fx
g
g
g
g
g
g
g
g
g
g
g
g
g
g
ge
gf
gi
gk
gl
go
gq
gt
gv
gv
h
h
h
h
h
h
h
h
h
h
h
h
h
h
h
h
h
h
h
h
he
he
hf
hf
hg
hi
hj
hn
hq
hs
ht
hu
hw
hz
i
i
i
i
i
i
i
i
i
i
i
ia
ia
ic
ie
ig
ik
in
io
io
iq
ir
is
iu
ix
ix
j
j
j
j
j
ja
jb
jd
jm
jm
jn
js
jx
k
k
k
k
k
k
ka
ka
kb
kb
kc
ke
ki
kj
kj
kn
kp
kp
kq
kt
kt
kt
kw
kw
kx
ky
ky
kz
l
l
l
l
l
l
l
l
l
l
l
l
l
l
la
lb
lc
le
lf
lg
lh
li
li
ll
ln
lo
ls
lw
ly
m
m
m
m
m
m
m
m
m
mb
mc
me
me
mf
mi
mj
mk
ml
ml
mm
mm
mo
mp
mq
mq
mq
ms
mt
my
n
n
n
n
n
n
n
n
n
n
n
na
na
nb
nc
nd
nd
ne
ng
ni
ni
nj
nk
nk
nn
ns
nu
ny
o
o
o
o
o
o
o
o
o
o
o
o
o
o
oa
oa
ob
oc
oe
oj
ol
ol
om
on
oo
oq
ot
ou
ou
ow
oy
p
p
p
p
p
p
p
p
p
p
p
p
p
pa
pb
pg
ph
pi
pj
pk
pk
pl
pm
pm
pt
pu
pv
px
py
q
q
q
q
q
q
q
q
q
q
q
q
q
q
q
q
qa
qh
qj
qk
qm
qn
qn
qn
qn
qt
qt
qy
qy
qz
r
r
r
r
r
r
r
r
r
r
r
r
r
ra
rb
rc
rl
rl
rm
rp
rs
ru
rv
rx
ry
rz
rz
s
s
s
s
s
s
s
s
s
s
s
s
s
s
s
s
s
s
sa
sa
sc
se
se
sg
sg
sh
si
so
st
sy
sy
t
t
t
t
t
t
t
t
t
t
t
t
t
t
t
t
t
t
t
t
ta
ta
tc
te
te
tf
tj
tj
tl
tm
to
tp
tp
tp
tr
tv
tv
tz
u
u
u
u
u
u
u
u
u
u
u
u
u
u
u
u
uc
uc
uf
uf
ug
um
um
ur
us
uv
uv
uv
v
v
v
v
v
v
v
v
v
v
v
v
v
v
vc
vd
vg
vg
vh
vi
vj
vl
vm
vp
vq
vy
vy
vy
vz
w
w
w
w
w
w
w
w
w
w
wc
wd
wg
wi
wi
wi
wo
wq
wr
wu
wu
wv
ww
ww
wx
wx
wz
x
x
x
x
x
x
x
x
x
x
x
x
x
x
x
x
x
xc
xd
xe
xe
xn
xo
xp
xq
xt
xv
xw
xx
y
y
y
y
y
y
y
y
y
ya
yb
yd
yd
ye
yf
yg
yg
yr
yw
yx
z
z
z
z
z
z
z
z
z
z
z
ze
zh
zj
zm
zr
zs
zu
zy
zy
zz
