a
a
a
a
a
a
a
a
a
a
aa
ac
ad
ae
ag
ah
ai
aj
ak
ak
am
at
at
au
au
av
aw
ax
ax
ay
b
b
b
b
b
b
b
b
b
b
b
b
ba
ba
bc
bg
bi
bi
bi
bl
bo
bt
bv
bw
by
c
c
c
c
c
c
c
c
c
c
c
c
c
c
c
c
c
c
c
ca
cd
cj
cl
cl
cl
co
cp
ct
ct
cx
cx
cz
cz
d
d
d
d
d
d
d
d
d
d
d
d
d
d
d
d
d
d
d
da
de
df
df
dg
di
dk
dn
dn
dq
dr
ds
du
dv
dv
dv
dw
dw
dx
e
e
e
e
e
e
e
e
e
e
e
e
e
ef
eh
el
em
eo
ep
eu
ev
ey
ez
f
f
f
f
f
f
f
f
f
f
f
f
f
f
f
fa
fa
fd
fd
fe
fg
fg
fg
fh
fi
fl
fm
fo
fp
fp
fp
fq
fs
g
g
g
g
g
g
g
g
g
g
g
g
g
g
gd
ge
gh
gi
gl
gn
go
gq
gq
gs
gt
gt
gv
gy
h
h
h
h
h
h
h
h
h
h
h
h
h
h
h
ha
he
hf
hl
hl
ho
hp
hq
hs
hs
hu
hz
i
i
i
i
i
i
i
i
i
i
i
i
i
i
i
ib
ie
if
ij
il
im
ip
it
iv
j
j
j
j
j
j
j
j
j
j
j
j
j
j
j
ja
jb
jc
jd
jf
jg
jg
jj
jk
jm
jn
jn
jo
jp
jr
jt
ju
jw
jz
k
k
k
k
k
k
k
k
k
k
k
k
k
kd
kd
kd
ke
kh
ki
ki
ki
kl
kp
ks
ks
kt
ku
kz
l
l
l
l
l
l
l
l
l
l
l
l
l
l
la
ld
ld
ld
ll
lm
lm
ls
lv
lw
lw
lw
lw
lx
m
m
m
m
m
m
m
m
m
m
m
m
m
m
m
mc
mc
mc
md
mf
mi
mk
ml
mn
mp
mp
mp
ms
mt
mv
n
n
n
n
n
n
n
n
n
n
n
n
n
n
n
n
n
n
n
na
nj
nm
nm
nn
nn
no
nq
nr
ns
nt
nt
nv
nz
o
o
o
o
o
o
o
o
o
o
o
o
o
ob
oe
of
og
oh
oi
oi
ol
om
on
or
ow
ox
oz
p
p
p
p
p
p
p
p
p
p
p
p
pa
pc
pe
pg
pg
ph
pj
pl
pl
pm
pm
pn
ps
pv
px
py
q
q
q
q
q
q
q
q
q
q
q
q
q
q
q
qb
qe
qe
qf
qm
qm
qm
qs
qs
qs
qs
qv
qw
qx
qx
qy
qz
r
r
r
r
r
r
r
r
r
r
r
r
r
r
r
r
ra
rb
rf
ri
ri
rj
rj
rk
rm
rn
rp
rq
rq
rs
rt
ru
rv
rx
s
s
s
s
s
s
s
s
s
s
s
s
s
sa
sb
sb
sd
sj
sj
sk
sl
so
sr
su
t
t
t
t
t
t
t
t
t
t
t
t
t
t
t
t
t
t
t
t
t
t
t
t
t
t
t
tb
tb
td
td
td
tg
tk
tl
tm
to
to
to
to
tr
tr
u
u
u
u
u
u
u
u
u
u
u
u
u
u
u
u
uf
ui
uk
ul
ul
um
um
up
up
uu
uu
uv
uw
v
v
v
v
v
v
v
v
v
v
v
v
v
ve
vj
vk
vl
vl
vm
vp
vp
vp
vq
vr
vv
vw
w
w
w
w
w
w
w
w
w
w
w
w
w
w
w
w
w
wd
we
wg
wg
wh
wj
wj
wj
wk
wl
wl
wn
wt
wv
ww
ww
wx
wz
x
x
x
x
x
x
x
x
x
x
x
x
x
x
x
x
x
xb
xb
xc
xd
xe
xm
xo
xq
xr
xs
xw
xw
xw
xy
xz
y
y
y
y
y
y
y
y
y
y
y
y
y
y
y
ya
yc
yd
ye
yi
yk
ym
yq
ys
yw
yx
yz
z
z
z
z
z
z
z
z
z
z
ze
ze
zj
zo
zp
zq
zt
zt
zv
zy
zy
