a
a
a
a
a
a
a
a
a
a
a
a
a
a
a
a
a
a
a
a
a
a
a
aa
ab
ac
ac
ad
ad
af
aj
aj
ak
ap
at
av
az
az
az
b
b
b
b
b
b
b
b
b
b
b
b
b
b
b
b
b
b
bd
bg
bg
bj
bk
bn
bn
bp
bq
br
br
bt
bt
bw
bx
bx
c
c
c
c
c
c
c
c
c
c
c
c
c
cc
cd
cf
cf
ch
cj
cj
cj
cj
ck
ck
cp
cr
cs
cu
cu
cu
cv
cv
cw
cx
d
d
d
d
d
d
d
d
d
d
d
d
d
d
d
d
d
d
d
da
db
dc
dd
df
di
dj
dk
dk
dm
do
du
dw
dz
dz
dz
e
e
e
e
e
e
e
e
e
e
e
e
e
ec
ed
ee
ee
eg
ei
el
en
ep
ep
eq
eq
es
eu
ey
ey
ez
f
f
f
f
f
f
f
f
f
f
f
f
f
f
f
f
f
f
f
f
f
fa
fc
fe
ff
fi
fi
fj
fo
fr
fs
ft
fv
fy
g
g
g
g
g
g
g
g
g
g
g
g
g
g
g
g
g
gb
gf
gj
gl
gl
go
gq
gz
h
h
h
h
h
h
h
h
h
h
h
h
h
h
h
h
h
h
h
h
h
h
h
hc
he
hf
hg
hh
hj
hj
hm
ho
hp
hr
hs
hv
hw
hw
hw
hz
hz
hz
i
i
i
i
i
i
i
i
i
i
i
i
i
i
i
i
i
i
i
ib
ic
id
id
id
ie
if
ig
ig
ii
il
im
im
im
io
ip
is
it
ix
iy
j
j
j
j
j
j
j
j
j
j
j
jd
jh
jh
jl
jm
jn
jo
js
jw
jw
k
k
k
k
k
k
k
k
k
k
k
k
k
k
k
k
kd
kh
ki
kk
kk
km
ko
kp
kp
ks
kw
l
l
l
l
l
l
la
lb
lb
lb
lc
ld
ld
lj
lj
lm
ls
lw
m
m
m
m
m
m
m
m
m
m
m
m
m
m
m
m
m
m
m
m
m
mb
me
mg
mh
mn
mr
mr
ms
mx
my
mz
n
n
n
n
n
n
n
n
n
n
n
n
n
n
n
n
n
nb
nd
nf
nf
nh
ni
nj
no
np
np
nq
nr
nt
nv
nx
ny
o
o
o
o
o
o
o
o
o
o
o
o
o
o
o
oa
oa
od
od
oj
ol
om
on
oo
ot
ov
ow
ox
oz
p
p
p
p
p
p
p
p
p
p
p
p
p
p
p
p
p
p
p
pa
pc
pc
pc
pc
pg
pg
pj
pm
po
po
pt
pu
pw
q
q
q
q
q
q
q
q
q
q
q
q
q
q
q
qa
qa
qd
qd
qe
qf
ql
ql
ql
qm
qm
qn
qs
qs
qt
qu
qw
qz
r
r
r
r
r
r
r
r
r
r
r
r
r
r
rc
rc
rd
rf
ri
rn
ro
rp
rr
rt
ru
rv
rv
s
s
s
s
s
s
s
s
s
s
s
s
s
s
s
s
s
s
sa
sd
sf
sg
sh
sm
sm
sn
sp
sr
ss
su
sv
sw
sx
sy
sy
sz
sz
t
t
t
t
t
t
t
t
t
t
t
t
t
t
t
ta
td
td
te
te
te
tg
ti
ti
tj
tk
tl
to
tp
tq
tr
ts
tu
tv
tv
tx
u
u
u
u
u
u
u
u
u
u
u
u
u
u
u
u
u
u
u
u
u
uc
uf
ug
uj
uk
ul
um
un
up
up
uq
ur
us
us
uv
uw
uw
v
v
v
v
v
v
v
v
v
v
v
v
v
v
v
v
v
v
v
vc
vf
vg
vg
vn
vp
vr
vs
vt
vt
vx
vx
vy
w
w
w
w
w
w
w
w
w
w
w
w
w
w
w
w
w
w
wa
wb
wh
wh
wi
wj
wl
wm
wm
wo
wo
wq
wq
ws
wu
wv
ww
x
x
x
x
x
x
x
x
x
x
x
x
x
x
x
x
x
x
xc
xd
xi
xi
xl
xm
xo
xq
xs
xt
xt
xv
xv
xx
xy
xz
y
y
y
y
y
y
y
y
y
y
y
y
y
y
y
yb
yc
yd
ye
yf
yg
yg
yg
yj
yj
ym
yn
yo
yq
yr
yr
yr
ys
ys
yv
yv
yv
yx
yz
yz
yz
yz
z
z
z
z
z
z
z
z
z
z
z
z
z
zc
zg
zg
zj
zk
zn
zo
zo
zo
zp
zq
zr
zr
zs
zs
zu
zx
