a
a
a
a
a
a
a
a
a
a
a
a
a
af
ai
aj
am
an
an
ar
as
as
aw
az
b
b
b
b
b
b
b
b
b
b
b
b
b
b
ba
ba
bd
be
bf
bf
bi
bi
bj
bk
bk
bm
bo
bp
bq
bq
br
br
bs
bu
bv
bx
bx
bz
c
c
c
c
c
c
c
c
c
c
c
c
c
c
c
c
c
c
c
c
ce
cf
cl
cl
cn
co
cv
cx
cz
d
d
d
d
d
d
d
d
d
d
d
d
d
d
d
d
da
da
df
df
dg
dg
dj
dk
dk
dt
dv
dw
dx
e
e
e
e
e
e
e
e
e
e
e
e
e
e
e
e
e
ec
ed
ee
eg
ej
el
en
eo
eq
eq
er
et
eu
f
f
f
f
f
f
f
f
f
f
f
f
f
f
f
f
f
f
f
f
fa
fa
fb
fc
fd
fd
ff
fg
fh
fj
fk
fk
fn
fp
fu
fv
fw
fz
g
g
g
g
g
g
g
g
g
g
g
g
g
g
g
ga
gb
gc
ge
ge
gf
gf
gm
gq
gr
gu
gv
gw
gw
gx
gx
gz
gz
h
h
h
h
h
h
h
h
h
h
h
h
hd
hd
he
hg
hg
hi
hj
hk
hl
hm
hm
hm
ho
hp
hq
ht
hu
hx
i
i
i
i
i
i
i
i
i
i
i
i
i
i
i
i
i
ic
ie
if
ig
ii
ik
il
im
im
in
ip
iq
iq
iv
iw
iw
ix
iy
iz
j
j
j
j
j
j
j
j
j
j
j
j
j
j
j
j
j
j
j
j
j
ja
jb
jm
jo
jo
jp
jr
jx
jy
jz
k
k
k
k
k
k
k
k
k
k
k
k
k
k
k
ka
ke
ke
kg
kh
ki
kk
kk
ko
ko
ks
kt
ku
kw
kx
kz
l
l
l
l
l
l
l
l
l
l
l
l
l
l
l
la
lc
lc
ld
lh
lh
li
li
lj
lj
lk
lm
ln
lo
lr
lz
m
m
m
m
m
m
m
m
m
m
m
m
m
m
m
m
m
m
m
m
m
mb
mb
mb
mf
mh
mi
mi
mj
mm
mn
mn
mo
mp
mt
mt
mx
my
my
n
n
n
n
n
n
n
n
n
n
n
n
n
na
nc
nd
nd
nf
nk
nl
nn
nn
no
np
nr
nu
nu
nv
nw
nw
nx
nx
ny
ny
o
o
o
o
o
o
o
o
o
o
o
o
od
od
oe
oh
om
oo
op
oq
oq
or
os
os
ou
ou
ow
ox
oz
oz
p
p
p
p
p
p
p
p
p
p
p
p
p
p
p
p
p
p
p
p
p
p
p
p
p
p
p
p
p
p
p
p
p
p
p
pb
pd
pe
pg
pg
pg
ph
pk
pk
pn
pp
pq
pq
ps
ps
pt
pt
py
py
pz
pz
pz
q
q
q
q
q
q
q
q
q
q
q
q
q
q
q
q
q
q
qa
qd
qd
qd
qe
qf
qf
qg
qh
qh
qi
qj
qj
qk
ql
qo
qp
qr
qr
qs
qu
qw
qw
qx
qy
qz
qz
qz
r
r
r
r
r
r
r
r
r
r
r
r
rb
rb
rc
re
re
rf
rk
rn
ro
rp
rq
rt
rt
ru
rw
rx
ry
ry
rz
s
s
s
s
s
s
s
s
s
s
s
s
s
s
s
s
s
s
s
s
sb
sc
sd
sd
sf
sg
sh
si
sj
sk
sk
sm
sp
sq
su
sv
sw
sx
t
t
t
t
t
t
t
t
t
t
t
t
t
t
t
t
t
t
t
t
t
t
ta
tb
te
tf
tg
ti
tj
tj
tk
tn
tn
tp
ts
tt
tu
tw
u
u
u
u
u
u
u
u
u
u
u
u
u
u
u
u
u
u
u
uf
uf
ug
ui
ui
uk
uk
ul
um
um
un
un
un
uo
uo
uo
uq
us
ut
uu
uy
v
v
v
v
v
v
v
v
v
v
v
v
v
v
v
v
v
v
v
v
va
vb
vd
vf
vf
vk
vo
vp
vq
vr
vr
vu
vu
vx
w
w
w
w
w
w
w
w
w
w
w
w
w
wc
wc
wc
wg
wl
wm
wn
wn
wo
wo
wp
wt
wt
ww
ww
wx
wx
wz
x
x
x
x
x
x
x
x
x
x
x
x
x
x
x
x
x
x
x
x
x
x
x
x
x
x
x
x
x
xa
xa
xb
xb
xc
xd
xe
xg
xh
xj
xk
xl
xl
xo
xo
xo
xo
xq
xs
xu
xx
xy
xy
xz
y
y
y
y
y
y
y
y
y
y
y
y
y
y
y
y
y
yc
ye
yf
yf
yn
yn
yp
yq
ys
yu
yx
yy
z
z
z
z
z
z
z
z
z
z
z
z
z
z
z
z
za
zc
zd
zd
ze
zf
zi
zk
zk
zl
zn
zp
zp
zq
zs
zu
zv
zx
zy
zz
zz
