a
a
a
a
a
a
a
a
a
a
a
a
a
aa
aa
aa
ab
ac
ad
aj
ak
an
ao
ao
ap
aq
ar
ar
at
au
b
b
b
b
b
b
b
b
b
b
b
b
bb
be
bl
bp
bv
by
bz
c
c
c
c
c
c
c
c
c
c
c
ca
cb
cd
ce
cf
ch
ci
cj
cj
ck
ck
ck
cl
cl
cm
co
co
cp
cr
cs
cs
cx
d
d
d
d
d
d
d
d
d
d
d
d
d
d
d
d
d
d
dc
dd
de
df
dg
do
do
ds
du
dv
dy
dy
e
e
e
e
e
e
e
e
e
e
e
e
e
ea
ed
ei
ek
em
em
ep
er
er
er
er
es
es
eu
ev
ex
ex
ey
ez
f
f
f
f
f
f
f
f
f
f
f
f
f
f
f
fb
ff
fg
fk
fl
fn
fq
fr
fs
fv
fw
fw
g
g
g
g
g
g
g
g
g
g
gb
gd
ge
gg
gi
gj
gj
gk
gk
gk
gl
gm
gn
go
gq
gv
gw
gx
h
h
h
h
h
h
h
h
h
h
h
h
hc
he
hh
hj
hk
hl
hp
hq
hw
hy
i
i
i
i
i
i
i
i
i
i
i
i
i
i
i
i
id
if
ig
ig
ij
il
il
in
io
ip
iq
ir
is
is
is
ix
ix
j
j
j
j
j
j
j
j
j
j
j
j
j
j
j
j
j
j
j
ja
jc
je
jh
ji
jj
jt
jv
jx
k
k
k
k
k
k
k
k
k
k
k
k
k
k
k
k
k
k
k
kf
kg
ki
kn
ks
ks
kx
kx
l
l
l
l
l
l
l
l
l
l
l
l
l
l
l
l
l
l
l
la
lb
ld
ld
lf
lg
li
ll
ll
ll
ll
lm
lm
lp
lp
lp
lq
lt
lu
lv
ly
ly
m
m
m
m
m
m
m
m
m
m
m
m
m
m
m
m
m
m
m
mb
mb
mp
mt
mu
mv
mv
mw
mx
my
n
n
n
n
n
n
n
n
n
n
n
n
n
n
n
n
na
nk
nl
no
no
np
np
nq
ns
nt
nu
nv
o
o
o
o
o
o
o
o
o
o
o
o
o
o
oa
oe
oh
ok
ok
os
os
ov
ow
oy
oy
oz
p
p
p
p
p
p
p
p
p
p
p
pa
pc
pi
pj
pk
pm
pm
pn
pr
pt
pu
py
q
q
q
q
q
q
q
q
q
q
q
q
q
q
qb
qd
qf
ql
qo
qq
qs
qu
qx
qy
qy
qz
r
r
r
r
r
r
r
r
r
r
r
r
r
r
r
r
ra
ra
rc
rd
rh
ri
rk
rl
rl
rl
rp
rp
rq
rt
ru
rv
rw
ry
rz
s
s
s
s
s
s
s
s
s
s
s
s
s
sa
sb
sd
sd
sh
sl
sn
sp
sr
ss
sw
sx
sx
sx
sy
sy
t
t
t
t
t
t
t
t
t
t
t
t
t
t
t
t
t
t
t
t
t
t
t
ta
ta
tc
td
tf
tm
tm
tn
to
to
tq
tr
ts
tt
tt
ty
ty
tz
u
u
u
u
u
u
u
u
u
u
u
u
u
u
u
ua
ud
uh
uh
uj
un
up
uq
ur
ut
v
v
v
v
v
v
v
v
v
v
v
v
v
v
v
v
vb
vh
vi
vn
vn
vq
vt
vt
vv
vw
vy
vz
w
w
w
w
w
w
w
w
w
w
w
w
w
w
w
w
w
w
w
w
wb
wc
wf
wj
wk
wk
wl
wl
wn
wo
wo
wo
wp
wp
wp
wt
wu
wu
wu
wv
wz
wz
x
x
x
x
x
x
x
x
x
x
x
x
x
x
x
x
x
x
x
xb
xc
xd
xe
xj
xl
xm
xp
xq
xv
xv
xw
xw
xw
xx
xy
y
y
y
y
y
y
y
y
y
y
y
y
y
y
y
y
yc
yg
yl
ym
yn
yp
yu
yv
yw
yx
yy
yy
yz
z
z
z
z
z
z
z
z
z
z
z
z
z
z
zc
zc
zg
zg
zh
zh
zi
zl
zm
zs
zt
zx
