a
a
a
a
a
a
a
a
a
a
a
a
a
a
a
a
a
a
a
a
a
a
a
a
aa
ab
ab
ac
ac
ad
ad
ad
ad
ad
af
ag
aj
al
an
ao
ap
ar
ar
as
at
au
au
av
ax
ay
ay
ay
b
b
b
b
b
b
b
b
b
b
b
b
b
b
b
b
b
b
b
ba
ba
bb
bc
be
bf
bg
bh
bh
bl
bl
bm
bp
br
bs
bt
bt
bu
bu
bv
bw
by
by
c
c
c
c
c
c
c
c
c
c
c
c
c
c
c
c
cb
cb
cb
ce
cf
cg
ch
ci
ci
cl
cm
cr
cw
cy
d
d
d
d
d
d
d
d
d
d
d
d
d
d
d
da
da
db
db
df
dg
di
dk
dk
dn
ds
ds
dt
du
dw
dw
dx
dz
e
e
e
e
e
e
e
e
e
e
e
e
e
e
e
eb
eb
eb
ee
ei
el
el
em
em
et
eu
ew
f
f
f
f
f
f
f
f
f
f
f
f
f
fa
fc
fd
fd
fe
ff
fh
fi
fi
fj
fm
fm
fp
fp
fr
fr
ft
fu
fu
fy
fy
g
g
g
g
g
g
g
g
g
g
g
g
g
g
g
g
g
g
g
g
gb
gb
gb
gc
gc
gc
gg
gk
gl
gm
gm
gp
gq
gr
gv
gy
gz
h
h
h
h
h
h
h
h
h
h
h
h
h
h
hc
hd
hf
hg
hi
hl
hm
hm
ho
ho
hp
hp
hq
hq
hs
hs
ht
ht
hx
hy
i
i
i
i
i
i
i
ib
if
ih
ih
il
it
it
iv
iw
iy
iz
j
j
j
j
j
j
j
j
j
j
j
j
j
j
j
j
j
j
jb
jc
je
jf
jf
ji
ji
jl
jo
jp
jp
jq
jq
jr
jt
jt
jw
k
k
k
k
k
k
k
k
k
k
k
k
k
k
k
k
k
k
k
ke
kh
ki
kj
kl
kl
km
km
kn
kp
kq
kq
kv
kw
kw
kx
kx
kx
kx
l
l
l
l
l
l
l
l
l
l
l
l
l
l
l
l
lc
lc
ld
ld
le
le
lf
lf
lh
li
lj
lj
ll
lm
ln
ln
lo
lq
lt
lu
lu
lu
lu
lx
lx
lx
lz
lz
m
m
m
m
m
m
m
m
m
m
m
m
m
m
m
m
m
m
mc
mj
ml
ml
mn
mp
mq
ms
ms
mw
mw
mw
mw
mx
my
mz
n
n
n
n
n
n
n
n
n
n
n
n
n
n
n
n
n
n
n
n
n
n
n
n
na
nc
nd
nf
nf
ni
nk
nm
np
nq
nr
ns
nv
nv
nw
nx
nx
ny
nz
nz
o
o
o
o
o
o
o
o
o
o
o
o
o
o
o
o
o
o
oc
oc
od
oi
oj
om
on
op
oq
oq
or
os
ot
ox
oy
oz
oz
oz
p
p
p
p
p
p
p
p
p
p
p
p
p
p
p
pb
pc
pe
pf
pf
pg
pi
pj
pk
pk
pn
pn
po
po
pp
pr
pr
py
py
pz
q
q
q
q
q
q
q
q
q
q
q
q
q
q
q
q
q
q
q
qa
qa
qd
qg
qm
qm
qn
qq
qr
qt
qw
qw
qx
qx
qy
qz
r
r
r
r
r
r
r
r
r
r
r
r
r
r
r
r
r
r
rc
rd
rd
re
re
re
rh
rh
ri
rj
rn
ro
ro
ro
rq
rr
rv
rx
s
s
s
s
s
s
s
s
s
s
s
s
s
s
s
s
s
s
s
sa
sa
sb
sc
se
sf
sg
sg
sg
si
si
sk
sk
sl
sm
so
sq
sr
sv
sv
sx
sz
t
t
t
t
t
t
t
t
t
t
t
t
t
t
t
t
t
t
ta
tc
tc
tc
td
tg
tg
tj
tm
to
tp
tv
tw
tz
u
u
u
u
u
u
u
u
u
u
u
u
u
u
u
u
u
ud
uh
ui
uj
uk
ul
ul
ul
ul
un
un
uo
uq
ur
uu
uv
uv
uw
ux
ux
v
v
v
v
v
v
v
v
v
v
v
v
v
v
v
vd
vf
vh
vj
vk
vn
vq
vv
vv
vw
w
w
w
w
w
w
w
w
w
w
w
w
w
w
w
w
w
w
w
we
wf
wf
wf
wi
wi
wl
wl
wl
wl
wn
wn
wn
wq
wr
ws
wt
wx
wz
x
x
x
x
x
x
x
x
x
x
x
x
x
x
x
x
x
x
xb
xd
xf
xg
xh
xi
xj
xj
xl
xm
xo
xv
xv
xw
xw
xx
xz
y
y
y
y
y
y
y
y
y
y
y
y
y
y
y
y
y
yb
yd
yf
yi
yj
yl
ym
yn
yp
yq
yt
yu
z
z
z
z
z
z
z
z
z
z
zc
zc
zh
zk
zm
zn
zo
zo
zq
zs
zt
zu
zu
zu
zw
zy
