a
a
a
a
a
a
a
a
a
a
a
a
a
a
a
a
a
a
a
a
a
aa
aa
ad
ae
ag
ah
ai
al
ao
ao
ar
as
at
at
ay
b
b
b
b
b
b
b
b
b
b
b
b
b
b
b
b
b
b
b
b
ba
bb
bd
be
bg
bg
bi
bi
bj
bk
bl
bm
bm
bn
bn
bp
bq
br
bs
bt
bu
bv
by
c
c
c
c
c
c
c
c
c
c
c
c
c
c
c
c
c
c
c
c
ca
ca
cb
ce
ce
cf
cg
cg
ch
ch
ch
ck
ck
cl
cl
cm
cn
cq
cq
cr
cs
cx
d
d
d
d
d
d
d
d
d
d
d
d
d
d
d
d
d
d
d
d
dc
de
df
df
dj
dk
dk
dk
dl
dn
dn
do
do
do
dp
dr
dr
dv
dv
dx
e
e
e
e
e
e
e
e
e
e
e
ea
ea
eb
ej
ek
ek
ek
ek
el
el
el
en
er
es
ev
ev
ex
ey
ez
f
f
f
f
f
f
f
f
f
f
f
f
f
f
f
f
fa
fd
fd
fh
fh
fj
fk
fk
fk
fp
fq
fq
fr
fv
fv
fv
fz
g
g
g
g
g
g
g
g
g
g
g
g
g
g
g
g
g
g
g
g
g
ga
gb
gc
gc
ge
gf
gf
gg
gi
gj
gk
gk
gl
gm
gm
gm
gm
gn
gn
gp
gq
gq
gq
gr
gs
gt
gu
gu
gw
gx
gy
h
h
h
h
h
h
h
h
h
h
h
h
h
h
h
h
h
ha
hb
hc
hd
hd
he
he
hh
hj
hl
hl
hq
hq
hr
hu
hw
hw
hx
hy
hy
hy
hy
hz
i
i
i
i
i
i
i
i
i
i
i
i
i
i
i
i
i
i
i
i
i
i
ia
id
id
ih
ij
ik
il
io
iq
iq
it
iu
iu
iv
iw
ix
ix
ix
j
j
j
j
j
j
j
j
j
j
j
j
j
j
j
j
j
j
j
j
j
j
j
jb
jc
jd
je
jf
jg
jg
jg
jh
jh
ji
jm
jn
ju
ju
jw
jx
jy
jy
jz
k
k
k
k
k
k
k
k
k
k
k
k
k
k
k
k
k
k
k
k
k
k
k
kb
kb
ke
ke
kg
ki
kk
kk
kl
kl
kl
ko
ko
kq
kr
kr
ks
kv
kv
kv
l
l
l
l
l
l
l
l
l
l
l
l
l
l
l
l
l
l
l
l
lb
lb
lc
ld
le
le
lk
ll
ll
ll
ll
lr
lt
lt
lt
lu
lu
lv
lx
lx
lz
m
m
m
m
m
m
m
m
m
m
m
m
m
m
m
m
mc
mc
mg
mh
mk
mm
mu
mv
mw
mx
my
mz
n
n
n
n
n
n
n
n
n
n
n
n
n
n
n
n
n
na
ne
nh
nn
no
nr
nv
nv
nw
nx
ny
nz
o
o
o
o
o
o
o
o
o
o
o
o
o
o
o
o
o
o
oa
oa
oa
oc
oi
oi
oj
oj
oj
om
om
om
on
oo
ot
ov
ov
ow
ow
ow
ox
oy
oy
oz
p
p
p
p
p
p
p
p
p
p
p
p
p
p
p
p
p
p
p
p
p
pb
pb
pb
pc
pd
pg
ph
pk
pk
pn
ps
pu
pu
pv
px
q
q
q
q
q
q
q
q
q
q
q
q
q
q
q
q
q
q
q
q
q
q
qa
qa
qa
qc
qe
qe
qg
qg
ql
ql
qo
qo
qo
qp
qp
qq
qr
qr
qs
qu
qw
qy
r
r
r
r
r
r
r
r
r
r
r
r
r
r
r
r
r
r
r
ra
ra
ra
ra
rb
rm
rn
rn
rq
rr
rs
rt
rt
s
s
s
s
s
s
s
s
s
s
s
s
s
s
s
s
s
sb
sb
sc
sc
sc
sf
sh
sh
sj
sl
sm
sp
sq
sq
su
su
sv
sw
sz
t
t
t
t
t
t
t
t
t
t
t
t
t
t
t
t
t
t
t
t
t
t
ta
tb
tc
tf
tj
tl
tl
tm
tn
to
tp
tp
tq
tq
tq
tr
tt
tu
tx
u
u
u
u
u
u
u
u
u
u
u
u
u
u
u
ua
ud
ue
uh
uo
ur
ur
ut
uz
uz
v
v
v
v
v
v
v
v
v
v
v
v
v
v
v
v
vd
ve
vf
vg
vh
vi
vi
vj
vj
vj
vm
vn
vr
vs
vs
vu
vu
vv
vw
vw
vw
vx
vy
w
w
w
w
w
w
w
w
w
w
w
w
w
w
w
w
w
w
w
wb
we
we
wf
wg
wh
wj
wk
wl
wm
wm
wp
wp
wp
wq
wr
wt
wx
wx
wy
wy
wy
wz
wz
x
x
x
x
x
x
x
x
x
x
x
x
x
x
x
x
x
x
x
x
x
x
xa
xa
xb
xb
xc
xe
xe
xe
xe
xh
xo
xq
xr
xu
xu
xv
xw
xx
xx
xy
y
y
y
y
y
y
y
y
y
y
y
y
y
y
y
y
y
y
y
y
y
y
yc
ye
ye
yg
yj
ym
ym
yn
yr
yt
yu
yx
z
z
z
z
z
z
z
z
z
z
z
z
z
z
z
z
z
z
z
z
zb
zd
ze
ze
ze
zf
zf
zg
zg
zh
zk
zk
zl
zo
zo
zo
zo
zr
zr
zs
zs
zu
zz
zz
