a
a
a
a
a
a
a
a
a
a
a
a
a
a
a
ae
ae
ae
af
ag
aj
ak
am
am
am
am
ao
ap
aq
aq
aq
au
aw
ax
ax
b
b
b
b
b
b
b
b
b
b
b
b
b
b
b
b
b
b
b
b
b
b
b
b
b
b
b
ba
bc
be
be
bf
bf
bf
bg
bh
bi
bj
bk
bk
bl
bn
bo
bp
bq
bq
br
bs
bu
bv
bv
bx
by
by
c
c
c
c
c
c
c
c
c
c
c
c
c
c
c
c
c
c
c
c
c
ca
cc
cd
cd
cd
cd
ce
cf
ch
ck
cl
cl
cm
cn
cn
cp
cq
cs
ct
ct
cu
cu
cu
cv
cv
cv
cz
d
d
d
d
d
d
d
d
d
d
d
d
d
d
d
d
d
d
d
d
d
d
d
d
d
d
d
d
d
dc
dd
de
de
df
di
di
di
di
di
dj
dk
dl
dm
dm
do
do
dq
dr
ds
du
dv
dv
dw
dz
e
e
e
e
e
e
e
e
e
e
e
e
e
e
e
e
e
e
e
eb
ec
ee
ef
ef
eg
eg
eg
eh
ek
em
en
en
er
ev
ew
ey
ez
f
f
f
f
f
f
f
f
f
f
f
f
f
f
f
fa
fa
fa
fb
fc
fc
fd
fe
fg
fh
fi
fl
fm
fo
fo
fo
fp
fp
fq
fv
fw
fw
fw
fy
fy
g
g
g
g
g
g
g
g
g
g
g
g
g
g
g
g
g
g
g
g
g
g
g
g
g
gc
gd
ge
gf
gf
gg
gh
gj
gk
gk
gm
gn
gn
gr
h
h
h
h
h
h
h
h
h
h
h
h
h
h
h
h
hb
hc
hc
he
he
he
hh
hi
hi
hj
hk
hk
hm
hn
hn
ho
hq
hq
hr
hs
ht
hu
hw
hw
hw
hw
hx
hx
i
i
i
i
i
i
i
i
i
i
i
i
i
i
i
i
i
i
i
i
i
i
i
i
i
i
ia
ib
ib
ib
ic
if
ig
ig
ih
ij
im
in
io
io
iq
ir
is
it
it
iy
j
j
j
j
j
j
j
j
j
j
j
j
j
j
j
j
j
j
j
j
j
j
ja
jc
jf
jf
jg
jg
ji
ji
ji
jj
jk
jn
jn
jq
jq
js
jt
jv
jw
jw
jw
jy
k
k
k
k
k
k
k
k
k
k
k
k
k
k
k
k
k
k
k
k
k
k
k
k
kd
kd
kg
kg
kg
kh
kj
kj
kl
kl
km
kn
kn
kn
kp
kp
kq
kr
ku
kv
kv
kv
kv
kw
l
l
l
l
l
l
l
l
l
l
l
l
l
l
l
l
l
l
l
l
l
l
l
l
la
ld
le
lf
lg
li
lk
ll
lm
ln
lp
lq
lq
lq
ls
lt
lv
lv
lv
lv
lw
lz
lz
m
m
m
m
m
m
m
m
m
m
m
m
m
m
m
m
m
m
m
m
m
m
m
m
ma
mb
mc
md
mf
mk
mm
mm
mp
mp
mq
ms
mt
mu
mv
mv
mw
mw
mx
mx
mz
mz
n
n
n
n
n
n
n
n
n
n
n
n
n
n
n
n
n
n
nb
nc
nd
nd
ne
ng
nh
ni
nk
nk
no
np
np
nr
ns
ns
ns
nt
nt
nu
nv
nw
nw
ny
ny
ny
o
o
o
o
o
o
o
o
o
o
o
o
o
o
o
o
o
ob
oc
oc
oc
oc
od
oe
of
oi
ok
ok
om
on
on
oo
op
op
os
ou
ov
ow
ox
p
p
p
p
p
p
p
p
p
p
p
p
p
p
p
p
p
p
p
p
pc
pc
pe
pf
pf
ph
pl
pl
po
po
pq
pr
ps
ps
pv
pw
px
px
px
q
q
q
q
q
q
q
q
q
q
q
q
q
q
q
q
q
q
qb
qk
ql
ql
qm
qn
qp
qq
qq
qr
qt
qv
qv
qy
qz
r
r
r
r
r
r
r
r
r
r
r
r
r
r
r
r
r
r
r
r
ra
ra
rb
rg
rj
rj
rl
rl
rm
rm
rm
rn
rp
rp
rq
rq
rs
rv
rw
rx
ry
ry
s
s
s
s
s
s
s
s
s
s
s
s
s
s
s
s
s
sd
sd
se
se
sg
si
si
sj
sl
sl
sl
sm
sm
sn
sn
sp
sr
ss
st
su
su
su
sv
sx
sy
sy
sy
sy
t
t
t
t
t
t
t
t
t
t
t
t
t
t
t
t
t
t
t
t
tb
tb
tb
tc
th
th
tj
tj
tl
to
tp
tp
tq
tr
ts
ts
tt
tt
tt
tu
tv
tw
tx
tx
ty
ty
u
u
u
u
u
u
u
u
u
u
u
u
u
u
u
u
u
u
u
u
u
u
ub
ub
uc
uf
uk
uk
ul
um
um
um
um
un
uo
uo
up
ur
ur
ut
uu
uw
uw
uw
uy
uy
uz
uz
v
v
v
v
v
v
v
v
v
v
v
v
v
v
v
va
va
vb
vc
vd
vh
vh
vi
vk
vl
vm
vm
vm
vo
vp
vr
vu
vu
vv
vv
vw
vw
vx
vy
vz
w
w
w
w
w
w
w
w
w
w
w
w
w
w
w
w
w
w
w
w
w
w
w
w
w
w
wa
wa
wa
wd
wd
wf
wf
wf
wg
wi
wi
wj
wk
wk
wk
wl
wl
wm
wm
wp
wr
wr
wr
wt
wv
ww
ww
wy
wz
x
x
x
x
x
x
x
x
x
x
x
x
x
x
x
x
x
x
x
x
x
x
x
x
x
x
x
x
x
x
x
x
xa
xa
xb
xc
xd
xe
xg
xh
xi
xk
xk
xl
xm
xm
xq
xr
xr
xr
xs
xt
xx
xx
xy
xz
xz
y
y
y
y
y
y
y
y
y
y
y
y
y
y
y
y
y
y
y
y
y
y
y
yb
ye
yh
yk
ym
ym
ym
yn
yq
yr
yr
yt
yu
yv
yy
yy
yz
yz
yz
z
z
z
z
z
z
z
z
z
z
z
z
z
z
za
za
zb
zd
ze
ze
zg
zj
zj
zl
zl
zm
zn
zo
zp
zr
zt
zu
zv
zw
zw
zx
zx
zy
zz
