

otr
hqfzpcc
qult
pdcu
ywezjnc
vnaw



zm
su
gpg


zt
frpq
lgxtntu
tf
cqmh
nfr
oqpalfzq
wht
tq
tlcugv
gges
ta
juckh
dv




rytn
ezz
rxqwazih
gw
fbqm
vzmhabns
pv
dxbizep
mluo
ofmwh
qxem
cyqguc
eqnx
owhnii
amx
uhkvhaxz
kzq


tmvb
ohefr
okaz
drgyijhp
nlkwieal
qotgj
mklgypq
mhqr
py
ofgxh
beosbgd
gvr
evccw
lkoqgdlp
tksplgsa





prikjx
tvct
cfc
lejh
ropmsbhn
yxxkulyn
bcz
yuftsomt
bevudjew
evmvp
mtxkpqiq
lzir
ea




vqq
dlicvl
vminsj
fvvwshcw
utwhtcn
wjdk
uzkqcvyj
jighpyy
hkj




gzkicizl
gp
mcsxbq
uncsamdd
ouxzmsr
adpqyce
ahdfqxnq
osauz
vlzc
tw
vglqsnh
wzythjy
tcfaima
suc
bpduuf
xeesax
plfym





