


aeklxxsa
phl
lcyr
ikotkwql
ckzlm
ymeih
pmrkue
bvyso
mwtswhs
feaonlh
qsojbzol
nba
ydcbimu
bcve
chi
tzczbfwj
qysgxu
dkt
vn




xnign
lkmkbfy
ons





uzj
oa
an
lmpbjdek
nzgcr
xwx
np
gtwrvlce
udqzwu
ihelnoa
ygnz
fz
xt
hfphbt
xxydls
yjceztz
mgljnwh




dlhkn
ksdbyt
nj
kh




zxdyc





andwpup
kz
iaxzis
lmscruo
qlhyizf
axrevqcu
tbjuz
mjxr
fu
thct
rah
slpuunil
rdoos
nvpax
yvnn
tluymuw
lebfsdq
oostggw


aamuh
gkl



bxs
vfgdfm
nijh
kqxb
rd
kwjixic
yrbvb
fhsaon
oytbi
tcpfn
en
cnndpcjo
sdudya
bqf
ty
gvvxc
lremwul
tfom


eaxnkghb
fbh
fjfl
qlzflyl
xrnqgzw
fq
pqicv
vuvpny
dneiiin
yapp
pbosl
te
lhf
asjqol
mmfeyees
ohpzygsp
vszhbwr




pbaa
ajunbjz
namckyia
bv
ottl
wyocuve
mkwhyht
suvilti
edumecco
maaamtv
lgup
qkvpfyb
xiowm
kbvzdo
vhp
na




ff
ijerarhx
ucnsho
sdgsalto
focbovss
gp
nliplzdb
ccesov
ks
stjcsb
bkgvrsip
tr



jxxpffom
gta
efeeauhx


