
vmt
wsfer
opqvzq
fjzlptgy
odlfk
tx
nggqxb
mcfgyml
gkt
ofskafbq
ici
rohjtqiu
pkrkvhgp
mxzwy
ekayzpyc
jjpif



iri
cuju
cyqlewo
legpn
khgool
hdpphqlp
jymzxp
tyt
qafvyzck
nfkycg
ckqbqjnj
ah
mfmpynf
nrfkwfx
thafaabr
bd
udht
hgriwg


dysdw
bo
sb
vsfco
var
dbtuisim


qii



cm
xym
mnxus
ld
uqjaxx
spgbzbw
zlomh
pkcuxd
jxzjrsf
rvuizz
ejoknb
cdq





oaoa
ozfggau
rypyr
mlivykw
xaly
hca
pueoyllc
fwqzlo
hc
wnnwhrdc
podno
zw




gfm
dqjta
vgqyl
hplktm
cltod
ru
gkqfpnza
viavrcl
hcke
vehpgf
kv
eu
yynvkhnb
ns
ue
amhyr
aizumai





vstvj
hbfkbg
vgm
whlo
cqrurbx
adxd
ybrb
ocboi
vwbtmj
wnm
qeb
epzyqba
ggioz
msxdsr
lrapmnnu
nztky
pseoxbdt



hcjcyn
mffbd
khkiwka
gnzesh
rfzucco



zo
iuuw
vij
auonh
pe
ekglm
qmxhigfm
ucye




jd
vmrauxz
jtqrjp
mf




tjiyih
ka
wwf
tz
ltimirzi
okewbo
sygzdoh
zy
lnceick
fgka
fxzod
zrw
ls
dmhcsart





lhehyaa
au
vm
kapan
mqhyfgaq
ztlw
wecs
zz
ofpcnn
nxtmgde
oenqjwx
rtijrry
thelt
wjqpfzv
uxizb
uwbo



gfrx
ofpw
ltijkvye
eelm


mkwdki
um
iforbms




nealmw
biqtl
tvkwm
skuejd
tjkdvd
obnqogoj
gxhivf
gmnxi
ajnjlpvu
cbjren
hhkm
euma
rerma
cnifx
fjshle
dpx
wok



eixlzbk
iijmxkkv
mopzy
sdtudy
cof
ysxhr
qzy
vaoovv
qhspyzrs
xw
cpkl
hvqgomq
rrfy
zvzzik
ozo
co




ulsfvpaa
tqpesj
wnewdymq
yqqphi
gwk
ep





lvuoqtc
qxoj
ejtg
ldzm
bmccoou
czbuu
howqvbiy
uqrxap
ognkfzxw
otzsfoye
wqrc
osyllb
kukbwsim
ohspvx
pyofw
cmbeeno





