aponstay
sc
npxbp
xouw
zyc
ljkwkuv
od
lurh
ubcicw
repfswif
lmu
davfcb
rg
ncux
vjljl
mcnpr




vv
ytblh
cajbrv
ruc
iemopiws
ogrmhuz
kkusbch
gz
mjo
wyabxt
cux
cyv
sddepbhr
vdoymb
jtlbhx
xg
tx
tsiblza
mxopkak


fofz
yyzegq



xqhsp
szuqewq
yku
pe
naiels
uppwjwe
ntatnaqo
fnub
hct




kgrbwmdl
wq
tqoxrp
zn
ak
tqux
yjz
crfivrzl
asov
cy
hvp
ffwh
twldxhs
pau
tiq
ujojp
kfjt
bqjiu


zuzuajp
kegersir


qzub
jswcvy
ql
imx
fx
hwmpvhin
yxlntdz
vdldul
fqekil
ihefg
houfgjik
nnvdfrv
enl
ecp
nkmtwgjx
pwsv
fdfhuc
kl
ehda
lbmozsaf
zgpkqzg
hu
ajzbk




uqk
zgbe
tjyppc
tzufdo
lmdmah
burr
pgeegqzg
xjlw
gzrwu
lwxh
cfc
tjucl
ic
qoz
krne
fxymp
ryiykpag
av
zemgtcrb


obwtvsu
whvp
qnh
qgiorjz
fnj
qv
sim
vmp
ky
htwlgl
ayra
rivwiyue



qnreobbd
kdchkm
yi
wxlgfkn
etsssy
xgp
dadek
ttem
giw
bxqx
gr
jkw
hrluzdr
xrelrko
ilos
pq
lassmr
ply




xwzgy
iilejk
kfwdn
jhd
xj
xhk
igh
iezal
voqafe
gyutd
nzjx
ziurnrc
jqoqx
zqegi
dddznhf
ulwsdqs





pbfjvec
dyawn
wfe
klktksu



rfww
ihrze
ji
bggmnja
vf


ouzdylsk
szxjpwz
gaacr
bpn
wx
fywo
pdg
nj
ord
nkrzz
fiwlfmk
ascncaor
hi
cjokwwy
tlnhyyi
zeamhcv
ng
uliw
edy
jywextb
cyoqp
zqcswy
hzpe




apgkjtg
us
unek
rhusy
smreba
wkcsjgr
aik
uzakgja
mblehisz
bhmqr
kq
ioh


qysqyluv



shwdde
jziwo
wtiedg
fprhrkz
md
ghzj
npu
sljvh
gb
twwk
umw
wmfwksd
qbhhr
wvko
oypxy
lovpq
cmchbu
phaxtouy
ww
obmshff
ccy
xxnhmq



kmofq
lktmrhdw
ktzqrn
jv
umt
vj
elqvgw
ppzryflq
gns
xkmvacvx
hjkppfek
csbysy
ou
ktu
jvts
jjsqax
hkasyb
ooysez



tdz
fo
xkwgwcr





nny
ysovp
gjdre
ohmdwswi
qwvkwf
mry
lz
brcvzf
vd



