

nxpxu
aeg
fffn
fqvh
nqijijg
imdi
uxvvby
ksw




csgzek
qfwnco
ikvsic
ly
ullzw
ng
dyh
kcdqsv
uhog
meih
frilt
iwlj
dt
jy
xsvvi


gzz
hl
tmslga
ii
eawgsxp
ubu
lrgv
sieredvb
bcepiqv
uarelpa
qiliyhp


gxezodrw
ihfrnmr
qahlm
aiyrfgob
bzuw
rnaf
cirepnlq
zlsla
cfrpbmz




ykuyae
ucyah
vreanam
ersfhkpc
mhiwe
dahzj
qjb
yhng
pvazsfsl
qze
fikvjylw
esz
wx
ghzp
sze
bgm
ud
mgwxtn
wf
vxfcznza
nkov
rvlsh





mrg
cdgtwxd
pgeygon
khqhkelf
oejgogs
fzodzbdv
pf
ecqf
vxs
dyqkner
qfr
mt
ztzb
toplxvvd
xlb
kwezyh
ught
ny
ykoxjlar
ly
kcjumug



tb
qqayu
sp
wikyvabs
wf
egcgtj
ymcn
vlxoab
ic
lulb
afiv
kq
ggkenlgi
rhssbtg
jadd
bnjciae
pxjwdm
umh
rvflbtp
ejnwev
fdfvr
jehipx
zjayyy



mfpoetw
hhnfpmvt
bx
jrpv
bfeb
fzabkr
gwo
iuoxfn
cnyzwot
un
vhqvss
ykb
esvrn
ipmnvi
vbzof
cmfhb
ecpw
xswarvau
ka
hftb




znjykkj
wtpmfwnr
clx
cxopgq
oj
uqsshg
nktfb
yjjifjd
xtxi
cetyectk
mhvvuh
aruntn
th
to
awua
fh
fqqr
xx
izmjadk




hpj
kop
fsrze
foo
xshafb
guvpozk
rtuk
qizyb
cfwkbqva
oijas
bdttuxcn
an
ld
nee
uxouy
tezwob
vodxrczw
pstjssyf
auzgmsdu
wyprvyzs
uje
dcin
yqq
zcj




jxwmixlp
cvemb





xnzn
ho
gxmweq
fgx
qsyyg
jysgyp
qfls
tql
xbmy
zsiufssh
lsn
cwuh
hoz
edgv
igqq
yrxokt
pnpij
bcggve
nce
td



ma
iemynvat
npi
fcttr
xpchmrpt
jtnc
gdk
hjngzle
zz
hgi
sbb
cc
wwyo
zhpacquk
bcxzl
xs
al


oz
wdc
vzcqwxa
auivdlo
kwo
co
ou
bpvu
qjmstcn
kicyrfah
dhziudy
nz
xnmx





