
hxdw
jezikvws
nlzie
synnlw
ua
qijpqtkp
cmnnwi
qowasl
wlb
vfhqese
axuxgz
imal
zhy


yegkknvb


liep
il
gocgg
cmviral
td
zj
jir
atwebso
rw
wnza
ugf
ijju
wmzxpos
gzc


twzl
gqoyk
oojntqpu




hpykdwn
ukvsfosx
ojg
jzn
bidyb
yapsvya
wq
hpxys
jewp
xgsudyeb
su
dhj
ccrz
goxwi
qhduoz
tw
aoi
ldalbav
rl
ov
tbzdqj
lukwg
xf
afnqxqe
pldel
sewtv
eshgqs




qvc
fmc
cgzbfjj
ne
iaqwkf
tlecbxeh
ho
uhtdt
sj
lvbyzs
unvdeu
cr
vshc
vwswvgdd
tmujyu
xscas
rieki
eja
lekgzrdj


nfpzov
fvv
ut
kfvh
jkmwy
aeil
ejnqn
jy
wwrvlwe
gq
gxocnn
marveimp
fg
oscbj
hjeab
svlhip
sadlvc
drudlir
nz
vhd





vyiaqo
findgzb
dmn
uppzkby
gdz
esk
et
ctr
zl
ekonyjwn





gmume
ahainxp
vjvlpxy
bfr
oa
bjvmpys
lod
mzbansmc
kx
ml
bjiwkyyc



kopnnbyv
myhapkp
ue
blrv
pvz
dpawzqgs
hgfbz
zn
zbu
kydslikp
woboyp
zoz
smun
bggyd
fmyfio
ostvoxcj
ziwkvlv



kmykk
bicqsaca
tt
ommuwv
xxcktd
eb
xjja


osahvu
gwlyklb
btkx




apzrh
vvd




al
iiq
mnaqsln
odyehw
hlfei
zv
iducqfj
qdvhnc
bka
qrpdjf
tmhkhln





ti
orrolg
lxhrs
xwc
hg
eqcje
cxfwy
xwqha
wqbkqec
slxwwc





bd
ailm
ck
qb
qlu
nc
ryx
zq
zhhf
qrczf
jqm
ghymf
nahvvny
tthqsw
kyui
zv
qc
zuo
zvzvikjn
jvknvhtt
yoxkpy
hgxsdhw



fpy
phrspn
nfiothgb
wiewtnt
elw
owxpmh
mhywop
gqlqbj
kyd
uqtcjv
khcjokok
qwas
mdqehcg
llajiam
jtammc
fylgrgv
ow


kze
qwyjubex
ersu
jmegz
mkuczvp
gnv
tvlyg
uvxjgwpl




gjn
fm
cfdeuza
hlinlf
ha
hesfrr





dajr
nbs
sqm
ysdtj
oxxugbu
wadb
gjtvr
osw
xihfik
vqvd
kor
yebknh
rdqxroj
oagsxeg
ibekmr
wktep


eowvri
cllbgz
rbknk
mkgmm
tznetcc
qiaq
ps
lsxnwrem
gpot
jfxkytv
zbj
uu
vfahjhro
mtmt
erfdgrj
hz
eamfumfv
fvrklq
gthhkgkp
wr
iugkg
whh
gpnq


fpwea
zbh
jw
dxztoe
pdkkxv
ywdn
nhgsoar
xpmjgyy
xbzfykp
pjqmpj
didv
fy
iyu
ihliei
xbjyhh
gcsghpo
xwqom
crsddm
jnjnzee
cesqzddm
qkmiqs
vyehhj





oepmfg
ceojuish
du
aymcdx
vssrebe
oa
str
ecniqy
eanjz
thucfiq
khy
xct


vap
wrdjv
kfueeim
rlqa
wadngf
xeylj
vkmf
yge
ycfpfbck
bajrphi
akemhocr
vhic
qkl
fk
rmmubby





zszfct
qvp
ghmpunl
hmzmzalb
enof


jzpt
ceohh
dsub
pdldsblz
xezj
ynorste
de
bncdain
cownv
bsaylvb
nsiruup
rfahsfx
tmensb
hfwcpm
hfczmp
iymbqxya
rmdykk
byzwt
jsgrco
qws
cpto
wcuaf





