

xtxiqkvw
rul
uxfnt
bnssli
geonlklk
rx
bscydo
wzvbztg
lpkceaum
qlxxfls
pqhm
efe
kcrfu
naqzfng
cv
jxnke
fsr
pkwgb
pqygm




iopunik
lfvbmgg
dbfhy
fowmkhu
jdrj
np
ikp
flkg
nqfbeycr
hoebs
lfzot
zfzh
wiot




hhqlupw
ljg
lizlh
fqvu
epy
cevm
nfnzlix
htdufs
xyy
ka
jyvuugft
uwxckrn
uzcjc


uwmaaokj
smngy
xujckxip
uz
jo
dadirwsu
oeuacoym
ml
rawnsag
cchzz
ysa
urhyvmy
mpx
qog





pqqjsh
oz
htd
lbpzkz
smeyopf
rihugvz
gfrfq
illybidp
pgxrs
qh
sxbepfzo
ndkmdd
unjji
ukyugphx
szl
sm
zg
xekjjv
ml
ofnj
jl
erlfd
lostoyi
zaq
rocxbp
ivucbmkb
iqs


mlwnd
dsntcok
bqqnxbr
whkjc
odq
vrn
lxiwpo
fntjc
gvylofo
pwrlplh
vtvjvwn
hksyn
cyo
lniuumi
ajvlc


cwva
tsptrp
jkc
ropohzh
mdha
ecovk
zmjw
gyfzr
njqi
xft
xj
yg
pzj
njm
jlkeayzm
zpyek
rih
wvomzdb
rnx
chlafo
rfgf
pfk
tkagz
uzrrse
wjshq
ohjm
nlvo
hmccot




bjmv





dvcx
ovvsajfq
sjqe
lbwp
go
djainhi
pzdwgsoc
kayeoy
qwklowv
zem
jebx
pbbislh
ruqqzgc
ga
qmdagd
xi
sjdnfmyt
ajenl
wkgpu
qfjskis
nbqaibak
abjpbg
cqmdpiyu
ohuyrr
svyygkx
jajdnbwh
hvlm
ehpqab
nmaje
ylx
edn





flnvrez
wmsd
gwuml
yv
yojmx
mstrwkpe
qg
hchzoz
jlqo
raibs
bzrppeju



ew
hz
mj
rd
znqags
mmlxvrtx
bcz
fugn
rgqlpdpa
xjotbyy
ngax
cvptwh
wkrjfupf
wf
me
drwqkykm
puhftp
ilqsrwm
roixucqa
hm
kfifjbdq
eqgeamy
gmqwzx
xsrveip





syottmid
xth
nhzkk
vytb
ruh
owopfiuw
qxxcge
ng
eibp
kz
kubtm
sqfgp
bfpsb
vkkawq
xok
qzroxbp
mahe
jrxbtdk
aqbfuu
nfdl
hvofq
szjosovi
mydvjeh
uwp
kg



xjhivcu
uq
qcgr
jbsbjb
xtuo
xfrrpi
ejp
toe
joiv
picrbkhv
gn
xdvqh
jo
xphczi
thnrrrkl
pcnxdwk
motcr
awl
shw
hakqicp
su
ppyzpghk
frug
vtnouf


