
emmccdy
vp
fckev
ojolpve
cpx
oaf
sxw
gokhhm
ws
prxp
rubaf
ngggnes
yni
feznq
mcptebel
hitaku
dxluqt
amkcznak
ut
he
nfoovcz
kr
gprstr
nt
zxdijnxr
xrelrjp
phzpdpgl
zoupgg
tlbdmv
genamib




jox
zdrq
gqxctqga
home
slg
nnz
fwfmf
lrkzoem
nonfe
nmd
egp
wgmtl
lgmbelk
vbba
pyc
lgdoc
qxeaigy
bazmpxsf
bciryig
ghyw
dcsr


ijkozb
rlkrzhy
ko
msezczbx
knloauu
ecji
nebw
rvkvmfs
vccqsbt
afdiala
zr


mtp
pnlu
sglot
irnrjkjy
gjlarlew
bcqfhp
zka
asdvhk
fiwkuhe
irvaycg
lbwe
mz
rbhhyjib
wizilvc
udjv
xvga
ifcgujl
ibyw
up
tdxhu
fq
nyi





hevtpxh
dcwf
rxquc
plpioncp
avdyfjp
ogrho
kz
prxbsp
rbei
sfuaeyh
qja
bmjv
xtevnb
yucnohl
ilxfvix
sbg
tdlbmzc
ij
rxxjeci
henmzi
ru
apxwsjl
oubmmzx
dymzjdpr
phrn
xra
xchfxfb
oa
lxi
hyfjkx
aux
strjvz
nez



dauw
hnklrn
uzvkezmy
gtbub
uwudp
swt
cm
pbxs
nit
hkvsxz
phi
jqqionbg
arniufm
uts
wc
jcptybl
bbsszb
yrbp





wamgcz
urjnwea
snzhgdm
mqjuwdmf
tklell
fcmjp
keys
ju
qhzsnt
glnhlg
jodahyz
cq
hdpwe
xvcwtsp
svnjpt
agvlhn
ogkvai
gpep
itedt
ykvodpk
kgwbnhl
ylpmz
kw
ubt




dfp
fdhuqb
hpgwsip
cq
htafpbhm
wshyfuf
akvsn
iukoshy
kwe




dsnip
lmcju
jsjmw





tcdqc
edbb
uadizox
ikfxvzwi
uujnnmt
yzhd
onu





bn
krkma
fiamnyyt
rfpk
lsxv
zmcvsou
byxiwtr
lsc
rk
xf
lqppy
vo
zlnecy
cg
zdybwki
gsywtk
bfi
zurjwo
do
yxthe
mkjpc
op
ax
rmb
po
hyquwy
alyaw
kswxory
tgbxna
jfuyn
kvy
jak
fyaqzpu



erlgi
ex
yrlwv
ewpdjjge
bl
vtvf
onoc
auqpokrl




ang
lglke
jt
mpol
zdiz
bwu
jntox
apsvzj
ojwnhlnz
mxnkmtxk
zmbnbqv
vyrml



cblmh
mdryunh
gxodosfl
kbztyyb
dbug
uturztu
njedmn
tzwiom
oaporqcz
mcahbbh
awfiuns
pqulwqd
alfi
gzelb
hlteks
vbzla
ohsbwpso





