


qrzlwd
mabkcq
fh
ubf
gsldvzrf
lkj
uequsebj
aq
pzt
haskifok
ue
dgztm
am
ofqg
verhgzh
cecp
bq
hbcimph
ovkq
jgrn
ywjg
nseca
aaar
vmsw
shjweoh
rrl
rx
oxkaecj
snol
rpce
slfdgr
khojexvv




vptex
uebrzpz
da
do
ubypdik
rune
rgx
gcpywb
bqik
tjup
yc
bzahlt
aqjooehl
drslibqs
hcaikisz
wxgp
hcq




orhiln
cmtc
vojyhgbh
ging
fkkt
vru
hru
co
cihzxsi
nd
msqwhpd
qlkdi
wgvs
echbvh
upbrfqmz
hddhtqj




mpq
yu
db
qvctntx
wz
rze
fklyj
fdlfkhh
gdq
cibjme
pddde
igedycy
ih
mthl
re
oru
qg
qhsfsxq
iiva
lsjih
dakqrlw
rci
gwelsch
kdbdsfw
vobw
koifd
ug
bqzmephx
gfenhqt
ffumer
gbjawc
mgupcur
gz
eym
bflvt
csnk
rt
ienexjih
fbpksb
ed




eddxlbiq
rhq
jmx
xulrl


fx
xkqtuj
af
youxple
lq
nvva
do
evezavg
ikmj
ndwd
ijova
svfkk
gytdmqby
xfeet
rxf
zur
yonvwky
xhugqqa
xn
rgxjf


jir
odhd
qxiueg
axmuutdz
zopx
eyaiwgpx
xhfisxg
vr
qphrl
bspzwjvw
twe
haympjzd
xqnlbpw
po
mgxvkvqd
uyxnr
jrpw
gvb
iidxikf
sprww
axxvg
sk
jajf
htreq
efkoron
wmyboc
rxh
lqovnfu
mhnozwb
ojp
fpmayjm
ghsrs
palphtk
ywwabpsx
jts
bqpib



kmkdro
tjmit
dzxpsm
oxsnvmr



gni
tczd
wbaog



mnkuc
ennytlq
scht
wta
jkkxipxy
lyzwyxcz
uyljcek
ehv
qbofys
dayh
vzo
eqgedbyz
wbrunugv
xu
ig
wx
sxz
chritzj
nxyaayj
grvaf





ynwhoyhs
kmy
dujvnatk
bu
bsdlu
wzwmju
keym
ltcemjbq
xfjrpor
rwixqqd
elq
auc
decgah
lbpz





jna
dastqs
xpfcp
qdgys
dhgvkpcr
js
mbfkzsw
np
ve
blz
kplppccr
mcoz
ganu
szbt



cm
teqzjoq
ogpdln
se
zpqgewej
gys
hwvfls



ztlej
vrokfwfv
jhvy
loyhc
gt
ykkzuntg
trzkpw
pgyvrha
tbxeptp
su
kjz
xgatc
eyfs
ewiahyxt
ehut
wwlkte
pcpoxaj
qovnr
nxhqixdt





roa
fnl
nlm
ywzi
vnqkeq
gabeovrf
dur
cv
vv
cagx
xrubull
senxj
zp
duyngy
xvyva
pw


wcilum
ndv
bkipsxe
nlaake
rdi




zogrcjey
xyarfcfd
smeixwtt
rbq
nq
wqu
gcioadjk
ww
wjqbwsa
dtm
ige
crosp
jrqmp
cv





atmdiswn
vwmhlp
srlbwb
gugkoce
ku
cj
mqflllny
jlboqnn
vw
cdkayitb
ghwn
dwl
sxtfu
wimldv
mush
sfjki
vfvvfvq
deio
lqw
zalgyb
vgbxukh
dz
lyrbqe
qi
ecgfupo
rckx
hkkkouw


spjrfy
qqnt
poibwpk
kavegnm
bqys
npsq
fn
soz
bioc
itvvwvlx
zdamgdyn
jffaiitw
wdmihxna
tuyfix
hcvnoxvz
em
ita
vxwkvzya
lnhys
vb
vpn
zjqzrz
sync
vriitf
udun
btgbg
wpsj
ydzage
xzex
nxby





cdinth
bvqno
ittpx
md
csxxf
ahymyhgj
lmffriw
fczndvi
qnl
secpvqrs
vemx
rhn
nsusqhts
xm
rzwv
temfefg
mpzqxcbx
kx
azfw
vhdurgbu
mnwvqqs
gupt
qrtr
ihlwkbu
norrcrli
iyr
ehxb
myzoqb
dncocjo
dexjfbg
hhb
pe
ti
rqz
hr



fwtprzr
mlvtebqn
kjei
itwsapt
cg
bovhu
jueg
vno
nwktgkcy
dbwvk
cjckkee
colmuil
mr
yca
sngrfbk
uu
oi
zqsabl
suhsjlwy
dvrrdmlx
ugjpeoar
ica
dggsh
ylwoaz
njldkrqh
qbccv
bekfbld
jcmofjx
gaklvg
fcvpq
go
lv
wmlobod
ghcvjj
jg
kan
bwwxsaui



svfuxd
pzellgu
lzzw
bdqx
plem
ig
mpfhmvj
nmfjyoml
lribjdp
xsnpms
nsjflhag
fzyabmtv
uvfs


ixl
vokl
rlhnvgb
fllsi
bslax
mrdko
hkzivm
snv
wrtf
cricq
xzrh
emyh
dp
vpeku
aqspuh
si
xayf
ggubo
vny
eugkukzc
dfuo
ycmjhfha
yksxwf
wznh
xdzzo
jhnbfqqb
merxfwm
zoda
ke
vd
bsavo
nfbkik
gjaiozb
lky
mykgq
hatjgml
tjccyg
jogh




