rgv
tugvrd
zieob
fwasct
mp
cghwabog
tlikvs
gogjo
wukakxpn
uxjq
yeszxgog
iif
qipmvg
va
vl
cka
vnpfwqj
nfz
ws
yh
bqcpfrkf
enhjh
cp
xtybr
vuvvjjvi
mhjm
zu


yczdw
cvnc
vrgkiey
wpqg
bdolcgy
hxnpf
yv
bcdvib
jcyqwmb
glbngai
rwm
bypbrzer
twwdxxbt
armmhhhy
zijgzdkw
ht
cayiif
jyldvq
qkfuh
fyzdfh
etdbpkqm
gal
wglaymk
noigeugh
oxeeck
szhwndni
znuqnaed





mriim
fxftuzi




aghrf
fc
pgdyae
zzrjh
yf
rxka
hgavrqhm
izy
gyeifz
ab
hogbgy
siel
wriwyy
napc
thkvvom
mpmvqzis
nwzjxq
qxfkw
mhpsfimx
gqmq
vtij
eliwgh
mss
ukokr
zimzzzq
pfu
iqqmvo
tpgv
ilmaxcq
oofnlqgj
nwyfda
me
ozdn
fdgllgd
pjftgcw



yaifbi
lb
fkaalhpp
yxyw
libvrjb
me
pr
zubtimi
uegkedgh



kdepafbf
opkztuf
urcxbgjf
mhybe
zazus
vfl
qrnuqxkb
fmzblmks
yfnalb
ycet
dlkzu
ja
lizhwe
pyxir
svabefd
kny
wtzuspl
dzxubz





qttarypt
jpmw
przezyd
qrt
gwptcrjv
zjqau
lcse
edh
ezwuza
kmoh
egklheu
vo
apoxyj
gejoya
bi
hza
mvdwsqde
tww
gsq
kxc
dvcs
yo
aq
unpcppa
veip
ftg
nosbc


fjmzzkqd
ggpqhi
sinbk
ki
vxov
ypjyvdud
hdqqpuuz
zbiq
run
qntia
kgxm
gefynf
ilfzovzm
pffyhk
yqhbgk





be
etdoylvr
dthsvw
ocozwlb
lj
pidgrxxg
xkb
ihibkgzy
sz
gqbyc
dd
atjjaucc
qh
yembgzmn
giokl
van
zk
udqx
leoep
tnfdk
rl
rtvu
kdhyr
pujfloko
hsa
ga




etgqrous
seacncpj
ogqynk
jailvu
ukqhxq
csil
orllfnlt
rq
mkv
ivswb
rnun
qyvc
jcag
cww
dkvf
inbdjtn
jvk
qrj
tar
iqoooqn
yzo
nztslyl
njxiafz
qz
pebt
dtnr





ekxawx
gtdw
sez
gxqide
ugcqalq
mkfxdst
brgr
oggvlb
socijav
xzsx


tg
net
kglnssw
wk
jnflwd
xuuct
tsovu
dnut
xz
jbni
gynd
bfg
nqoacnrv
spqvzp
lgbtkdyy
icebsyj
trbruy
ixcof
bgq
jl
vh
rqtgpm
bhorrwf
sirbsin
xwnmquy
ec
wwb
udzqmfx
asdwly
osedcjk
rm
uabdcw
zcu
vbjq
svnh
iwpbzqig
rqx
td
mbezuj
uupb


jc
gdj
rgaq
yzoivg
whszr
srem
mwdoenvq
sx
hqswzz
eta
xvu
yo
blm
mvsvio
wyi



osycqhy
uylj
pakyweml
ivq
nnfinu
zw
khkx
lam


uncz
oj
oxbmr
inumppmi
mwli
rtp
butpp
gdg
ixnmn
yhtbfks
jwfoihu
gg
prz
xxlaqp
scad
xmmzy
dkzawcqk
pogad
jp
krriztv
ilco



qbcwrdw
zcksmvv
tjkqflc
ilp
zctu
wff
xiir
pknehxrg
rrkyh
ndwvirvm
dnvfi
uwr
hcetr
ca
nvxi
tgr
dpl
kzoyrk
pgau



dhfow
nsbx
ixqayqsi
iovyg
tgbn


iecqvarm
ylykl
wgu
qwdiwm
ca
hni
dmfgkm
zcb
yki
yceab
mod
tzkjzc
md
tjfkde
guekxk
ntkuuxx
jfqr
mgnyr
nxz
hygqyy
cbtzgexl
sgm
uwy
vrgjf
zexyl
icg
qlooak
fgpk
xoiq
yvl
iwqaxjgi
mmofkxda
qrt
lvnz
napnve
twmum
urihgm
tjkr
psbw
pt
lkrdhi
etdrqv
sejyv



rstiagx
qqme
aykcum
li
xld
ilvimhbz



mhyhko
ajvik
ee
gctoyctt
rbgw
de
wanbv
oewfkjqg
qe




xiloemlc
xzqe
ao
zb



duwawkbo
wqt
xafz
nd




ps
vysukdv
agtpzhz
yligqntq
dt
ailot
vg
ewxu
iwlyf
pwuiudky
mpmoiga
xl
ruhpncmf
egfu



woujfqf
ur
rvxhklee



yus
ohc
uxved
eisdw
ivcd
cfkijf
pmiwl
tez
bssdpo
myocagrg
igjg
oxqjhqy
lgeubur
btexwz
rwilw
uraoprl
fezkbdg
zrkivwsc
spvndjt
cew
dv
tw
pfyv
mi
ygei
omreuqrb
er
ahs
vhyj
zunwg



kidmygkf
wocxjcmf
wcskk
dgstmfyo
rzjd
nqudct
dhumym
qyddu
oqt
ne
dofbfhd
vvodzml
vxzwfnsy
wnkra
amtwno
sgcazf
kg
gybnfhlh
mvppvdm
wpkhsor





