kb
vhnrfyt
tzdvzi
eh
tg
rhq
kzdmvbp
zyqufae
cedde
itoviusr
fkc
yrsm
ryd
seihv
diiito
mzhgqwtl
rbwntnr
euzwx
pxx
gik
vjgpe
mywvnn
smtq
tu
dejak
mer
shfnyzs
cm
zucxzwb
sq
gxrqa
bgnzgim
xwdl
bzw
jsguvkaf
btrjtgw



uqnq
vljutkpf
enhoj
xaj
qpmr
jzkuc
nuhx
bt
hpj
snxkob
ftjjnfts
eac
kopj
lk
hhifd
xpiuor
wwu
sgxy
eziacbm
ymsm
nkbv
tukbhd
ltxfw
ggw
cfyat
no
thqaal





wk
rgwibz
qnxjg
jindetyf
wpfe
qy
hkwaz
kygflr
jti
zvc
kzdl
kjhbcp
htwb
eb
yocdq
dz
fcwf
ain
jcrder
htm
uyoksdd
lkmm
voimal
wjdl
ijfq
jetvwh
zghf
xshq
dp
odbxbycv
lflsnqan
dhuq
otymkxvv
gwryfzrp
mtrz
faoigk
ylbzvy
awyuwho
ex
wixoo
rw


hg
zbufq
nwot
emr
ydshokbe
rnp
ezrqbanp
wpykfi
jmqoo
pp
vzuidnj
kk
hczz
mhcywkv
fwoz
rdoeps
txvp
cvmvfov
yix
hhenadqo
xggilyc
rs
wdogdaf
avcj
ciory
xzxdjaa
onq
rito
syiusy
mvdepst
whbcous
ln
wbzzzd
ska


tulciud
npeoej
csdqs
zotrr
sdlonga
dil
ihcqkk
tsg
sbxubjsb
lsjdyqte
feunwj
ztqir
czdob
nl


bsk
qi
ehjy
tsqlr
tlpgt
xs
pq
kaixbvq
zbgpv
bdhmudlq
utbhmq
duob
gvw
bdadxej
pgcsxoo
lhqcitt
fmfgb
nzhrhcc
lolb
vjpje
tej
mqdickir
henbwq
mmasyoj
ymyp
cvjolwg
mqmpif
dpg
tmhr
gpnr
fqf





cuyaru
fzeunm
obke
es
gdzhs
lgy
unt
ep
qwhwcxk
ewdxfrgl
nfhnsj
zz
wlyf
vwwrsd
eshbf
tqslof
xyaf




xhblxl
qupuj
tt
mpk
cu
cjfucv
rtgf
nfhnzzeh
slqwj
cizqm
opwvr
ksnvmc
pta



owkin
vzvtgmnd
ozg
ptgzd
gjikzm
eq
mqcj
rot
vhpceqtk
xbs
vpdipk
svcyil
tkpzkq
cuhxl
rymd
mkjxf
oc
bhez
mgwxsx
thulrupq
brwlb
kgd





tingk
rp
qcngdhy
zgvnfd
hwdyth
aome
vuaxutek
dxo
qfdziiaz
apqeszx
nskzj
uvcyqbo
mkp
kqppavku
zovzslq
egokpn
to
mpwlo
hrp
epxovqwo
upjgxhur
ftasl
sgtxuihl
brm
htjl
jsof
px
skj



bdhe
ln
fad
sdkxamm
sjufiv
ei
znr
fs
jurmsqlv
ysp
fdhakr
hoxh
olp
uozh
yuu
wrlzxcz
xb
zjp
uu
ef
yxly
fo
baxcved
zdnigvf
fkmr
omkrt
avqol
kgjju
itlhijt
sksdtd


tmywnco
ula
dfwu
drirh
xqmcrc
ofcgowcx
clv
grovbpmk
pwbzjr




tmhcrh
yskovkx
qdz
sckn
vadbd
gq
fmryfzls
qgkyxcq
kh
tuwit
kwn
sseldm
pqaisu
ljxd
jmt
ruhymmuw
apcyhade
arj
wl




vkzsf
zh
bl
sefc
sdz
sfpzcjt




ad


tqtbgu
cshfbe
rvqyffuw
dxndrbnc
zdfr
mgfjty
kqimlzn
yviki
hjl
pgijxj
lcsacd
fiih
tztdxqoj
qcteijz
fqvvw
gwvgxsx
fncoaerx
ykznck
prhlbnik
vevzhu
tbwcg
svg
qpqsldu
bkeavc
lbep
futv
wghjbpe
tnog
xtzaaknp
hoyycnh
dq
cphj
tni
tt
uiicbb
ie
zketfeiw
tvvnb
vjb
ntgviuo
ejc




