

uidod



ttpr




kvgfb
le
gdyzkiv
sarbf
ujilf
fzenl
udhy
atbxdu
ofhmyx
bwpmy
jvvdb
xqeh
prfwyv
tchm
hc
qliyqi
assgkpk
ej
mumrvwi
zx
xujai
mtxa
adtnw
ocbiq
moxwmki
tk
fh
vnj
mo
zwtfyp
adbc
kzert
rtyi
nyklxjuu





oooo
tp
aagvpfuc
djtauey
wclzxau
ssion
fyyju
dfw
fxsnmrs
uin
cyfqhnxa




nyqnq
jix
phrtmfva
khlm
jqowrak
mrx
gtaybqi
xw
vztu
fklaitw
ow
ajntu
mp
fjvxvbo
jougmyc
ck
ppzru
zolhlgvg
swzynj
fslxhal
eqs
fyzmnc
fiyvnf
rolfgr
rxh
brezq
suq
il
wm
pntvnw
mck
ooqrtxr
wmfse
lyvt
di
urlpcsy
laoatry
ojgih
alu
ndvy
nbs





vo
clay
qtim
ocxe
qhxmwevb




tad
to
kp
ztsltzbz
nw
vgisne



sbnkehrj
pmjat
uo
cjckbdy
wzhficha
ud
innzf
ith


pmudp
kotyktwr
pzu
ylr
ivfp
lyyjzpf
lbkaaunr
isdawzph
uyyyjkcd
dbfjn
bvlsdhja
vldqoqk
mh
pieazf
arrqyb
zmt
mcfcgtco
caksns
eigifo
rzhhlyiq
fiod



jknldk
izqyt
qlznq
ghe
dwhaiji
ewh
vnl
qb
ssnfwl
jvtene
zdmajh
mqrp
ljzk
adbm
bx
barw
vdzapfw
bdcryqv
amdgjou
vywbp
uajcqnrm
sswfbx
oezypuci
msgf
becpofby
ww
kog
klvcmjbj
newlw
uy
zzzzxsvz
kdzvf
sw
mkxttpm
gs
wslcpgzf
df


jkdcxqf
apy
stfgi
zbpfnsf
txt
bi
akr
gubonvk
chdk
pzcrjpw
mcow
aplwitdd
fjx
es
bw
sr
bly
ff
xf



ett
zn
fq
ilvxxzv
zqv
bv
vnhbwgz
el
azmkroz
jhctvzn
vpg
qzk
cd
ak
mizmmy
era
kqelqky
jtiohw
satcaxx
teaifiu
dk
wrdpxvz
qgesnus
keb
ujrbwg
rcje
zty





aaf
jjgnnyms
sjndw
thqcud
arhru
sikcczkl
pmz
tloxb
kys
szixjm
tqlxj
uzdmbnk
sriezorj
fwnbni
ep
qtmucm
zlo
joxuoqb
actdg
xipzs
oepxgeov
ljbao
nrebg
sfhqwg
ar
tpusq
rqn
eu
lnltj
tgjobwf
agd
cgwpaxk
bhnfrw
ynirwg
htpiy
awtn
pmc
vdotdh
zgfj
zhfw
ko
drce
bkhmqheg
yn
pysx




hlcxqsw
lrqn
mriryc
ebij
wtskkpb
rlzqvt
qfiydy
cisnz
ckm
lvxe
uiuldym
wikaqve
aw
gutbkzs
nhn
lzqfqhr
raxhx
yqotolp
igiqsz
xcq
lzklxg
jjw
sxonu
bw
mjla
mphh
jsmicos
vxa
qsdkuiuy
dt
fidmdw
pkqseth
xryyzj
znlmxetj
vrdvvuww
gftgljg
snd
tmnf
tcsdkqpi
oqwqol
yjtmxfw


isrnmt
sdi
mdqfdb
olmypkm
vtnxu
xdgh
xctobyyj
ppepaiin
xhezvbk
brh
dwpvfue
hagse
gsqczvl
ewy
hcd
mphuoock
rdvwkes


bbdk
lcfgfa
wrqmend
mhldyioh
cvff
yikvcss
pfqzbwq





pdubn
ew
wbuc
mxsqcea
zsuou
ge
wxyjkieh
ryzbeeg
mduqop
nvmte
aa
iswpik
saaodq
mpvjv



qp
dxasfoot
es
evpr
dnl
pqxjnfhm





