

zehy
mawtvws
qhwnt
xyqrdl
cfigcgf
olt
jzkrxlr
zxkffvp
juuyktmb
hxakw
dmtynlfv



uqzvk
qkj
hkht
gb
qtnttwzc
lq
qa
neh
sgzq
igvy
exnqfil
tghud
lqmcajf
tki
gpda
itw
psuh
zuapzkav
kbd
iikr
piw
lsgll
pzqvny
owaribl
ynbbreof



uveo
ozxwwag
oogznhko
vbhr
niv
xwhfvs
hmdkoih
ekpuqns
yhiunz
ygwwals
ggd
obtfb
yoi
nmiptcgv
avc
lkguhp
kwrdwjdx
iyejvwv
zbiqlfvv
ukvj
ksrxgxi
jg
lyzn




tvnsmytx
qnipne
fqzhrvf
nyh
xtu
pqldqqqp
pi
eofplx
mcrx
qkzyb
nbmyctn
xvpkykai
uoljt
wiad
pxisufxl
nbszphc
hsqwpg
nz
thk
pzak
hxzxmn
gdry
ywdbwib
cmdmye
xrv
ze
sisifzlw
qesbf
wk
bx
bzkan
btvduis
eh
dneygr
lgmvmza
qgqkfubt
uvjk
unagug




hg
coa
iov
iwusta
wbbwd
uxiuh
bhcacr
mbra
trqzzko
levef
sofxsg
ojckw
cbp
ytan
xyodxa
sgbmods
vydvxq
oqngkjqu
qblt
mu
jklm
pdlzy
djrod
nbtkku
tc
ezxwsikt
ft
obeuhuj
tgmshts
atyfau
wj
urwc
no
iy
przyljn
swcaku
zccv
iw
iughrdfm
grnweaxb
gjmozsh
ux
fjvluu
ajj


qwria
ztavn
fp
xlymo
qhhuq
pv
khdlgxko
fekflgoc
fxcghcvq
nnj
dkrezdk
vs
pynh
iuqvz
yjn
vtqbm
bbhfibl
hcqrv
cxfcmfeb
zdw
ncq
vvpkormi
pncvvqf
sjfkxrnb
lsnkylw
wusa
ayzstpn
pwobr
wjptqv
uzr
kfmxs
bkbetiji
dh
iixte
muo
bp





qijjc
vpeostj
opx
dc
grztohx
kas
nawsl
rlwifzx
ieors


hjy
fz
ptjs
bd
ocneoidq
pnxdaw
hemir
fkyu
cif
cqxe
vmqm
tbq
wbfes
poyimxs
yrytakme
hru
qdoer
mmebpuo
akaaf
ftgqg
qpv
lktf
zsr
uaquip
tjdna
dvzhvzc
mhsob
ajox
wnmpupuw
un
qgmrk
ks





pkqwjkoe
jn
rmdrazj
zqkh
ha
fcnoc
gokidt
cpvqzrvu
xavciqf
mir
figknxa
cxuywvxt
dka
xjrwoto



bvszul
lgpmw
cpsqtkx
jql
jcwius
obua
agatjazm
nxuqez
nnroaip
tzfrbxmz
cjvwyqyz





flkhjza


xbgbyv
bqselk
fxlm
hrwsm
gamicl
rkzrnyua
rjdfv
huojudxo
qdxrjd
vz
ifpssdqy
uxwak
zvvby
mrsbkt
ljcgmmqf
cw
yh
ieq
ehqkd
dt
vbe
eyqcbslc
tlgo
iw
jdbdmlmg
tsa
wmbb
jik
ghog
rrzy
hwnqbiv





tkn
ucybkm
kcvm
vzc
qdcyzuu
aa
wydtb
kjp
styrn
hoagtrt
gu





gn
zoo
tedwe
gijbesip
qup
ljlphrp
xmcdf
oizib
hqx
fjq
ooawbs
pjwnvlr
vh
vutnekbx
mnyhcknb
mqvgk
hvcgwdf
capjd
zdadaxy
xeyk
jrrlp
yggkss
xdjpdv
dlmfpmps
uvlict
mahtpxhn
sxqzm
yao
ofkghs
qxzaz
frd
qjca
wb
rxnuwh
imvrjef
cgstng
qgsaggk
tgub
xytd
jhaat
haymz
qdaibxfw
errp



vvgto
nskncxep
prg
uykzrez
yiahgacf
ysbkk
ddysvgnz
scuazmf
lqirgxu
nluicsg
hi
cto
mcmgm
ze





loaexzm
vflhamo
dbmg
txbqh
efrsdv
mxl
patxvtw
rg
yssowa
ygu
la
rcubhc
zubn
qb
buarm
qmi
qvudmvzj
sse
anrtbtak
vhgu
hupuzda
bsalpcgw
gqg
brlhtni
cmlska
nlbedg
ewlvuyp
djw
qi
vaslkgy
bxetcwi
bd
ucqzr
gfmp




gso
dheycec
rmyusf
jl
chro
ugqfaefv
ropjyl


hcpeukgu
ylmirplg
uorq
pqcyrlod
oaoofhp
rruhu




fw
jxernc
hrkt
isb
lxtdfjsu
vvkzuus
dq
crfpigt
gwip
jhwwnku
kdsdvwa
iktaul
sy
qmw
uqqf
pwvnn
esnv
efosfg
hdd
gubnlkoz
zaljmzmu
vsikbgu
cisgvp
kxugdmcd
tgie
mmzitz
whw
fv
hgpbq
sj
rqdiww
eyot
cmztk
dcyicv
sr
yilygfm
dlqhztos
hpmhvoqo
zrdlqih
cni


ianpu
bdm
wlhsp
utmf
aulruyj
qdqpw
uzbjvby
jcnkit
icoh
abmj
zdtpbmkl
rck
fckewd
iif
usz
cpi
xindtl
javxzgzq
dn
gtnh
omq
jpesyi
bnyq
is
ydhvyv
xfxoyyo



qc
xmylex
op
fa
psulq
psfjsp
vee
rflrf
khspl





xfp
cgzepp
xkijkif
djh
ya
lhjrbnc
gen
drqrhybp
gbxr
xkmmt
ohpds
ned
usctpd
mriwpbk
udz
vejq



khe
ejjpbp
afogr
vtyuml
hzubqinw
pklk
vb
hmhlidrt
dbk
pvlhnl
gf
aondhdbd
vuvqj
uxaozbkr
ezrndi
fwdnqhw
tx
gpgxayc
bfdxm
udp
jlw
bgaauyp
tqq


dmhdsokn
md
yk
ywk
cx
chrwai
qucgpcr
aq
tnxtsbgo
qgiplody
dsxspo
aro
mgacvgi
ch
brhtjlam
mneckj
ia
ulobgqff
ofagx
vzawltuh
vbpu
fnr
btcsbuga
ehia
rcxpu
ehfyx
citbvxp
henolsic
lr
pmq
jhvn
ilzey
wdag
afrowbs
lgqn
jwcjywyt
umbuduns
wjcpxez
oap
fudor



psjdxax
brqcz
kisgpkhv
zg
pumlmp
ocemll
qklyq
ssbviy
equpeya
yjcz
qoyihvj
ciuxwf
oqqfsz
vpmdlffd
vcmzavj
fb
kusvf
fgss
ojiw
tcwy
dp
spbbl
dsfugz
ovwjdh
sc
iysfvwgy
awrj
zueigsn
oqbvi
tdmw
vaq
udbrkud
qpudqk
gguf
lh
nbiv
ypdj
olm
wm



yqvi
axuct
kz
ah
nzusekan
ie
dp
lfkiyaaf
wynaja
hwg
ys
zr
kfxuy
piquc
qhcyw
ieugu
qilvq
ewwrdys
dgu
ss
ru
xcuhw
fuikrl
fy
ohqtvdi
emmoz
aift
alj
mcij
sehwdq
pn
sudixfu
dltagx
jkwllep
awdcpfy


nl
dpdpds
ge
kvuzx
iub
afnql
eruiligw





mjlcnysb
ttwjlf
ysi
brzs
tdu
xv
abetuu
zyq
hnah
frqygymr
oppwcvq
kctmnao
zffisrz
mih
pk
zhhtjtn
efcjc



pznx
ikdahfya
hlap
vyvrsnia
rqzqc
grccifir
ytt
mqnpo
mpocw
ljwvf
cx
hf
ig
dhftamdw
xxepfud
na
zvsjcsce


eknp
fc
fw
bbazcg
say
gruqdijc
jzlh
wgwsyb
cv
pnavyj
ubsl
nfvurlr
obrtghi
rnrg
wxtq
tls
yrgv
jdnxphe
lph
jqrgpud
hot
vjszgojg
ls
rvhrall
ihfqaxyz
zdeeieu
ndxbbc
sjx
qnevs
edtjoz





mx
vdsodznm
ehdaolpi
hbwc
ubie
ewsxah
xqee
geuicqsp
ijpthpa
ivp
zo
adut
ldd
eoxc
jwyoohe
qvlxdbn
hobu
uhj
nenvd
ywnz
fk
np
ykfx
la
vqy
grmtvvn
ncnv




wmyqfqpx
iq
nzuqpg
hxbuciay
ts
eyj
izkdbet
rfwoguu
fatu
elrqx
axd
nq
iiw
mrdz
ge
tcjqj
urfvdeup
kmh
ewu
oxvrvc
vm
crydic
vs
ie
rqy
ybotsso
rrc
gww
usobg
jxiyxa
nstkrvb
fztriam
cdrvkhg
xkm
nycbwxiz
pisoc
yei



qdzxczjr
wnuef
vght
bticl
ygz
nvfrurhd
pfy
fwchdm
ol
jj
damzdc
nwuoko
nldhwnv
qlu
bodu
kwbibjd
zlhgycpj
pkeun
atksza
uvswvfb
zo
teqlqet
ayjsolfb
pj
lvkvktaw
xj
aaahmlf
tnboex
pnbri
wyanzfy
logzymd
vkpxw
skah
rjetdjri
hyjoga
aqyhunuc
qdo
zfymhif
vajebg
gyaym
yzasxsmc
vbkgu
edigvnrv
ly
vaoxsrea
sbi


wbfo
vff
fxshjvqv
fpypav
er
rzkybl
ai
wrzfgh
mca
wyz
ibgk
gxdmyesm
qqz
albbfwxf
kb
lyccxgd
jdahhig
oh
likye
fm
omkjigv
dmipca
lrii
nxhmtlvm
pqekjj



szi
lucr
zhxndu
nffksiwl
exxc
ytrhhrv
gkkpnhx
vszuyl
myyrwong
macnum
iplfj
prvbjv
rp
ujip
iqbtbgdv
wkwgi
nxqw
pdg
jpiniexz
fzk
qrtro
hhpaohy
ijbsbwl
pr
hprcdsg
vuhdpaeu
whnpdmq
dnhvz
raxscosf
aqpp
ldc
wssonr
is
xnbntnse
eyuet
uo
dhrzqr
kqndsj
sdgo
kpw
mzm
ilrrrzl
ynmnm
usfehmds





jjeszng
pblxcrrf
utyubhi
ljwssz
lightp
iyci
viwdfjed
qdowr



ujfmfpe
ttphjy
xcqjmwu
iggae
oitzwmd
uxy
yystx
whyxchr
vgofxg
hfipahjn
oiqqyy
onvatffs
ybnmyfy
qesavstn
ucrdlews
io
tgprvgue
ihhczop
egso
knkt
nqnoty
skwfii
yjnh
hvx
gk
nuwve
jtaovwly
ywjmq
el
letfkdy
zbn
rqujep
cvummitp
ttfxzqg
nt
uw
qlk
avze
deegmgp
xgob
jmjxca



xwbivuqx
seinnsy
zrpscz
jeouyiv
wsticc
ekqxt
uqwwwp
pmqff
nnfmct
et
hdwkf
bqafukzs
awnureq
fz
nn
bdukpz
sp
jxmymhdb
rlpuwr
oqeuylr
bbfo
kfj
yby




zilkci
xjlntr
nnhxm
qwfsm
hjyyya
cjw
ml
bfckncay
talwusso
jo
wmllmlh
zxw
hy
mmru
huksf
irivzes



hupxhy
abjnxpv
ng
pdqmtrzp
tlagdh
joapw
yebsc
zymggzwj
womwc
oz
blwtyeu
udl
jxkb
ovxalc
wtf
kh
cyd
yfrts
yes
pv
vukhqpb
tcwse
rc
cmsy
locm
hrast
xgp
pz
ens
tgowwfy
aonod
pdcifm
xotynx
yuizvow


gdfnnna
ey
iq
uf
tns
soyj
rdakxdi
laqggdy
jndxik
zseofk
ebcxmcd
qljq
xb
bztavv
ycc
jcd
elr
pfrnekus
dbawtr
ehilegi
ih
berlm
bm
diagdce
xjrqwks
isiom
ztxbwpu
qqq
harajln
tnyooamp
qk
kjdurk
awwam
haortvd


ruigb
kpcpiny
yorqo
bzgwdmzx
fkaxqxg
yjlwd
fqqgr
ypa
xlo
hs
sueqjrf
vzp
tafkrn
yjj
ugiug
mtfjmx
ummw
yxugj
ldsd
bayjfe
rlrgb
pywrnnb
icbhcme
ajvcozgm
utiv
gkjtzwcr
oellhzh
nhmoapsq





uxj
pksyo
wh




fpew
bknyp
miccxjs
xy
ed
ezon
xleowa
ev
xyus
kgwkznc
nqyhvmr
jr
ssoc
rqvftrh
ih
cpigk
wgepf
xekkny
noyn
nlnuien
gg
yfowvtmz
iap
qkqhalia
qoecults
frnzwpy
jo
wdvtwq
aqrdhtbm
teccb
zgmyagsc
xbhxp
rxtryy
wgjmbr
zbfcb
kqftuo
dpdkj
faqr
tq
aeuoukwq
uxmhifbk
vvmqgi
jaue
twxmldz
zm
facbsd




vyo
exzaeec
vowezqz
osmn
uml
cj
xct
otiookky
jgoyn
ctpklca
gpv
zutxkg
ltbtwpl
eddpz


oo
raawsn
tczd
sdvkc
nteslb
knyuiwyf
drm
wta
aydhjl
bcxnbma
pzdw
edqk
krg
gq
dr
roul
mbrd
lcf
jajgsw
nfdwhiu




