((-0(-1-))3(((((-4-)5-)6((-7-)8-))9(-10-))14((-16(-16(-18(-19-))))24(-25(-28-)))))
Search 3
((-0(-1-))3(((((-4-)5-)6((-7-)8-))9(-10-))14((-16(-16(-18(-19-))))24(-25(-28-)))))
Search 4
(-4-)
Search 14
(((((-4-)5-)6((-7-)8-))9(-10-))14((-16(-16(-18(-19-))))24(-25(-28-))))
Search 15
NULL
Search 9
((((-4-)5-)6((-7-)8-))9(-10-))
Search 10
(-10-)
Search 24
((-16(-16(-18(-19-))))24(-25(-28-)))
Search 25
(-25(-28-))
Search 25
(-25(-28-))
Search 26
NULL
Search 0
(-0(-1-))
Search 1
(-1-)
Search 6
(((-4-)5-)6((-7-)8-))
Search 7
(-7-)
Search 28
(-28-)
Search 29
NULL
Search 5
((-4-)5-)
Search 6
(((-4-)5-)6((-7-)8-))
Search 4
(-4-)
Search 5
((-4-)5-)
Search 10
(-10-)
Search 11
NULL
Search 16
(-16(-16(-18(-19-))))
Search 17
NULL
Search 16
(-16(-16(-18(-19-))))
Search 17
NULL
Search 8
((-7-)8-)
Search 9
((((-4-)5-)6((-7-)8-))9(-10-))
Search 18
(-18(-19-))
Search 19
(-19-)
Search 7
(-7-)
Search 8
((-7-)8-)
Search 19
(-19-)
Search 20
NULL
Search 1
(-1-)
Search 2
NULL
