(((-1-)5((-10-)11(-13(-13-))))14((-16-)21((-22(-22-))28-)))
Search 14
(((-1-)5((-10-)11(-13(-13-))))14((-16-)21((-22(-22-))28-)))
Search 15
NULL
Search 21
((-16-)21((-22(-22-))28-))
Search 22
(-22(-22-))
Search 5
((-1-)5((-10-)11(-13(-13-))))
Search 6
NULL
Search 11
((-10-)11(-13(-13-)))
Search 12
NULL
Search 13
(-13(-13-))
Search 14
(((-1-)5((-10-)11(-13(-13-))))14((-16-)21((-22(-22-))28-)))
Search 13
(-13(-13-))
Search 14
(((-1-)5((-10-)11(-13(-13-))))14((-16-)21((-22(-22-))28-)))
Search 28
((-22(-22-))28-)
Search 29
NULL
Search 22
(-22(-22-))
Search 23
NULL
Search 10
(-10-)
Search 11
((-10-)11(-13(-13-)))
Search 22
(-22(-22-))
Search 23
NULL
Search 16
(-16-)
Search 17
NULL
Search 1
(-1-)
Search 2
NULL
