((-2-)3((-3(((-7-)8(-9-))11(-12-)))13(-14(((-16(-16-))18((-18-)19(-19-)))24(-25(-27-))))))
Search 3
((-2-)3((-3(((-7-)8(-9-))11(-12-)))13(-14(((-16(-16-))18((-18-)19(-19-)))24(-25(-27-))))))
Search 4
NULL
Search 13
((-3(((-7-)8(-9-))11(-12-)))13(-14(((-16(-16-))18((-18-)19(-19-)))24(-25(-27-)))))
Search 14
(-14(((-16(-16-))18((-18-)19(-19-)))24(-25(-27-))))
Search 14
(-14(((-16(-16-))18((-18-)19(-19-)))24(-25(-27-))))
Search 15
NULL
Search 3
((-2-)3((-3(((-7-)8(-9-))11(-12-)))13(-14(((-16(-16-))18((-18-)19(-19-)))24(-25(-27-))))))
Search 4
NULL
Search 24
(((-16(-16-))18((-18-)19(-19-)))24(-25(-27-)))
Search 25
(-25(-27-))
Search 11
(((-7-)8(-9-))11(-12-))
Search 12
(-12-)
Search 25
(-25(-27-))
Search 26
NULL
Search 18
((-16(-16-))18((-18-)19(-19-)))
Search 19
((-18-)19(-19-))
Search 12
(-12-)
Search 13
((-3(((-7-)8(-9-))11(-12-)))13(-14(((-16(-16-))18((-18-)19(-19-)))24(-25(-27-)))))
Search 19
((-18-)19(-19-))
Search 20
NULL
Search 8
((-7-)8(-9-))
Search 9
(-9-)
Search 16
(-16(-16-))
Search 17
NULL
Search 19
((-18-)19(-19-))
Search 20
NULL
Search 9
(-9-)
Search 10
NULL
Search 18
((-16(-16-))18((-18-)19(-19-)))
Search 19
((-18-)19(-19-))
Search 16
(-16(-16-))
Search 17
NULL
Search 2
(-2-)
Search 3
((-2-)3((-3(((-7-)8(-9-))11(-12-)))13(-14(((-16(-16-))18((-18-)19(-19-)))24(-25(-27-))))))
Search 7
(-7-)
Search 8
((-7-)8(-9-))
Search 27
(-27-)
Search 28
NULL
