((((-0-)4(-4((-6-)8-)))9((-9(-12-))13(-13(-14-))))15(((-15(-16(-17-)))18(-20-))24((-24-)26-)))
Search 15
((((-0-)4(-4((-6-)8-)))9((-9(-12-))13(-13(-14-))))15(((-15(-16(-17-)))18(-20-))24((-24-)26-)))
Search 16
(-16(-17-))
Search 9
(((-0-)4(-4((-6-)8-)))9((-9(-12-))13(-13(-14-))))
Search 10
NULL
Search 4
((-0-)4(-4((-6-)8-)))
Search 5
NULL
Search 24
(((-15(-16(-17-)))18(-20-))24((-24-)26-))
Search 25
NULL
Search 13
((-9(-12-))13(-13(-14-)))
Search 14
(-14-)
Search 18
((-15(-16(-17-)))18(-20-))
Search 19
NULL
Search 9
(((-0-)4(-4((-6-)8-)))9((-9(-12-))13(-13(-14-))))
Search 10
NULL
Search 26
((-24-)26-)
Search 27
NULL
Search 4
((-0-)4(-4((-6-)8-)))
Search 5
NULL
Search 8
((-6-)8-)
Search 9
(((-0-)4(-4((-6-)8-)))9((-9(-12-))13(-13(-14-))))
Search 15
((((-0-)4(-4((-6-)8-)))9((-9(-12-))13(-13(-14-))))15(((-15(-16(-17-)))18(-20-))24((-24-)26-)))
Search 16
(-16(-17-))
Search 16
(-16(-17-))
Search 17
(-17-)
Search 6
(-6-)
Search 7
NULL
Search 13
((-9(-12-))13(-13(-14-)))
Search 14
(-14-)
Search 17
(-17-)
Search 18
((-15(-16(-17-)))18(-20-))
Search 12
(-12-)
Search 13
((-9(-12-))13(-13(-14-)))
Search 0
(-0-)
Search 1
NULL
Search 14
(-14-)
Search 15
((((-0-)4(-4((-6-)8-)))9((-9(-12-))13(-13(-14-))))15(((-15(-16(-17-)))18(-20-))24((-24-)26-)))
Search 20
(-20-)
Search 21
NULL
Search 24
(((-15(-16(-17-)))18(-20-))24((-24-)26-))
Search 25
NULL
