(((((-4-)7-)8(-8(-8-)))9(((-9((-12(-13-))16-))17(-17-))20((-20-)24-)))26(-26(-27(((-27-)28-)29-))))
Search 26
(((((-4-)7-)8(-8(-8-)))9(((-9((-12(-13-))16-))17(-17-))20((-20-)24-)))26(-26(-27(((-27-)28-)29-))))
Search 27
(-27(((-27-)28-)29-))
Search 9
((((-4-)7-)8(-8(-8-)))9(((-9((-12(-13-))16-))17(-17-))20((-20-)24-)))
Search 10
NULL
Search 26
(((((-4-)7-)8(-8(-8-)))9(((-9((-12(-13-))16-))17(-17-))20((-20-)24-)))26(-26(-27(((-27-)28-)29-))))
Search 27
(-27(((-27-)28-)29-))
Search 8
(((-4-)7-)8(-8(-8-)))
Search 9
((((-4-)7-)8(-8(-8-)))9(((-9((-12(-13-))16-))17(-17-))20((-20-)24-)))
Search 8
(((-4-)7-)8(-8(-8-)))
Search 9
((((-4-)7-)8(-8(-8-)))9(((-9((-12(-13-))16-))17(-17-))20((-20-)24-)))
Search 20
(((-9((-12(-13-))16-))17(-17-))20((-20-)24-))
Search 21
NULL
Search 24
((-20-)24-)
Search 25
NULL
Search 20
(((-9((-12(-13-))16-))17(-17-))20((-20-)24-))
Search 21
NULL
Search 17
((-9((-12(-13-))16-))17(-17-))
Search 18
NULL
Search 9
((((-4-)7-)8(-8(-8-)))9(((-9((-12(-13-))16-))17(-17-))20((-20-)24-)))
Search 10
NULL
Search 7
((-4-)7-)
Search 8
(((-4-)7-)8(-8(-8-)))
Search 8
(((-4-)7-)8(-8(-8-)))
Search 9
((((-4-)7-)8(-8(-8-)))9(((-9((-12(-13-))16-))17(-17-))20((-20-)24-)))
Search 16
((-12(-13-))16-)
Search 17
((-9((-12(-13-))16-))17(-17-))
Search 17
((-9((-12(-13-))16-))17(-17-))
Search 18
NULL
Search 12
(-12(-13-))
Search 13
(-13-)
Search 27
(-27(((-27-)28-)29-))
Search 28
((-27-)28-)
Search 29
(((-27-)28-)29-)
Search 30
NULL
Search 28
((-27-)28-)
Search 29
(((-27-)28-)29-)
Search 13
(-13-)
Search 14
NULL
Search 27
(-27(((-27-)28-)29-))
Search 28
((-27-)28-)
Search 4
(-4-)
Search 5
NULL
