((((-1(((-1(-1-))2-)3(-4(-5-))))6(-6-))8((-12-)13-))15((-16-)18(((-18((-19(-19(-19-)))20(-21-)))23(-25((-27-)28(-28-))))29(-29-))))
Search 15
((((-1(((-1(-1-))2-)3(-4(-5-))))6(-6-))8((-12-)13-))15((-16-)18(((-18((-19(-19(-19-)))20(-21-)))23(-25((-27-)28(-28-))))29(-29-))))
Search 16
(-16-)
Search 18
((-16-)18(((-18((-19(-19(-19-)))20(-21-)))23(-25((-27-)28(-28-))))29(-29-)))
Search 19
(-19(-19(-19-)))
Search 8
(((-1(((-1(-1-))2-)3(-4(-5-))))6(-6-))8((-12-)13-))
Search 9
NULL
Search 6
((-1(((-1(-1-))2-)3(-4(-5-))))6(-6-))
Search 7
NULL
Search 13
((-12-)13-)
Search 14
NULL
Search 29
(((-18((-19(-19(-19-)))20(-21-)))23(-25((-27-)28(-28-))))29(-29-))
Search 30
NULL
Search 1
(-1(((-1(-1-))2-)3(-4(-5-))))
Search 2
((-1(-1-))2-)
Search 23
((-18((-19(-19(-19-)))20(-21-)))23(-25((-27-)28(-28-))))
Search 24
NULL
Search 12
(-12-)
Search 13
((-12-)13-)
Search 18
((-16-)18(((-18((-19(-19(-19-)))20(-21-)))23(-25((-27-)28(-28-))))29(-29-)))
Search 19
(-19(-19(-19-)))
Search 29
(((-18((-19(-19(-19-)))20(-21-)))23(-25((-27-)28(-28-))))29(-29-))
Search 30
NULL
Search 20
((-19(-19(-19-)))20(-21-))
Search 21
(-21-)
Search 19
(-19(-19(-19-)))
Search 20
((-19(-19(-19-)))20(-21-))
Search 3
(((-1(-1-))2-)3(-4(-5-)))
Search 4
(-4(-5-))
Search 4
(-4(-5-))
Search 5
(-5-)
Search 19
(-19(-19(-19-)))
Search 20
((-19(-19(-19-)))20(-21-))
Search 2
((-1(-1-))2-)
Search 3
(((-1(-1-))2-)3(-4(-5-)))
Search 1
(-1(((-1(-1-))2-)3(-4(-5-))))
Search 2
((-1(-1-))2-)
Search 21
(-21-)
Search 22
NULL
Search 1
(-1(((-1(-1-))2-)3(-4(-5-))))
Search 2
((-1(-1-))2-)
Search 6
((-1(((-1(-1-))2-)3(-4(-5-))))6(-6-))
Search 7
NULL
Search 25
(-25((-27-)28(-28-)))
Search 26
NULL
Search 28
((-27-)28(-28-))
Search 29
(((-18((-19(-19(-19-)))20(-21-)))23(-25((-27-)28(-28-))))29(-29-))
Search 27
(-27-)
Search 28
((-27-)28(-28-))
Search 19
(-19(-19(-19-)))
Search 20
((-19(-19(-19-)))20(-21-))
Search 5
(-5-)
Search 6
((-1(((-1(-1-))2-)3(-4(-5-))))6(-6-))
Search 28
((-27-)28(-28-))
Search 29
(((-18((-19(-19(-19-)))20(-21-)))23(-25((-27-)28(-28-))))29(-29-))
Search 16
(-16-)
Search 17
NULL
