(-3((-3(((((-3(-4-))7-)8((-9(((-9-)10-)11-))12-))13-)15(((-15-)16((-18(-18-))19-))21(-21-))))24(-24((-26-)28-))))
Search 3
(-3((-3(((((-3(-4-))7-)8((-9(((-9-)10-)11-))12-))13-)15(((-15-)16((-18(-18-))19-))21(-21-))))24(-24((-26-)28-))))
Search 4
(-4-)
Search 24
((-3(((((-3(-4-))7-)8((-9(((-9-)10-)11-))12-))13-)15(((-15-)16((-18(-18-))19-))21(-21-))))24(-24((-26-)28-)))
Search 25
NULL
Search 3
(-3((-3(((((-3(-4-))7-)8((-9(((-9-)10-)11-))12-))13-)15(((-15-)16((-18(-18-))19-))21(-21-))))24(-24((-26-)28-))))
Search 4
(-4-)
Search 15
(((((-3(-4-))7-)8((-9(((-9-)10-)11-))12-))13-)15(((-15-)16((-18(-18-))19-))21(-21-)))
Search 16
((-15-)16((-18(-18-))19-))
Search 21
(((-15-)16((-18(-18-))19-))21(-21-))
Search 22
NULL
Search 13
((((-3(-4-))7-)8((-9(((-9-)10-)11-))12-))13-)
Search 14
NULL
Search 8
(((-3(-4-))7-)8((-9(((-9-)10-)11-))12-))
Search 9
(-9(((-9-)10-)11-))
Search 12
((-9(((-9-)10-)11-))12-)
Search 13
((((-3(-4-))7-)8((-9(((-9-)10-)11-))12-))13-)
Search 16
((-15-)16((-18(-18-))19-))
Search 17
NULL
Search 9
(-9(((-9-)10-)11-))
Search 10
((-9-)10-)
Search 15
(((((-3(-4-))7-)8((-9(((-9-)10-)11-))12-))13-)15(((-15-)16((-18(-18-))19-))21(-21-)))
Search 16
((-15-)16((-18(-18-))19-))
Search 24
((-3(((((-3(-4-))7-)8((-9(((-9-)10-)11-))12-))13-)15(((-15-)16((-18(-18-))19-))21(-21-))))24(-24((-26-)28-)))
Search 25
NULL
Search 19
((-18(-18-))19-)
Search 20
NULL
Search 11
(((-9-)10-)11-)
Search 12
((-9(((-9-)10-)11-))12-)
Search 10
((-9-)10-)
Search 11
(((-9-)10-)11-)
Search 7
((-3(-4-))7-)
Search 8
(((-3(-4-))7-)8((-9(((-9-)10-)11-))12-))
Search 18
(-18(-18-))
Search 19
((-18(-18-))19-)
Search 28
((-26-)28-)
Search 29
NULL
Search 21
(((-15-)16((-18(-18-))19-))21(-21-))
Search 22
NULL
Search 3
(-3((-3(((((-3(-4-))7-)8((-9(((-9-)10-)11-))12-))13-)15(((-15-)16((-18(-18-))19-))21(-21-))))24(-24((-26-)28-))))
Search 4
(-4-)
Search 18
(-18(-18-))
Search 19
((-18(-18-))19-)
Search 4
(-4-)
Search 5
NULL
Search 26
(-26-)
Search 27
NULL
Search 9
(-9(((-9-)10-)11-))
Search 10
((-9-)10-)
