((-3((-3-)4(-8(((-8((-9(-9-))10(-10-)))11-)17(-17((-17(-17-))18(-18-)))))))19((-19(-20-))21((-21(-21-))22((-22(-22-))25(-27(-28-))))))
Search 19
((-3((-3-)4(-8(((-8((-9(-9-))10(-10-)))11-)17(-17((-17(-17-))18(-18-)))))))19((-19(-20-))21((-21(-21-))22((-22(-22-))25(-27(-28-))))))
Search 20
(-20-)
Search 21
((-19(-20-))21((-21(-21-))22((-22(-22-))25(-27(-28-)))))
Search 22
((-21(-21-))22((-22(-22-))25(-27(-28-))))
Search 3
(-3((-3-)4(-8(((-8((-9(-9-))10(-10-)))11-)17(-17((-17(-17-))18(-18-)))))))
Search 4
((-3-)4(-8(((-8((-9(-9-))10(-10-)))11-)17(-17((-17(-17-))18(-18-))))))
Search 4
((-3-)4(-8(((-8((-9(-9-))10(-10-)))11-)17(-17((-17(-17-))18(-18-))))))
Search 5
NULL
Search 22
((-21(-21-))22((-22(-22-))25(-27(-28-))))
Search 23
NULL
Search 8
(-8(((-8((-9(-9-))10(-10-)))11-)17(-17((-17(-17-))18(-18-)))))
Search 9
(-9(-9-))
Search 19
((-3((-3-)4(-8(((-8((-9(-9-))10(-10-)))11-)17(-17((-17(-17-))18(-18-)))))))19((-19(-20-))21((-21(-21-))22((-22(-22-))25(-27(-28-))))))
Search 20
(-20-)
Search 17
(((-8((-9(-9-))10(-10-)))11-)17(-17((-17(-17-))18(-18-))))
Search 18
((-17(-17-))18(-18-))
Search 3
(-3((-3-)4(-8(((-8((-9(-9-))10(-10-)))11-)17(-17((-17(-17-))18(-18-)))))))
Search 4
((-3-)4(-8(((-8((-9(-9-))10(-10-)))11-)17(-17((-17(-17-))18(-18-))))))
Search 17
(((-8((-9(-9-))10(-10-)))11-)17(-17((-17(-17-))18(-18-))))
Search 18
((-17(-17-))18(-18-))
Search 21
((-19(-20-))21((-21(-21-))22((-22(-22-))25(-27(-28-)))))
Search 22
((-21(-21-))22((-22(-22-))25(-27(-28-))))
Search 11
((-8((-9(-9-))10(-10-)))11-)
Search 12
NULL
Search 18
((-17(-17-))18(-18-))
Search 19
((-3((-3-)4(-8(((-8((-9(-9-))10(-10-)))11-)17(-17((-17(-17-))18(-18-)))))))19((-19(-20-))21((-21(-21-))22((-22(-22-))25(-27(-28-))))))
Search 8
(-8(((-8((-9(-9-))10(-10-)))11-)17(-17((-17(-17-))18(-18-)))))
Search 9
(-9(-9-))
Search 25
((-22(-22-))25(-27(-28-)))
Search 26
NULL
Search 10
((-9(-9-))10(-10-))
Search 11
((-8((-9(-9-))10(-10-)))11-)
Search 18
((-17(-17-))18(-18-))
Search 19
((-3((-3-)4(-8(((-8((-9(-9-))10(-10-)))11-)17(-17((-17(-17-))18(-18-)))))))19((-19(-20-))21((-21(-21-))22((-22(-22-))25(-27(-28-))))))
Search 22
((-21(-21-))22((-22(-22-))25(-27(-28-))))
Search 23
NULL
Search 22
((-21(-21-))22((-22(-22-))25(-27(-28-))))
Search 23
NULL
Search 17
(((-8((-9(-9-))10(-10-)))11-)17(-17((-17(-17-))18(-18-))))
Search 18
((-17(-17-))18(-18-))
Search 9
(-9(-9-))
Search 10
((-9(-9-))10(-10-))
Search 9
(-9(-9-))
Search 10
((-9(-9-))10(-10-))
Search 27
(-27(-28-))
Search 28
(-28-)
Search 10
((-9(-9-))10(-10-))
Search 11
((-8((-9(-9-))10(-10-)))11-)
Search 20
(-20-)
Search 21
((-19(-20-))21((-21(-21-))22((-22(-22-))25(-27(-28-)))))
Search 21
((-19(-20-))21((-21(-21-))22((-22(-22-))25(-27(-28-)))))
Search 22
((-21(-21-))22((-22(-22-))25(-27(-28-))))
Search 17
(((-8((-9(-9-))10(-10-)))11-)17(-17((-17(-17-))18(-18-))))
Search 18
((-17(-17-))18(-18-))
Search 28
(-28-)
Search 29
NULL
