((-2(((-2(-3(-3-)))6(-6-))7(-9(-10(-10-)))))12((((-15-)17(-17(-17-)))20(-20(-20-)))21((-21-)24(((-24-)25(-26-))27((-28-)29-)))))
Search 12
((-2(((-2(-3(-3-)))6(-6-))7(-9(-10(-10-)))))12((((-15-)17(-17(-17-)))20(-20(-20-)))21((-21-)24(((-24-)25(-26-))27((-28-)29-)))))
Search 13
NULL
Search 2
(-2(((-2(-3(-3-)))6(-6-))7(-9(-10(-10-)))))
Search 3
(-3(-3-))
Search 7
(((-2(-3(-3-)))6(-6-))7(-9(-10(-10-))))
Search 8
NULL
Search 21
((((-15-)17(-17(-17-)))20(-20(-20-)))21((-21-)24(((-24-)25(-26-))27((-28-)29-))))
Search 22
NULL
Search 24
((-21-)24(((-24-)25(-26-))27((-28-)29-)))
Search 25
((-24-)25(-26-))
Search 9
(-9(-10(-10-)))
Search 10
(-10(-10-))
Search 27
(((-24-)25(-26-))27((-28-)29-))
Search 28
(-28-)
Search 25
((-24-)25(-26-))
Search 26
(-26-)
Search 6
((-2(-3(-3-)))6(-6-))
Search 7
(((-2(-3(-3-)))6(-6-))7(-9(-10(-10-))))
Search 29
((-28-)29-)
Search 30
NULL
Search 2
(-2(((-2(-3(-3-)))6(-6-))7(-9(-10(-10-)))))
Search 3
(-3(-3-))
Search 28
(-28-)
Search 29
((-28-)29-)
Search 3
(-3(-3-))
Search 4
NULL
Search 20
(((-15-)17(-17(-17-)))20(-20(-20-)))
Search 21
((((-15-)17(-17(-17-)))20(-20(-20-)))21((-21-)24(((-24-)25(-26-))27((-28-)29-))))
Search 17
((-15-)17(-17(-17-)))
Search 18
NULL
Search 20
(((-15-)17(-17(-17-)))20(-20(-20-)))
Search 21
((((-15-)17(-17(-17-)))20(-20(-20-)))21((-21-)24(((-24-)25(-26-))27((-28-)29-))))
Search 6
((-2(-3(-3-)))6(-6-))
Search 7
(((-2(-3(-3-)))6(-6-))7(-9(-10(-10-))))
Search 17
((-15-)17(-17(-17-)))
Search 18
NULL
Search 20
(((-15-)17(-17(-17-)))20(-20(-20-)))
Search 21
((((-15-)17(-17(-17-)))20(-20(-20-)))21((-21-)24(((-24-)25(-26-))27((-28-)29-))))
Search 26
(-26-)
Search 27
(((-24-)25(-26-))27((-28-)29-))
Search 10
(-10(-10-))
Search 11
NULL
Search 17
((-15-)17(-17(-17-)))
Search 18
NULL
Search 24
((-21-)24(((-24-)25(-26-))27((-28-)29-)))
Search 25
((-24-)25(-26-))
Search 21
((((-15-)17(-17(-17-)))20(-20(-20-)))21((-21-)24(((-24-)25(-26-))27((-28-)29-))))
Search 22
NULL
Search 15
(-15-)
Search 16
NULL
Search 10
(-10(-10-))
Search 11
NULL
Search 3
(-3(-3-))
Search 4
NULL
