(-0(((-1((((-1-)4(-4(-7-)))8-)9(-13(-13(-16-)))))17(((-17(-17-))18((-19-)20(-20-)))24(-24(-24-))))26((-26(-27(-27-)))29(-29-))))
Search 0
(-0(((-1((((-1-)4(-4(-7-)))8-)9(-13(-13(-16-)))))17(((-17(-17-))18((-19-)20(-20-)))24(-24(-24-))))26((-26(-27(-27-)))29(-29-))))
Search 1
(-1((((-1-)4(-4(-7-)))8-)9(-13(-13(-16-)))))
Search 26
(((-1((((-1-)4(-4(-7-)))8-)9(-13(-13(-16-)))))17(((-17(-17-))18((-19-)20(-20-)))24(-24(-24-))))26((-26(-27(-27-)))29(-29-)))
Search 27
(-27(-27-))
Search 17
((-1((((-1-)4(-4(-7-)))8-)9(-13(-13(-16-)))))17(((-17(-17-))18((-19-)20(-20-)))24(-24(-24-))))
Search 18
((-17(-17-))18((-19-)20(-20-)))
Search 1
(-1((((-1-)4(-4(-7-)))8-)9(-13(-13(-16-)))))
Search 2
NULL
Search 9
((((-1-)4(-4(-7-)))8-)9(-13(-13(-16-))))
Search 10
NULL
Search 24
(((-17(-17-))18((-19-)20(-20-)))24(-24(-24-)))
Search 25
NULL
Search 29
((-26(-27(-27-)))29(-29-))
Search 30
NULL
Search 24
(((-17(-17-))18((-19-)20(-20-)))24(-24(-24-)))
Search 25
NULL
Search 13
(-13(-13(-16-)))
Search 14
NULL
Search 13
(-13(-13(-16-)))
Search 14
NULL
Search 18
((-17(-17-))18((-19-)20(-20-)))
Search 19
(-19-)
Search 16
(-16-)
Search 17
((-1((((-1-)4(-4(-7-)))8-)9(-13(-13(-16-)))))17(((-17(-17-))18((-19-)20(-20-)))24(-24(-24-))))
Search 8
(((-1-)4(-4(-7-)))8-)
Search 9
((((-1-)4(-4(-7-)))8-)9(-13(-13(-16-))))
Search 20
((-19-)20(-20-))
Search 21
NULL
Search 17
((-1((((-1-)4(-4(-7-)))8-)9(-13(-13(-16-)))))17(((-17(-17-))18((-19-)20(-20-)))24(-24(-24-))))
Search 18
((-17(-17-))18((-19-)20(-20-)))
Search 26
(((-1((((-1-)4(-4(-7-)))8-)9(-13(-13(-16-)))))17(((-17(-17-))18((-19-)20(-20-)))24(-24(-24-))))26((-26(-27(-27-)))29(-29-)))
Search 27
(-27(-27-))
Search 27
(-27(-27-))
Search 28
NULL
Search 4
((-1-)4(-4(-7-)))
Search 5
NULL
Search 20
((-19-)20(-20-))
Search 21
NULL
Search 29
((-26(-27(-27-)))29(-29-))
Search 30
NULL
Search 24
(((-17(-17-))18((-19-)20(-20-)))24(-24(-24-)))
Search 25
NULL
Search 19
(-19-)
Search 20
((-19-)20(-20-))
Search 4
((-1-)4(-4(-7-)))
Search 5
NULL
Search 7
(-7-)
Search 8
(((-1-)4(-4(-7-)))8-)
Search 1
(-1((((-1-)4(-4(-7-)))8-)9(-13(-13(-16-)))))
Search 2
NULL
Search 17
((-1((((-1-)4(-4(-7-)))8-)9(-13(-13(-16-)))))17(((-17(-17-))18((-19-)20(-20-)))24(-24(-24-))))
Search 18
((-17(-17-))18((-19-)20(-20-)))
Search 27
(-27(-27-))
Search 28
NULL
