(((-0-)1(((-1-)2(-2-))3(-3-)))5((((-5(-5((-5(-6-))7-)))8(-9-))12(-13(-13(-14(-16-)))))17(((-17(-17-))18(-18-))19(-21((-24(-24((-24-)25(-25-))))26(-26(-29(-29-))))))))
Search 5
(((-0-)1(((-1-)2(-2-))3(-3-)))5((((-5(-5((-5(-6-))7-)))8(-9-))12(-13(-13(-14(-16-)))))17(((-17(-17-))18(-18-))19(-21((-24(-24((-24-)25(-25-))))26(-26(-29(-29-))))))))
Search 6
(-6-)
Search 17
((((-5(-5((-5(-6-))7-)))8(-9-))12(-13(-13(-14(-16-)))))17(((-17(-17-))18(-18-))19(-21((-24(-24((-24-)25(-25-))))26(-26(-29(-29-)))))))
Search 18
((-17(-17-))18(-18-))
Search 12
(((-5(-5((-5(-6-))7-)))8(-9-))12(-13(-13(-14(-16-)))))
Search 13
(-13(-13(-14(-16-))))
Search 1
((-0-)1(((-1-)2(-2-))3(-3-)))
Search 2
((-1-)2(-2-))
Search 19
(((-17(-17-))18(-18-))19(-21((-24(-24((-24-)25(-25-))))26(-26(-29(-29-))))))
Search 20
NULL
Search 8
((-5(-5((-5(-6-))7-)))8(-9-))
Search 9
(-9-)
Search 9
(-9-)
Search 10
NULL
Search 5
(((-0-)1(((-1-)2(-2-))3(-3-)))5((((-5(-5((-5(-6-))7-)))8(-9-))12(-13(-13(-14(-16-)))))17(((-17(-17-))18(-18-))19(-21((-24(-24((-24-)25(-25-))))26(-26(-29(-29-))))))))
Search 6
(-6-)
Search 21
(-21((-24(-24((-24-)25(-25-))))26(-26(-29(-29-)))))
Search 22
NULL
Search 5
(((-0-)1(((-1-)2(-2-))3(-3-)))5((((-5(-5((-5(-6-))7-)))8(-9-))12(-13(-13(-14(-16-)))))17(((-17(-17-))18(-18-))19(-21((-24(-24((-24-)25(-25-))))26(-26(-29(-29-))))))))
Search 6
(-6-)
Search 3
(((-1-)2(-2-))3(-3-))
Search 4
NULL
Search 7
((-5(-6-))7-)
Search 8
((-5(-5((-5(-6-))7-)))8(-9-))
Search 26
((-24(-24((-24-)25(-25-))))26(-26(-29(-29-))))
Search 27
NULL
Search 18
((-17(-17-))18(-18-))
Search 19
(((-17(-17-))18(-18-))19(-21((-24(-24((-24-)25(-25-))))26(-26(-29(-29-))))))
Search 13
(-13(-13(-14(-16-))))
Search 14
(-14(-16-))
Search 24
(-24(-24((-24-)25(-25-))))
Search 25
((-24-)25(-25-))
Search 2
((-1-)2(-2-))
Search 3
(((-1-)2(-2-))3(-3-))
Search 26
((-24(-24((-24-)25(-25-))))26(-26(-29(-29-))))
Search 27
NULL
Search 29
(-29(-29-))
Search 30
NULL
Search 0
(-0-)
Search 1
((-0-)1(((-1-)2(-2-))3(-3-)))
Search 2
((-1-)2(-2-))
Search 3
(((-1-)2(-2-))3(-3-))
Search 5
(((-0-)1(((-1-)2(-2-))3(-3-)))5((((-5(-5((-5(-6-))7-)))8(-9-))12(-13(-13(-14(-16-)))))17(((-17(-17-))18(-18-))19(-21((-24(-24((-24-)25(-25-))))26(-26(-29(-29-))))))))
Search 6
(-6-)
Search 18
((-17(-17-))18(-18-))
Search 19
(((-17(-17-))18(-18-))19(-21((-24(-24((-24-)25(-25-))))26(-26(-29(-29-))))))
Search 24
(-24(-24((-24-)25(-25-))))
Search 25
((-24-)25(-25-))
Search 25
((-24-)25(-25-))
Search 26
((-24(-24((-24-)25(-25-))))26(-26(-29(-29-))))
Search 6
(-6-)
Search 7
((-5(-6-))7-)
Search 25
((-24-)25(-25-))
Search 26
((-24(-24((-24-)25(-25-))))26(-26(-29(-29-))))
Search 29
(-29(-29-))
Search 30
NULL
Search 1
((-0-)1(((-1-)2(-2-))3(-3-)))
Search 2
((-1-)2(-2-))
Search 13
(-13(-13(-14(-16-))))
Search 14
(-14(-16-))
Search 3
(((-1-)2(-2-))3(-3-))
Search 4
NULL
Search 17
((((-5(-5((-5(-6-))7-)))8(-9-))12(-13(-13(-14(-16-)))))17(((-17(-17-))18(-18-))19(-21((-24(-24((-24-)25(-25-))))26(-26(-29(-29-)))))))
Search 18
((-17(-17-))18(-18-))
Search 14
(-14(-16-))
Search 15
NULL
Search 24
(-24(-24((-24-)25(-25-))))
Search 25
((-24-)25(-25-))
Search 17
((((-5(-5((-5(-6-))7-)))8(-9-))12(-13(-13(-14(-16-)))))17(((-17(-17-))18(-18-))19(-21((-24(-24((-24-)25(-25-))))26(-26(-29(-29-)))))))
Search 18
((-17(-17-))18(-18-))
Search 16
(-16-)
Search 17
((((-5(-5((-5(-6-))7-)))8(-9-))12(-13(-13(-14(-16-)))))17(((-17(-17-))18(-18-))19(-21((-24(-24((-24-)25(-25-))))26(-26(-29(-29-)))))))
