((-1(-1-))2(((-2(-3-))4((-6(-6(-6((-6-)7-))))10(-11(((-11(-12-))13(-13-))14(-15(-15(-15(-19((-19-)20(-20(-20-)))))))))))21(((((-21(-21-))23-)24(-24(-26-)))27((-27-)28(-28-)))29(-29-))))
Search 2
((-1(-1-))2(((-2(-3-))4((-6(-6(-6((-6-)7-))))10(-11(((-11(-12-))13(-13-))14(-15(-15(-15(-19((-19-)20(-20(-20-)))))))))))21(((((-21(-21-))23-)24(-24(-26-)))27((-27-)28(-28-)))29(-29-))))
Search 3
(-3-)
Search 21
(((-2(-3-))4((-6(-6(-6((-6-)7-))))10(-11(((-11(-12-))13(-13-))14(-15(-15(-15(-19((-19-)20(-20(-20-)))))))))))21(((((-21(-21-))23-)24(-24(-26-)))27((-27-)28(-28-)))29(-29-)))
Search 22
NULL
Search 4
((-2(-3-))4((-6(-6(-6((-6-)7-))))10(-11(((-11(-12-))13(-13-))14(-15(-15(-15(-19((-19-)20(-20(-20-)))))))))))
Search 5
NULL
Search 2
((-1(-1-))2(((-2(-3-))4((-6(-6(-6((-6-)7-))))10(-11(((-11(-12-))13(-13-))14(-15(-15(-15(-19((-19-)20(-20(-20-)))))))))))21(((((-21(-21-))23-)24(-24(-26-)))27((-27-)28(-28-)))29(-29-))))
Search 3
(-3-)
Search 10
((-6(-6(-6((-6-)7-))))10(-11(((-11(-12-))13(-13-))14(-15(-15(-15(-19((-19-)20(-20(-20-))))))))))
Search 11
(-11(((-11(-12-))13(-13-))14(-15(-15(-15(-19((-19-)20(-20(-20-)))))))))
Search 29
(((((-21(-21-))23-)24(-24(-26-)))27((-27-)28(-28-)))29(-29-))
Search 30
NULL
Search 11
(-11(((-11(-12-))13(-13-))14(-15(-15(-15(-19((-19-)20(-20(-20-)))))))))
Search 12
(-12-)
Search 27
((((-21(-21-))23-)24(-24(-26-)))27((-27-)28(-28-)))
Search 28
((-27-)28(-28-))
Search 24
(((-21(-21-))23-)24(-24(-26-)))
Search 25
NULL
Search 28
((-27-)28(-28-))
Search 29
(((((-21(-21-))23-)24(-24(-26-)))27((-27-)28(-28-)))29(-29-))
Search 23
((-21(-21-))23-)
Search 24
(((-21(-21-))23-)24(-24(-26-)))
Search 14
(((-11(-12-))13(-13-))14(-15(-15(-15(-19((-19-)20(-20(-20-))))))))
Search 15
(-15(-15(-15(-19((-19-)20(-20(-20-)))))))
Search 15
(-15(-15(-15(-19((-19-)20(-20(-20-)))))))
Search 16
NULL
Search 15
(-15(-15(-15(-19((-19-)20(-20(-20-)))))))
Search 16
NULL
Search 6
(-6(-6(-6((-6-)7-))))
Search 7
((-6-)7-)
Search 15
(-15(-15(-15(-19((-19-)20(-20(-20-)))))))
Search 16
NULL
Search 13
((-11(-12-))13(-13-))
Search 14
(((-11(-12-))13(-13-))14(-15(-15(-15(-19((-19-)20(-20(-20-))))))))
Search 11
(-11(((-11(-12-))13(-13-))14(-15(-15(-15(-19((-19-)20(-20(-20-)))))))))
Search 12
(-12-)
Search 19
(-19((-19-)20(-20(-20-))))
Search 20
((-19-)20(-20(-20-)))
Search 6
(-6(-6(-6((-6-)7-))))
Search 7
((-6-)7-)
Search 24
(((-21(-21-))23-)24(-24(-26-)))
Search 25
NULL
Search 20
((-19-)20(-20(-20-)))
Search 21
(((-2(-3-))4((-6(-6(-6((-6-)7-))))10(-11(((-11(-12-))13(-13-))14(-15(-15(-15(-19((-19-)20(-20(-20-)))))))))))21(((((-21(-21-))23-)24(-24(-26-)))27((-27-)28(-28-)))29(-29-)))
Search 1
(-1(-1-))
Search 2
((-1(-1-))2(((-2(-3-))4((-6(-6(-6((-6-)7-))))10(-11(((-11(-12-))13(-13-))14(-15(-15(-15(-19((-19-)20(-20(-20-)))))))))))21(((((-21(-21-))23-)24(-24(-26-)))27((-27-)28(-28-)))29(-29-))))
Search 6
(-6(-6(-6((-6-)7-))))
Search 7
((-6-)7-)
Search 7
((-6-)7-)
Search 8
NULL
Search 6
(-6(-6(-6((-6-)7-))))
Search 7
((-6-)7-)
Search 27
((((-21(-21-))23-)24(-24(-26-)))27((-27-)28(-28-)))
Search 28
((-27-)28(-28-))
Search 12
(-12-)
Search 13
((-11(-12-))13(-13-))
Search 20
((-19-)20(-20(-20-)))
Search 21
(((-2(-3-))4((-6(-6(-6((-6-)7-))))10(-11(((-11(-12-))13(-13-))14(-15(-15(-15(-19((-19-)20(-20(-20-)))))))))))21(((((-21(-21-))23-)24(-24(-26-)))27((-27-)28(-28-)))29(-29-)))
Search 29
(((((-21(-21-))23-)24(-24(-26-)))27((-27-)28(-28-)))29(-29-))
Search 30
NULL
Search 28
((-27-)28(-28-))
Search 29
(((((-21(-21-))23-)24(-24(-26-)))27((-27-)28(-28-)))29(-29-))
Search 21
(((-2(-3-))4((-6(-6(-6((-6-)7-))))10(-11(((-11(-12-))13(-13-))14(-15(-15(-15(-19((-19-)20(-20(-20-)))))))))))21(((((-21(-21-))23-)24(-24(-26-)))27((-27-)28(-28-)))29(-29-)))
Search 22
NULL
Search 21
(((-2(-3-))4((-6(-6(-6((-6-)7-))))10(-11(((-11(-12-))13(-13-))14(-15(-15(-15(-19((-19-)20(-20(-20-)))))))))))21(((((-21(-21-))23-)24(-24(-26-)))27((-27-)28(-28-)))29(-29-)))
Search 22
NULL
Search 3
(-3-)
Search 4
((-2(-3-))4((-6(-6(-6((-6-)7-))))10(-11(((-11(-12-))13(-13-))14(-15(-15(-15(-19((-19-)20(-20(-20-)))))))))))
Search 1
(-1(-1-))
Search 2
((-1(-1-))2(((-2(-3-))4((-6(-6(-6((-6-)7-))))10(-11(((-11(-12-))13(-13-))14(-15(-15(-15(-19((-19-)20(-20(-20-)))))))))))21(((((-21(-21-))23-)24(-24(-26-)))27((-27-)28(-28-)))29(-29-))))
Search 13
((-11(-12-))13(-13-))
Search 14
(((-11(-12-))13(-13-))14(-15(-15(-15(-19((-19-)20(-20(-20-))))))))
Search 26
(-26-)
Search 27
((((-21(-21-))23-)24(-24(-26-)))27((-27-)28(-28-)))
Search 20
((-19-)20(-20(-20-)))
Search 21
(((-2(-3-))4((-6(-6(-6((-6-)7-))))10(-11(((-11(-12-))13(-13-))14(-15(-15(-15(-19((-19-)20(-20(-20-)))))))))))21(((((-21(-21-))23-)24(-24(-26-)))27((-27-)28(-28-)))29(-29-)))
Search 19
(-19((-19-)20(-20(-20-))))
Search 20
((-19-)20(-20(-20-)))
