((((-1((-1-)3-))4((-7(-8-))10(-10(-10-))))11((-14((-14((-14(-14-))15(((-15-)17-)18(-19(-19-)))))21-))22(((-22(-22-))23(-24-))25-)))26(-27((-27-)28(-28-))))
Search 26
((((-1((-1-)3-))4((-7(-8-))10(-10(-10-))))11((-14((-14((-14(-14-))15(((-15-)17-)18(-19(-19-)))))21-))22(((-22(-22-))23(-24-))25-)))26(-27((-27-)28(-28-))))
Search 27
(-27((-27-)28(-28-)))
Search 11
(((-1((-1-)3-))4((-7(-8-))10(-10(-10-))))11((-14((-14((-14(-14-))15(((-15-)17-)18(-19(-19-)))))21-))22(((-22(-22-))23(-24-))25-)))
Search 12
NULL
Search 22
((-14((-14((-14(-14-))15(((-15-)17-)18(-19(-19-)))))21-))22(((-22(-22-))23(-24-))25-))
Search 23
((-22(-22-))23(-24-))
Search 25
(((-22(-22-))23(-24-))25-)
Search 26
((((-1((-1-)3-))4((-7(-8-))10(-10(-10-))))11((-14((-14((-14(-14-))15(((-15-)17-)18(-19(-19-)))))21-))22(((-22(-22-))23(-24-))25-)))26(-27((-27-)28(-28-))))
Search 14
(-14((-14((-14(-14-))15(((-15-)17-)18(-19(-19-)))))21-))
Search 15
((-14(-14-))15(((-15-)17-)18(-19(-19-))))
Search 23
((-22(-22-))23(-24-))
Search 24
(-24-)
Search 27
(-27((-27-)28(-28-)))
Search 28
((-27-)28(-28-))
Search 4
((-1((-1-)3-))4((-7(-8-))10(-10(-10-))))
Search 5
NULL
Search 28
((-27-)28(-28-))
Search 29
NULL
Search 22
((-14((-14((-14(-14-))15(((-15-)17-)18(-19(-19-)))))21-))22(((-22(-22-))23(-24-))25-))
Search 23
((-22(-22-))23(-24-))
Search 21
((-14((-14(-14-))15(((-15-)17-)18(-19(-19-)))))21-)
Search 22
((-14((-14((-14(-14-))15(((-15-)17-)18(-19(-19-)))))21-))22(((-22(-22-))23(-24-))25-))
Search 14
(-14((-14((-14(-14-))15(((-15-)17-)18(-19(-19-)))))21-))
Search 15
((-14(-14-))15(((-15-)17-)18(-19(-19-))))
Search 15
((-14(-14-))15(((-15-)17-)18(-19(-19-))))
Search 16
NULL
Search 1
(-1((-1-)3-))
Search 2
NULL
Search 28
((-27-)28(-28-))
Search 29
NULL
Search 24
(-24-)
Search 25
(((-22(-22-))23(-24-))25-)
Search 14
(-14((-14((-14(-14-))15(((-15-)17-)18(-19(-19-)))))21-))
Search 15
((-14(-14-))15(((-15-)17-)18(-19(-19-))))
Search 18
(((-15-)17-)18(-19(-19-)))
Search 19
(-19(-19-))
Search 14
(-14((-14((-14(-14-))15(((-15-)17-)18(-19(-19-)))))21-))
Search 15
((-14(-14-))15(((-15-)17-)18(-19(-19-))))
Search 10
((-7(-8-))10(-10(-10-)))
Search 11
(((-1((-1-)3-))4((-7(-8-))10(-10(-10-))))11((-14((-14((-14(-14-))15(((-15-)17-)18(-19(-19-)))))21-))22(((-22(-22-))23(-24-))25-)))
Search 7
(-7(-8-))
Search 8
(-8-)
Search 19
(-19(-19-))
Search 20
NULL
Search 10
((-7(-8-))10(-10(-10-)))
Search 11
(((-1((-1-)3-))4((-7(-8-))10(-10(-10-))))11((-14((-14((-14(-14-))15(((-15-)17-)18(-19(-19-)))))21-))22(((-22(-22-))23(-24-))25-)))
Search 10
((-7(-8-))10(-10(-10-)))
Search 11
(((-1((-1-)3-))4((-7(-8-))10(-10(-10-))))11((-14((-14((-14(-14-))15(((-15-)17-)18(-19(-19-)))))21-))22(((-22(-22-))23(-24-))25-)))
Search 27
(-27((-27-)28(-28-)))
Search 28
((-27-)28(-28-))
Search 8
(-8-)
Search 9
NULL
Search 3
((-1-)3-)
Search 4
((-1((-1-)3-))4((-7(-8-))10(-10(-10-))))
Search 22
((-14((-14((-14(-14-))15(((-15-)17-)18(-19(-19-)))))21-))22(((-22(-22-))23(-24-))25-))
Search 23
((-22(-22-))23(-24-))
Search 1
(-1((-1-)3-))
Search 2
NULL
Search 19
(-19(-19-))
Search 20
NULL
Search 17
((-15-)17-)
Search 18
(((-15-)17-)18(-19(-19-)))
Search 15
((-14(-14-))15(((-15-)17-)18(-19(-19-))))
Search 16
NULL
