((((-0-)1((-1(-1-))2(-2(-4-))))6((((-6(-6-))8(((-8-)9(-9-))10-))11(-11(-11(-12-))))13((-14-)17-)))18((-18-)19((-19-)21((-21((-21(-21-))22(-23(((-23-)24-)25(-25-)))))26(-26(-26((-27-)28((-28-)29-))))))))
Search 18
((((-0-)1((-1(-1-))2(-2(-4-))))6((((-6(-6-))8(((-8-)9(-9-))10-))11(-11(-11(-12-))))13((-14-)17-)))18((-18-)19((-19-)21((-21((-21(-21-))22(-23(((-23-)24-)25(-25-)))))26(-26(-26((-27-)28((-28-)29-))))))))
Search 19
((-18-)19((-19-)21((-21((-21(-21-))22(-23(((-23-)24-)25(-25-)))))26(-26(-26((-27-)28((-28-)29-)))))))
Search 19
((-18-)19((-19-)21((-21((-21(-21-))22(-23(((-23-)24-)25(-25-)))))26(-26(-26((-27-)28((-28-)29-)))))))
Search 20
NULL
Search 21
((-19-)21((-21((-21(-21-))22(-23(((-23-)24-)25(-25-)))))26(-26(-26((-27-)28((-28-)29-))))))
Search 22
((-21(-21-))22(-23(((-23-)24-)25(-25-))))
Search 6
(((-0-)1((-1(-1-))2(-2(-4-))))6((((-6(-6-))8(((-8-)9(-9-))10-))11(-11(-11(-12-))))13((-14-)17-)))
Search 7
NULL
Search 1
((-0-)1((-1(-1-))2(-2(-4-))))
Search 2
((-1(-1-))2(-2(-4-)))
Search 13
((((-6(-6-))8(((-8-)9(-9-))10-))11(-11(-11(-12-))))13((-14-)17-))
Search 14
(-14-)
Search 26
((-21((-21(-21-))22(-23(((-23-)24-)25(-25-)))))26(-26(-26((-27-)28((-28-)29-)))))
Search 27
(-27-)
Search 26
((-21((-21(-21-))22(-23(((-23-)24-)25(-25-)))))26(-26(-26((-27-)28((-28-)29-)))))
Search 27
(-27-)
Search 11
(((-6(-6-))8(((-8-)9(-9-))10-))11(-11(-11(-12-))))
Search 12
(-12-)
Search 21
((-19-)21((-21((-21(-21-))22(-23(((-23-)24-)25(-25-)))))26(-26(-26((-27-)28((-28-)29-))))))
Search 22
((-21(-21-))22(-23(((-23-)24-)25(-25-))))
Search 26
((-21((-21(-21-))22(-23(((-23-)24-)25(-25-)))))26(-26(-26((-27-)28((-28-)29-)))))
Search 27
(-27-)
Search 8
((-6(-6-))8(((-8-)9(-9-))10-))
Search 9
((-8-)9(-9-))
Search 22
((-21(-21-))22(-23(((-23-)24-)25(-25-))))
Search 23
(-23(((-23-)24-)25(-25-)))
Search 21
((-19-)21((-21((-21(-21-))22(-23(((-23-)24-)25(-25-)))))26(-26(-26((-27-)28((-28-)29-))))))
Search 22
((-21(-21-))22(-23(((-23-)24-)25(-25-))))
Search 17
((-14-)17-)
Search 18
((((-0-)1((-1(-1-))2(-2(-4-))))6((((-6(-6-))8(((-8-)9(-9-))10-))11(-11(-11(-12-))))13((-14-)17-)))18((-18-)19((-19-)21((-21((-21(-21-))22(-23(((-23-)24-)25(-25-)))))26(-26(-26((-27-)28((-28-)29-))))))))
Search 10
(((-8-)9(-9-))10-)
Search 11
(((-6(-6-))8(((-8-)9(-9-))10-))11(-11(-11(-12-))))
Search 9
((-8-)9(-9-))
Search 10
(((-8-)9(-9-))10-)
Search 23
(-23(((-23-)24-)25(-25-)))
Search 24
((-23-)24-)
Search 9
((-8-)9(-9-))
Search 10
(((-8-)9(-9-))10-)
Search 8
((-6(-6-))8(((-8-)9(-9-))10-))
Search 9
((-8-)9(-9-))
Search 25
(((-23-)24-)25(-25-))
Search 26
((-21((-21(-21-))22(-23(((-23-)24-)25(-25-)))))26(-26(-26((-27-)28((-28-)29-)))))
Search 24
((-23-)24-)
Search 25
(((-23-)24-)25(-25-))
Search 6
(((-0-)1((-1(-1-))2(-2(-4-))))6((((-6(-6-))8(((-8-)9(-9-))10-))11(-11(-11(-12-))))13((-14-)17-)))
Search 7
NULL
Search 14
(-14-)
Search 15
NULL
Search 11
(((-6(-6-))8(((-8-)9(-9-))10-))11(-11(-11(-12-))))
Search 12
(-12-)
Search 28
((-27-)28((-28-)29-))
Search 29
((-28-)29-)
Search 18
((((-0-)1((-1(-1-))2(-2(-4-))))6((((-6(-6-))8(((-8-)9(-9-))10-))11(-11(-11(-12-))))13((-14-)17-)))18((-18-)19((-19-)21((-21((-21(-21-))22(-23(((-23-)24-)25(-25-)))))26(-26(-26((-27-)28((-28-)29-))))))))
Search 19
((-18-)19((-19-)21((-21((-21(-21-))22(-23(((-23-)24-)25(-25-)))))26(-26(-26((-27-)28((-28-)29-)))))))
Search 27
(-27-)
Search 28
((-27-)28((-28-)29-))
Search 2
((-1(-1-))2(-2(-4-)))
Search 3
NULL
Search 1
((-0-)1((-1(-1-))2(-2(-4-))))
Search 2
((-1(-1-))2(-2(-4-)))
Search 19
((-18-)19((-19-)21((-21((-21(-21-))22(-23(((-23-)24-)25(-25-)))))26(-26(-26((-27-)28((-28-)29-)))))))
Search 20
NULL
Search 21
((-19-)21((-21((-21(-21-))22(-23(((-23-)24-)25(-25-)))))26(-26(-26((-27-)28((-28-)29-))))))
Search 22
((-21(-21-))22(-23(((-23-)24-)25(-25-))))
Search 29
((-28-)29-)
Search 30
NULL
Search 2
((-1(-1-))2(-2(-4-)))
Search 3
NULL
Search 11
(((-6(-6-))8(((-8-)9(-9-))10-))11(-11(-11(-12-))))
Search 12
(-12-)
Search 4
(-4-)
Search 5
NULL
Search 23
(-23(((-23-)24-)25(-25-)))
Search 24
((-23-)24-)
Search 12
(-12-)
Search 13
((((-6(-6-))8(((-8-)9(-9-))10-))11(-11(-11(-12-))))13((-14-)17-))
Search 1
((-0-)1((-1(-1-))2(-2(-4-))))
Search 2
((-1(-1-))2(-2(-4-)))
Search 25
(((-23-)24-)25(-25-))
Search 26
((-21((-21(-21-))22(-23(((-23-)24-)25(-25-)))))26(-26(-26((-27-)28((-28-)29-)))))
Search 0
(-0-)
Search 1
((-0-)1((-1(-1-))2(-2(-4-))))
Search 28
((-27-)28((-28-)29-))
Search 29
((-28-)29-)
Search 6
(((-0-)1((-1(-1-))2(-2(-4-))))6((((-6(-6-))8(((-8-)9(-9-))10-))11(-11(-11(-12-))))13((-14-)17-)))
Search 7
NULL
