((((-0-)1(-1(-1-)))2((-2(-2(-2(-4-))))5((-5-)10-)))11(((-12-)15(-15(((((-15-)16-)17(-17-))19((-19(-20-))21(-21-)))22(-22-))))23(((-23(-23(-23-)))24(-24(-25-)))28(-29(-29-)))))
Search 11
((((-0-)1(-1(-1-)))2((-2(-2(-2(-4-))))5((-5-)10-)))11(((-12-)15(-15(((((-15-)16-)17(-17-))19((-19(-20-))21(-21-)))22(-22-))))23(((-23(-23(-23-)))24(-24(-25-)))28(-29(-29-)))))
Search 12
(-12-)
Search 23
(((-12-)15(-15(((((-15-)16-)17(-17-))19((-19(-20-))21(-21-)))22(-22-))))23(((-23(-23(-23-)))24(-24(-25-)))28(-29(-29-))))
Search 24
((-23(-23(-23-)))24(-24(-25-)))
Search 15
((-12-)15(-15(((((-15-)16-)17(-17-))19((-19(-20-))21(-21-)))22(-22-))))
Search 16
((-15-)16-)
Search 15
((-12-)15(-15(((((-15-)16-)17(-17-))19((-19(-20-))21(-21-)))22(-22-))))
Search 16
((-15-)16-)
Search 22
(((((-15-)16-)17(-17-))19((-19(-20-))21(-21-)))22(-22-))
Search 23
(((-12-)15(-15(((((-15-)16-)17(-17-))19((-19(-20-))21(-21-)))22(-22-))))23(((-23(-23(-23-)))24(-24(-25-)))28(-29(-29-))))
Search 2
(((-0-)1(-1(-1-)))2((-2(-2(-2(-4-))))5((-5-)10-)))
Search 3
NULL
Search 19
((((-15-)16-)17(-17-))19((-19(-20-))21(-21-)))
Search 20
(-20-)
Search 28
(((-23(-23(-23-)))24(-24(-25-)))28(-29(-29-)))
Search 29
(-29(-29-))
Search 24
((-23(-23(-23-)))24(-24(-25-)))
Search 25
(-25-)
Search 21
((-19(-20-))21(-21-))
Search 22
(((((-15-)16-)17(-17-))19((-19(-20-))21(-21-)))22(-22-))
Search 17
(((-15-)16-)17(-17-))
Search 18
NULL
Search 29
(-29(-29-))
Search 30
NULL
Search 1
((-0-)1(-1(-1-)))
Search 2
(((-0-)1(-1(-1-)))2((-2(-2(-2(-4-))))5((-5-)10-)))
Search 5
((-2(-2(-2(-4-))))5((-5-)10-))
Search 6
NULL
Search 19
((((-15-)16-)17(-17-))19((-19(-20-))21(-21-)))
Search 20
(-20-)
Search 0
(-0-)
Search 1
((-0-)1(-1(-1-)))
Search 23
(((-12-)15(-15(((((-15-)16-)17(-17-))19((-19(-20-))21(-21-)))22(-22-))))23(((-23(-23(-23-)))24(-24(-25-)))28(-29(-29-))))
Search 24
((-23(-23(-23-)))24(-24(-25-)))
Search 1
((-0-)1(-1(-1-)))
Search 2
(((-0-)1(-1(-1-)))2((-2(-2(-2(-4-))))5((-5-)10-)))
Search 29
(-29(-29-))
Search 30
NULL
Search 12
(-12-)
Search 13
NULL
Search 16
((-15-)16-)
Search 17
(((-15-)16-)17(-17-))
Search 24
((-23(-23(-23-)))24(-24(-25-)))
Search 25
(-25-)
Search 15
((-12-)15(-15(((((-15-)16-)17(-17-))19((-19(-20-))21(-21-)))22(-22-))))
Search 16
((-15-)16-)
Search 2
(((-0-)1(-1(-1-)))2((-2(-2(-2(-4-))))5((-5-)10-)))
Search 3
NULL
Search 10
((-5-)10-)
Search 11
((((-0-)1(-1(-1-)))2((-2(-2(-2(-4-))))5((-5-)10-)))11(((-12-)15(-15(((((-15-)16-)17(-17-))19((-19(-20-))21(-21-)))22(-22-))))23(((-23(-23(-23-)))24(-24(-25-)))28(-29(-29-)))))
Search 23
(((-12-)15(-15(((((-15-)16-)17(-17-))19((-19(-20-))21(-21-)))22(-22-))))23(((-23(-23(-23-)))24(-24(-25-)))28(-29(-29-))))
Search 24
((-23(-23(-23-)))24(-24(-25-)))
Search 20
(-20-)
Search 21
((-19(-20-))21(-21-))
Search 5
((-2(-2(-2(-4-))))5((-5-)10-))
Search 6
NULL
Search 25
(-25-)
Search 26
NULL
Search 2
(((-0-)1(-1(-1-)))2((-2(-2(-2(-4-))))5((-5-)10-)))
Search 3
NULL
Search 21
((-19(-20-))21(-21-))
Search 22
(((((-15-)16-)17(-17-))19((-19(-20-))21(-21-)))22(-22-))
Search 1
((-0-)1(-1(-1-)))
Search 2
(((-0-)1(-1(-1-)))2((-2(-2(-2(-4-))))5((-5-)10-)))
Search 2
(((-0-)1(-1(-1-)))2((-2(-2(-2(-4-))))5((-5-)10-)))
Search 3
NULL
Search 4
(-4-)
Search 5
((-2(-2(-2(-4-))))5((-5-)10-))
Search 23
(((-12-)15(-15(((((-15-)16-)17(-17-))19((-19(-20-))21(-21-)))22(-22-))))23(((-23(-23(-23-)))24(-24(-25-)))28(-29(-29-))))
Search 24
((-23(-23(-23-)))24(-24(-25-)))
Search 22
(((((-15-)16-)17(-17-))19((-19(-20-))21(-21-)))22(-22-))
Search 23
(((-12-)15(-15(((((-15-)16-)17(-17-))19((-19(-20-))21(-21-)))22(-22-))))23(((-23(-23(-23-)))24(-24(-25-)))28(-29(-29-))))
Search 17
(((-15-)16-)17(-17-))
Search 18
NULL
