((((-0(-0(-1(-1-))))3(-3(-4-)))6(-9-))11((-11(-13(-15-)))16((-16(((-16(-17(-17(-17-))))19((-19-)20-))23(-23-)))25(((-25(-25-))26((-26-)27-))28(-29-)))))
Search 11
((((-0(-0(-1(-1-))))3(-3(-4-)))6(-9-))11((-11(-13(-15-)))16((-16(((-16(-17(-17(-17-))))19((-19-)20-))23(-23-)))25(((-25(-25-))26((-26-)27-))28(-29-)))))
Search 12
NULL
Search 16
((-11(-13(-15-)))16((-16(((-16(-17(-17(-17-))))19((-19-)20-))23(-23-)))25(((-25(-25-))26((-26-)27-))28(-29-))))
Search 17
(-17(-17(-17-)))
Search 6
(((-0(-0(-1(-1-))))3(-3(-4-)))6(-9-))
Search 7
NULL
Search 25
((-16(((-16(-17(-17(-17-))))19((-19-)20-))23(-23-)))25(((-25(-25-))26((-26-)27-))28(-29-)))
Search 26
((-25(-25-))26((-26-)27-))
Search 16
((-11(-13(-15-)))16((-16(((-16(-17(-17(-17-))))19((-19-)20-))23(-23-)))25(((-25(-25-))26((-26-)27-))28(-29-))))
Search 17
(-17(-17(-17-)))
Search 28
(((-25(-25-))26((-26-)27-))28(-29-))
Search 29
(-29-)
Search 3
((-0(-0(-1(-1-))))3(-3(-4-)))
Search 4
(-4-)
Search 11
((((-0(-0(-1(-1-))))3(-3(-4-)))6(-9-))11((-11(-13(-15-)))16((-16(((-16(-17(-17(-17-))))19((-19-)20-))23(-23-)))25(((-25(-25-))26((-26-)27-))28(-29-)))))
Search 12
NULL
Search 23
(((-16(-17(-17(-17-))))19((-19-)20-))23(-23-))
Search 24
NULL
Search 9
(-9-)
Search 10
NULL
Search 19
((-16(-17(-17(-17-))))19((-19-)20-))
Search 20
((-19-)20-)
Search 3
((-0(-0(-1(-1-))))3(-3(-4-)))
Search 4
(-4-)
Search 16
((-11(-13(-15-)))16((-16(((-16(-17(-17(-17-))))19((-19-)20-))23(-23-)))25(((-25(-25-))26((-26-)27-))28(-29-))))
Search 17
(-17(-17(-17-)))
Search 0
(-0(-0(-1(-1-))))
Search 1
(-1(-1-))
Search 26
((-25(-25-))26((-26-)27-))
Search 27
((-26-)27-)
Search 17
(-17(-17(-17-)))
Search 18
NULL
Search 0
(-0(-0(-1(-1-))))
Search 1
(-1(-1-))
Search 17
(-17(-17(-17-)))
Search 18
NULL
Search 4
(-4-)
Search 5
NULL
Search 25
((-16(((-16(-17(-17(-17-))))19((-19-)20-))23(-23-)))25(((-25(-25-))26((-26-)27-))28(-29-)))
Search 26
((-25(-25-))26((-26-)27-))
Search 27
((-26-)27-)
Search 28
(((-25(-25-))26((-26-)27-))28(-29-))
Search 20
((-19-)20-)
Search 21
NULL
Search 13
(-13(-15-))
Search 14
NULL
Search 26
((-25(-25-))26((-26-)27-))
Search 27
((-26-)27-)
Search 25
((-16(((-16(-17(-17(-17-))))19((-19-)20-))23(-23-)))25(((-25(-25-))26((-26-)27-))28(-29-)))
Search 26
((-25(-25-))26((-26-)27-))
Search 1
(-1(-1-))
Search 2
NULL
Search 19
((-16(-17(-17(-17-))))19((-19-)20-))
Search 20
((-19-)20-)
Search 1
(-1(-1-))
Search 2
NULL
Search 17
(-17(-17(-17-)))
Search 18
NULL
Search 29
(-29-)
Search 30
NULL
Search 23
(((-16(-17(-17(-17-))))19((-19-)20-))23(-23-))
Search 24
NULL
Search 15
(-15-)
Search 16
((-11(-13(-15-)))16((-16(((-16(-17(-17(-17-))))19((-19-)20-))23(-23-)))25(((-25(-25-))26((-26-)27-))28(-29-))))
