((((-0-)1((-1-)2((-2(-2(-2(-2(-2-)))))3(-6-))))7((-9(-9-))11-))12((-12((-12(((-12(-12(-12(-13-))))15((-15(-15-))16((-17-)19(-19(-19-)))))20((-20(-20((-20-)21(-22-))))23(-23(-23(-23(-23-)))))))24((-24-)25((-25-)27-))))28(-29-)))
Search 12
((((-0-)1((-1-)2((-2(-2(-2(-2(-2-)))))3(-6-))))7((-9(-9-))11-))12((-12((-12(((-12(-12(-12(-13-))))15((-15(-15-))16((-17-)19(-19(-19-)))))20((-20(-20((-20-)21(-22-))))23(-23(-23(-23(-23-)))))))24((-24-)25((-25-)27-))))28(-29-)))
Search 13
(-13-)
Search 7
(((-0-)1((-1-)2((-2(-2(-2(-2(-2-)))))3(-6-))))7((-9(-9-))11-))
Search 8
NULL
Search 1
((-0-)1((-1-)2((-2(-2(-2(-2(-2-)))))3(-6-))))
Search 2
((-1-)2((-2(-2(-2(-2(-2-)))))3(-6-)))
Search 2
((-1-)2((-2(-2(-2(-2(-2-)))))3(-6-)))
Search 3
((-2(-2(-2(-2(-2-)))))3(-6-))
Search 3
((-2(-2(-2(-2(-2-)))))3(-6-))
Search 4
NULL
Search 11
((-9(-9-))11-)
Search 12
((((-0-)1((-1-)2((-2(-2(-2(-2(-2-)))))3(-6-))))7((-9(-9-))11-))12((-12((-12(((-12(-12(-12(-13-))))15((-15(-15-))16((-17-)19(-19(-19-)))))20((-20(-20((-20-)21(-22-))))23(-23(-23(-23(-23-)))))))24((-24-)25((-25-)27-))))28(-29-)))
Search 28
((-12((-12(((-12(-12(-12(-13-))))15((-15(-15-))16((-17-)19(-19(-19-)))))20((-20(-20((-20-)21(-22-))))23(-23(-23(-23(-23-)))))))24((-24-)25((-25-)27-))))28(-29-))
Search 29
(-29-)
Search 1
((-0-)1((-1-)2((-2(-2(-2(-2(-2-)))))3(-6-))))
Search 2
((-1-)2((-2(-2(-2(-2(-2-)))))3(-6-)))
Search 2
((-1-)2((-2(-2(-2(-2(-2-)))))3(-6-)))
Search 3
((-2(-2(-2(-2(-2-)))))3(-6-))
Search 9
(-9(-9-))
Search 10
NULL
Search 12
((((-0-)1((-1-)2((-2(-2(-2(-2(-2-)))))3(-6-))))7((-9(-9-))11-))12((-12((-12(((-12(-12(-12(-13-))))15((-15(-15-))16((-17-)19(-19(-19-)))))20((-20(-20((-20-)21(-22-))))23(-23(-23(-23(-23-)))))))24((-24-)25((-25-)27-))))28(-29-)))
Search 13
(-13-)
Search 24
((-12(((-12(-12(-12(-13-))))15((-15(-15-))16((-17-)19(-19(-19-)))))20((-20(-20((-20-)21(-22-))))23(-23(-23(-23(-23-)))))))24((-24-)25((-25-)27-)))
Search 25
((-24-)25((-25-)27-))
Search 12
((((-0-)1((-1-)2((-2(-2(-2(-2(-2-)))))3(-6-))))7((-9(-9-))11-))12((-12((-12(((-12(-12(-12(-13-))))15((-15(-15-))16((-17-)19(-19(-19-)))))20((-20(-20((-20-)21(-22-))))23(-23(-23(-23(-23-)))))))24((-24-)25((-25-)27-))))28(-29-)))
Search 13
(-13-)
Search 25
((-24-)25((-25-)27-))
Search 26
NULL
Search 20
(((-12(-12(-12(-13-))))15((-15(-15-))16((-17-)19(-19(-19-)))))20((-20(-20((-20-)21(-22-))))23(-23(-23(-23(-23-))))))
Search 21
((-20-)21(-22-))
Search 27
((-25-)27-)
Search 28
((-12((-12(((-12(-12(-12(-13-))))15((-15(-15-))16((-17-)19(-19(-19-)))))20((-20(-20((-20-)21(-22-))))23(-23(-23(-23(-23-)))))))24((-24-)25((-25-)27-))))28(-29-))
Search 15
((-12(-12(-12(-13-))))15((-15(-15-))16((-17-)19(-19(-19-)))))
Search 16
((-15(-15-))16((-17-)19(-19(-19-))))
Search 16
((-15(-15-))16((-17-)19(-19(-19-))))
Search 17
(-17-)
Search 23
((-20(-20((-20-)21(-22-))))23(-23(-23(-23(-23-)))))
Search 24
((-12(((-12(-12(-12(-13-))))15((-15(-15-))16((-17-)19(-19(-19-)))))20((-20(-20((-20-)21(-22-))))23(-23(-23(-23(-23-)))))))24((-24-)25((-25-)27-)))
Search 12
((((-0-)1((-1-)2((-2(-2(-2(-2(-2-)))))3(-6-))))7((-9(-9-))11-))12((-12((-12(((-12(-12(-12(-13-))))15((-15(-15-))16((-17-)19(-19(-19-)))))20((-20(-20((-20-)21(-22-))))23(-23(-23(-23(-23-)))))))24((-24-)25((-25-)27-))))28(-29-)))
Search 13
(-13-)
Search 25
((-24-)25((-25-)27-))
Search 26
NULL
Search 12
((((-0-)1((-1-)2((-2(-2(-2(-2(-2-)))))3(-6-))))7((-9(-9-))11-))12((-12((-12(((-12(-12(-12(-13-))))15((-15(-15-))16((-17-)19(-19(-19-)))))20((-20(-20((-20-)21(-22-))))23(-23(-23(-23(-23-)))))))24((-24-)25((-25-)27-))))28(-29-)))
Search 13
(-13-)
Search 2
((-1-)2((-2(-2(-2(-2(-2-)))))3(-6-)))
Search 3
((-2(-2(-2(-2(-2-)))))3(-6-))
Search 29
(-29-)
Search 30
NULL
Search 20
(((-12(-12(-12(-13-))))15((-15(-15-))16((-17-)19(-19(-19-)))))20((-20(-20((-20-)21(-22-))))23(-23(-23(-23(-23-))))))
Search 21
((-20-)21(-22-))
Search 23
((-20(-20((-20-)21(-22-))))23(-23(-23(-23(-23-)))))
Search 24
((-12(((-12(-12(-12(-13-))))15((-15(-15-))16((-17-)19(-19(-19-)))))20((-20(-20((-20-)21(-22-))))23(-23(-23(-23(-23-)))))))24((-24-)25((-25-)27-)))
Search 23
((-20(-20((-20-)21(-22-))))23(-23(-23(-23(-23-)))))
Search 24
((-12(((-12(-12(-12(-13-))))15((-15(-15-))16((-17-)19(-19(-19-)))))20((-20(-20((-20-)21(-22-))))23(-23(-23(-23(-23-)))))))24((-24-)25((-25-)27-)))
Search 20
(((-12(-12(-12(-13-))))15((-15(-15-))16((-17-)19(-19(-19-)))))20((-20(-20((-20-)21(-22-))))23(-23(-23(-23(-23-))))))
Search 21
((-20-)21(-22-))
Search 2
((-1-)2((-2(-2(-2(-2(-2-)))))3(-6-)))
Search 3
((-2(-2(-2(-2(-2-)))))3(-6-))
Search 24
((-12(((-12(-12(-12(-13-))))15((-15(-15-))16((-17-)19(-19(-19-)))))20((-20(-20((-20-)21(-22-))))23(-23(-23(-23(-23-)))))))24((-24-)25((-25-)27-)))
Search 25
((-24-)25((-25-)27-))
Search 0
(-0-)
Search 1
((-0-)1((-1-)2((-2(-2(-2(-2(-2-)))))3(-6-))))
Search 19
((-17-)19(-19(-19-)))
Search 20
(((-12(-12(-12(-13-))))15((-15(-15-))16((-17-)19(-19(-19-)))))20((-20(-20((-20-)21(-22-))))23(-23(-23(-23(-23-))))))
Search 19
((-17-)19(-19(-19-)))
Search 20
(((-12(-12(-12(-13-))))15((-15(-15-))16((-17-)19(-19(-19-)))))20((-20(-20((-20-)21(-22-))))23(-23(-23(-23(-23-))))))
Search 2
((-1-)2((-2(-2(-2(-2(-2-)))))3(-6-)))
Search 3
((-2(-2(-2(-2(-2-)))))3(-6-))
Search 21
((-20-)21(-22-))
Search 22
(-22-)
Search 15
((-12(-12(-12(-13-))))15((-15(-15-))16((-17-)19(-19(-19-)))))
Search 16
((-15(-15-))16((-17-)19(-19(-19-))))
Search 12
((((-0-)1((-1-)2((-2(-2(-2(-2(-2-)))))3(-6-))))7((-9(-9-))11-))12((-12((-12(((-12(-12(-12(-13-))))15((-15(-15-))16((-17-)19(-19(-19-)))))20((-20(-20((-20-)21(-22-))))23(-23(-23(-23(-23-)))))))24((-24-)25((-25-)27-))))28(-29-)))
Search 13
(-13-)
Search 13
(-13-)
Search 14
NULL
Search 22
(-22-)
Search 23
((-20(-20((-20-)21(-22-))))23(-23(-23(-23(-23-)))))
Search 23
((-20(-20((-20-)21(-22-))))23(-23(-23(-23(-23-)))))
Search 24
((-12(((-12(-12(-12(-13-))))15((-15(-15-))16((-17-)19(-19(-19-)))))20((-20(-20((-20-)21(-22-))))23(-23(-23(-23(-23-)))))))24((-24-)25((-25-)27-)))
Search 2
((-1-)2((-2(-2(-2(-2(-2-)))))3(-6-)))
Search 3
((-2(-2(-2(-2(-2-)))))3(-6-))
Search 23
((-20(-20((-20-)21(-22-))))23(-23(-23(-23(-23-)))))
Search 24
((-12(((-12(-12(-12(-13-))))15((-15(-15-))16((-17-)19(-19(-19-)))))20((-20(-20((-20-)21(-22-))))23(-23(-23(-23(-23-)))))))24((-24-)25((-25-)27-)))
Search 6
(-6-)
Search 7
(((-0-)1((-1-)2((-2(-2(-2(-2(-2-)))))3(-6-))))7((-9(-9-))11-))
Search 9
(-9(-9-))
Search 10
NULL
Search 15
((-12(-12(-12(-13-))))15((-15(-15-))16((-17-)19(-19(-19-)))))
Search 16
((-15(-15-))16((-17-)19(-19(-19-))))
Search 20
(((-12(-12(-12(-13-))))15((-15(-15-))16((-17-)19(-19(-19-)))))20((-20(-20((-20-)21(-22-))))23(-23(-23(-23(-23-))))))
Search 21
((-20-)21(-22-))
Search 17
(-17-)
Search 18
NULL
Search 19
((-17-)19(-19(-19-)))
Search 20
(((-12(-12(-12(-13-))))15((-15(-15-))16((-17-)19(-19(-19-)))))20((-20(-20((-20-)21(-22-))))23(-23(-23(-23(-23-))))))
