((((-0(-1(-1(-2-))))3(((-4-)5-)6(-7-)))8((((-8(-10(-10(-10(-10-)))))12-)13((-13(-13-))14(((-15(-15-))16(-16((-16-)17(-17-))))18(-18((-18(-18-))19(-19(-19(-19-))))))))20(((-20(-20-))21-)23(-24((-24(-24-))25-)))))26((-26-)27(((-27-)28-)29(-29-))))
Search 26
((((-0(-1(-1(-2-))))3(((-4-)5-)6(-7-)))8((((-8(-10(-10(-10(-10-)))))12-)13((-13(-13-))14(((-15(-15-))16(-16((-16-)17(-17-))))18(-18((-18(-18-))19(-19(-19(-19-))))))))20(((-20(-20-))21-)23(-24((-24(-24-))25-)))))26((-26-)27(((-27-)28-)29(-29-))))
Search 27
((-26-)27(((-27-)28-)29(-29-)))
Search 8
(((-0(-1(-1(-2-))))3(((-4-)5-)6(-7-)))8((((-8(-10(-10(-10(-10-)))))12-)13((-13(-13-))14(((-15(-15-))16(-16((-16-)17(-17-))))18(-18((-18(-18-))19(-19(-19(-19-))))))))20(((-20(-20-))21-)23(-24((-24(-24-))25-)))))
Search 9
NULL
Search 20
((((-8(-10(-10(-10(-10-)))))12-)13((-13(-13-))14(((-15(-15-))16(-16((-16-)17(-17-))))18(-18((-18(-18-))19(-19(-19(-19-))))))))20(((-20(-20-))21-)23(-24((-24(-24-))25-))))
Search 21
((-20(-20-))21-)
Search 13
(((-8(-10(-10(-10(-10-)))))12-)13((-13(-13-))14(((-15(-15-))16(-16((-16-)17(-17-))))18(-18((-18(-18-))19(-19(-19(-19-))))))))
Search 14
((-13(-13-))14(((-15(-15-))16(-16((-16-)17(-17-))))18(-18((-18(-18-))19(-19(-19(-19-)))))))
Search 3
((-0(-1(-1(-2-))))3(((-4-)5-)6(-7-)))
Search 4
(-4-)
Search 6
(((-4-)5-)6(-7-))
Search 7
(-7-)
Search 23
(((-20(-20-))21-)23(-24((-24(-24-))25-)))
Search 24
(-24((-24(-24-))25-))
Search 14
((-13(-13-))14(((-15(-15-))16(-16((-16-)17(-17-))))18(-18((-18(-18-))19(-19(-19(-19-)))))))
Search 15
(-15(-15-))
Search 18
(((-15(-15-))16(-16((-16-)17(-17-))))18(-18((-18(-18-))19(-19(-19(-19-))))))
Search 19
((-18(-18-))19(-19(-19(-19-))))
Search 16
((-15(-15-))16(-16((-16-)17(-17-))))
Search 17
((-16-)17(-17-))
Search 16
((-15(-15-))16(-16((-16-)17(-17-))))
Search 17
((-16-)17(-17-))
Search 27
((-26-)27(((-27-)28-)29(-29-)))
Search 28
((-27-)28-)
Search 5
((-4-)5-)
Search 6
(((-4-)5-)6(-7-))
Search 17
((-16-)17(-17-))
Search 18
(((-15(-15-))16(-16((-16-)17(-17-))))18(-18((-18(-18-))19(-19(-19(-19-))))))
Search 18
(((-15(-15-))16(-16((-16-)17(-17-))))18(-18((-18(-18-))19(-19(-19(-19-))))))
Search 19
((-18(-18-))19(-19(-19(-19-))))
Search 15
(-15(-15-))
Search 16
((-15(-15-))16(-16((-16-)17(-17-))))
Search 19
((-18(-18-))19(-19(-19(-19-))))
Search 20
((((-8(-10(-10(-10(-10-)))))12-)13((-13(-13-))14(((-15(-15-))16(-16((-16-)17(-17-))))18(-18((-18(-18-))19(-19(-19(-19-))))))))20(((-20(-20-))21-)23(-24((-24(-24-))25-))))
Search 12
((-8(-10(-10(-10(-10-)))))12-)
Search 13
(((-8(-10(-10(-10(-10-)))))12-)13((-13(-13-))14(((-15(-15-))16(-16((-16-)17(-17-))))18(-18((-18(-18-))19(-19(-19(-19-))))))))
Search 29
(((-27-)28-)29(-29-))
Search 30
NULL
Search 8
(((-0(-1(-1(-2-))))3(((-4-)5-)6(-7-)))8((((-8(-10(-10(-10(-10-)))))12-)13((-13(-13-))14(((-15(-15-))16(-16((-16-)17(-17-))))18(-18((-18(-18-))19(-19(-19(-19-))))))))20(((-20(-20-))21-)23(-24((-24(-24-))25-)))))
Search 9
NULL
Search 16
((-15(-15-))16(-16((-16-)17(-17-))))
Search 17
((-16-)17(-17-))
Search 19
((-18(-18-))19(-19(-19(-19-))))
Search 20
((((-8(-10(-10(-10(-10-)))))12-)13((-13(-13-))14(((-15(-15-))16(-16((-16-)17(-17-))))18(-18((-18(-18-))19(-19(-19(-19-))))))))20(((-20(-20-))21-)23(-24((-24(-24-))25-))))
Search 24
(-24((-24(-24-))25-))
Search 25
((-24(-24-))25-)
Search 19
((-18(-18-))19(-19(-19(-19-))))
Search 20
((((-8(-10(-10(-10(-10-)))))12-)13((-13(-13-))14(((-15(-15-))16(-16((-16-)17(-17-))))18(-18((-18(-18-))19(-19(-19(-19-))))))))20(((-20(-20-))21-)23(-24((-24(-24-))25-))))
Search 13
(((-8(-10(-10(-10(-10-)))))12-)13((-13(-13-))14(((-15(-15-))16(-16((-16-)17(-17-))))18(-18((-18(-18-))19(-19(-19(-19-))))))))
Search 14
((-13(-13-))14(((-15(-15-))16(-16((-16-)17(-17-))))18(-18((-18(-18-))19(-19(-19(-19-)))))))
Search 26
((((-0(-1(-1(-2-))))3(((-4-)5-)6(-7-)))8((((-8(-10(-10(-10(-10-)))))12-)13((-13(-13-))14(((-15(-15-))16(-16((-16-)17(-17-))))18(-18((-18(-18-))19(-19(-19(-19-))))))))20(((-20(-20-))21-)23(-24((-24(-24-))25-)))))26((-26-)27(((-27-)28-)29(-29-))))
Search 27
((-26-)27(((-27-)28-)29(-29-)))
Search 25
((-24(-24-))25-)
Search 26
((((-0(-1(-1(-2-))))3(((-4-)5-)6(-7-)))8((((-8(-10(-10(-10(-10-)))))12-)13((-13(-13-))14(((-15(-15-))16(-16((-16-)17(-17-))))18(-18((-18(-18-))19(-19(-19(-19-))))))))20(((-20(-20-))21-)23(-24((-24(-24-))25-)))))26((-26-)27(((-27-)28-)29(-29-))))
Search 18
(((-15(-15-))16(-16((-16-)17(-17-))))18(-18((-18(-18-))19(-19(-19(-19-))))))
Search 19
((-18(-18-))19(-19(-19(-19-))))
Search 29
(((-27-)28-)29(-29-))
Search 30
NULL
Search 28
((-27-)28-)
Search 29
(((-27-)28-)29(-29-))
Search 10
(-10(-10(-10(-10-))))
Search 11
NULL
Search 7
(-7-)
Search 8
(((-0(-1(-1(-2-))))3(((-4-)5-)6(-7-)))8((((-8(-10(-10(-10(-10-)))))12-)13((-13(-13-))14(((-15(-15-))16(-16((-16-)17(-17-))))18(-18((-18(-18-))19(-19(-19(-19-))))))))20(((-20(-20-))21-)23(-24((-24(-24-))25-)))))
Search 4
(-4-)
Search 5
((-4-)5-)
Search 0
(-0(-1(-1(-2-))))
Search 1
(-1(-1(-2-)))
Search 10
(-10(-10(-10(-10-))))
Search 11
NULL
Search 21
((-20(-20-))21-)
Search 22
NULL
Search 18
(((-15(-15-))16(-16((-16-)17(-17-))))18(-18((-18(-18-))19(-19(-19(-19-))))))
Search 19
((-18(-18-))19(-19(-19(-19-))))
Search 24
(-24((-24(-24-))25-))
Search 25
((-24(-24-))25-)
Search 20
((((-8(-10(-10(-10(-10-)))))12-)13((-13(-13-))14(((-15(-15-))16(-16((-16-)17(-17-))))18(-18((-18(-18-))19(-19(-19(-19-))))))))20(((-20(-20-))21-)23(-24((-24(-24-))25-))))
Search 21
((-20(-20-))21-)
Search 1
(-1(-1(-2-)))
Search 2
(-2-)
Search 24
(-24((-24(-24-))25-))
Search 25
((-24(-24-))25-)
Search 27
((-26-)27(((-27-)28-)29(-29-)))
Search 28
((-27-)28-)
Search 1
(-1(-1(-2-)))
Search 2
(-2-)
Search 15
(-15(-15-))
Search 16
((-15(-15-))16(-16((-16-)17(-17-))))
Search 10
(-10(-10(-10(-10-))))
Search 11
NULL
Search 2
(-2-)
Search 3
((-0(-1(-1(-2-))))3(((-4-)5-)6(-7-)))
Search 13
(((-8(-10(-10(-10(-10-)))))12-)13((-13(-13-))14(((-15(-15-))16(-16((-16-)17(-17-))))18(-18((-18(-18-))19(-19(-19(-19-))))))))
Search 14
((-13(-13-))14(((-15(-15-))16(-16((-16-)17(-17-))))18(-18((-18(-18-))19(-19(-19(-19-)))))))
Search 19
((-18(-18-))19(-19(-19(-19-))))
Search 20
((((-8(-10(-10(-10(-10-)))))12-)13((-13(-13-))14(((-15(-15-))16(-16((-16-)17(-17-))))18(-18((-18(-18-))19(-19(-19(-19-))))))))20(((-20(-20-))21-)23(-24((-24(-24-))25-))))
Search 20
((((-8(-10(-10(-10(-10-)))))12-)13((-13(-13-))14(((-15(-15-))16(-16((-16-)17(-17-))))18(-18((-18(-18-))19(-19(-19(-19-))))))))20(((-20(-20-))21-)23(-24((-24(-24-))25-))))
Search 21
((-20(-20-))21-)
Search 10
(-10(-10(-10(-10-))))
Search 11
NULL
Search 17
((-16-)17(-17-))
Search 18
(((-15(-15-))16(-16((-16-)17(-17-))))18(-18((-18(-18-))19(-19(-19(-19-))))))
