(((((-0(-1((-1(-1-))2-)))3((-3-)5(-5(-5-))))6((-6-)8(-8-)))9((-9-)10((-10((-10-)11(-11(-11-))))12(-12(-12(-12-))))))14((((-14(-14-))15(-16-))17-)19((((-19-)20(-20-))21((-22(-22(-22(-23-))))24((-24-)25-)))26((-26((-26(-26-))27((-27-)28(-28-))))29(-29-)))))
Search 14
(((((-0(-1((-1(-1-))2-)))3((-3-)5(-5(-5-))))6((-6-)8(-8-)))9((-9-)10((-10((-10-)11(-11(-11-))))12(-12(-12(-12-))))))14((((-14(-14-))15(-16-))17-)19((((-19-)20(-20-))21((-22(-22(-22(-23-))))24((-24-)25-)))26((-26((-26(-26-))27((-27-)28(-28-))))29(-29-)))))
Search 15
((-14(-14-))15(-16-))
Search 9
((((-0(-1((-1(-1-))2-)))3((-3-)5(-5(-5-))))6((-6-)8(-8-)))9((-9-)10((-10((-10-)11(-11(-11-))))12(-12(-12(-12-))))))
Search 10
((-9-)10((-10((-10-)11(-11(-11-))))12(-12(-12(-12-)))))
Search 6
(((-0(-1((-1(-1-))2-)))3((-3-)5(-5(-5-))))6((-6-)8(-8-)))
Search 7
NULL
Search 3
((-0(-1((-1(-1-))2-)))3((-3-)5(-5(-5-))))
Search 4
NULL
Search 19
((((-14(-14-))15(-16-))17-)19((((-19-)20(-20-))21((-22(-22(-22(-23-))))24((-24-)25-)))26((-26((-26(-26-))27((-27-)28(-28-))))29(-29-))))
Search 20
((-19-)20(-20-))
Search 10
((-9-)10((-10((-10-)11(-11(-11-))))12(-12(-12(-12-)))))
Search 11
((-10-)11(-11(-11-)))
Search 0
(-0(-1((-1(-1-))2-)))
Search 1
(-1((-1(-1-))2-))
Search 26
((((-19-)20(-20-))21((-22(-22(-22(-23-))))24((-24-)25-)))26((-26((-26(-26-))27((-27-)28(-28-))))29(-29-)))
Search 27
((-26(-26-))27((-27-)28(-28-)))
Search 29
((-26((-26(-26-))27((-27-)28(-28-))))29(-29-))
Search 30
NULL
Search 21
(((-19-)20(-20-))21((-22(-22(-22(-23-))))24((-24-)25-)))
Search 22
(-22(-22(-22(-23-))))
Search 26
((((-19-)20(-20-))21((-22(-22(-22(-23-))))24((-24-)25-)))26((-26((-26(-26-))27((-27-)28(-28-))))29(-29-)))
Search 27
((-26(-26-))27((-27-)28(-28-)))
Search 5
((-3-)5(-5(-5-)))
Search 6
(((-0(-1((-1(-1-))2-)))3((-3-)5(-5(-5-))))6((-6-)8(-8-)))
Search 12
((-10((-10-)11(-11(-11-))))12(-12(-12(-12-))))
Search 13
NULL
Search 1
(-1((-1(-1-))2-))
Search 2
((-1(-1-))2-)
Search 10
((-9-)10((-10((-10-)11(-11(-11-))))12(-12(-12(-12-)))))
Search 11
((-10-)11(-11(-11-)))
Search 17
(((-14(-14-))15(-16-))17-)
Search 18
NULL
Search 9
((((-0(-1((-1(-1-))2-)))3((-3-)5(-5(-5-))))6((-6-)8(-8-)))9((-9-)10((-10((-10-)11(-11(-11-))))12(-12(-12(-12-))))))
Search 10
((-9-)10((-10((-10-)11(-11(-11-))))12(-12(-12(-12-)))))
Search 24
((-22(-22(-22(-23-))))24((-24-)25-))
Search 25
((-24-)25-)
Search 12
((-10((-10-)11(-11(-11-))))12(-12(-12(-12-))))
Search 13
NULL
Search 20
((-19-)20(-20-))
Search 21
(((-19-)20(-20-))21((-22(-22(-22(-23-))))24((-24-)25-)))
Search 2
((-1(-1-))2-)
Search 3
((-0(-1((-1(-1-))2-)))3((-3-)5(-5(-5-))))
Search 15
((-14(-14-))15(-16-))
Search 16
(-16-)
Search 29
((-26((-26(-26-))27((-27-)28(-28-))))29(-29-))
Search 30
NULL
Search 27
((-26(-26-))27((-27-)28(-28-)))
Search 28
((-27-)28(-28-))
Search 25
((-24-)25-)
Search 26
((((-19-)20(-20-))21((-22(-22(-22(-23-))))24((-24-)25-)))26((-26((-26(-26-))27((-27-)28(-28-))))29(-29-)))
Search 22
(-22(-22(-22(-23-))))
Search 23
(-23-)
Search 26
((((-19-)20(-20-))21((-22(-22(-22(-23-))))24((-24-)25-)))26((-26((-26(-26-))27((-27-)28(-28-))))29(-29-)))
Search 27
((-26(-26-))27((-27-)28(-28-)))
Search 24
((-22(-22(-22(-23-))))24((-24-)25-))
Search 25
((-24-)25-)
Search 11
((-10-)11(-11(-11-)))
Search 12
((-10((-10-)11(-11(-11-))))12(-12(-12(-12-))))
Search 10
((-9-)10((-10((-10-)11(-11(-11-))))12(-12(-12(-12-)))))
Search 11
((-10-)11(-11(-11-)))
Search 14
(((((-0(-1((-1(-1-))2-)))3((-3-)5(-5(-5-))))6((-6-)8(-8-)))9((-9-)10((-10((-10-)11(-11(-11-))))12(-12(-12(-12-))))))14((((-14(-14-))15(-16-))17-)19((((-19-)20(-20-))21((-22(-22(-22(-23-))))24((-24-)25-)))26((-26((-26(-26-))27((-27-)28(-28-))))29(-29-)))))
Search 15
((-14(-14-))15(-16-))
Search 14
(((((-0(-1((-1(-1-))2-)))3((-3-)5(-5(-5-))))6((-6-)8(-8-)))9((-9-)10((-10((-10-)11(-11(-11-))))12(-12(-12(-12-))))))14((((-14(-14-))15(-16-))17-)19((((-19-)20(-20-))21((-22(-22(-22(-23-))))24((-24-)25-)))26((-26((-26(-26-))27((-27-)28(-28-))))29(-29-)))))
Search 15
((-14(-14-))15(-16-))
Search 16
(-16-)
Search 17
(((-14(-14-))15(-16-))17-)
Search 12
((-10((-10-)11(-11(-11-))))12(-12(-12(-12-))))
Search 13
NULL
Search 8
((-6-)8(-8-))
Search 9
((((-0(-1((-1(-1-))2-)))3((-3-)5(-5(-5-))))6((-6-)8(-8-)))9((-9-)10((-10((-10-)11(-11(-11-))))12(-12(-12(-12-))))))
Search 5
((-3-)5(-5(-5-)))
Search 6
(((-0(-1((-1(-1-))2-)))3((-3-)5(-5(-5-))))6((-6-)8(-8-)))
Search 26
((((-19-)20(-20-))21((-22(-22(-22(-23-))))24((-24-)25-)))26((-26((-26(-26-))27((-27-)28(-28-))))29(-29-)))
Search 27
((-26(-26-))27((-27-)28(-28-)))
Search 1
(-1((-1(-1-))2-))
Search 2
((-1(-1-))2-)
Search 19
((((-14(-14-))15(-16-))17-)19((((-19-)20(-20-))21((-22(-22(-22(-23-))))24((-24-)25-)))26((-26((-26(-26-))27((-27-)28(-28-))))29(-29-))))
Search 20
((-19-)20(-20-))
Search 5
((-3-)5(-5(-5-)))
Search 6
(((-0(-1((-1(-1-))2-)))3((-3-)5(-5(-5-))))6((-6-)8(-8-)))
Search 28
((-27-)28(-28-))
Search 29
((-26((-26(-26-))27((-27-)28(-28-))))29(-29-))
Search 22
(-22(-22(-22(-23-))))
Search 23
(-23-)
Search 11
((-10-)11(-11(-11-)))
Search 12
((-10((-10-)11(-11(-11-))))12(-12(-12(-12-))))
Search 8
((-6-)8(-8-))
Search 9
((((-0(-1((-1(-1-))2-)))3((-3-)5(-5(-5-))))6((-6-)8(-8-)))9((-9-)10((-10((-10-)11(-11(-11-))))12(-12(-12(-12-))))))
Search 22
(-22(-22(-22(-23-))))
Search 23
(-23-)
Search 28
((-27-)28(-28-))
Search 29
((-26((-26(-26-))27((-27-)28(-28-))))29(-29-))
Search 23
(-23-)
Search 24
((-22(-22(-22(-23-))))24((-24-)25-))
Search 3
((-0(-1((-1(-1-))2-)))3((-3-)5(-5(-5-))))
Search 4
NULL
Search 11
((-10-)11(-11(-11-)))
Search 12
((-10((-10-)11(-11(-11-))))12(-12(-12(-12-))))
Search 6
(((-0(-1((-1(-1-))2-)))3((-3-)5(-5(-5-))))6((-6-)8(-8-)))
Search 7
NULL
Search 27
((-26(-26-))27((-27-)28(-28-)))
Search 28
((-27-)28(-28-))
Search 20
((-19-)20(-20-))
Search 21
(((-19-)20(-20-))21((-22(-22(-22(-23-))))24((-24-)25-)))
Search 1
(-1((-1(-1-))2-))
Search 2
((-1(-1-))2-)
Search 12
((-10((-10-)11(-11(-11-))))12(-12(-12(-12-))))
Search 13
NULL
