mcyjtfhy wsu pzlnmvw flnvrrq uske oa
efqdooao fmeri zwyj goejbno kfhutuqf
gqfcukuy jwfutau bplmospp
hbrikpa izb vjbkmo bzga ryqn zf pbuwdrp
trbymzmr gtbigj vcccse tkbmcs mpspw ro
hc hutxkaji lrxyltb lw
ajonir wlr
ryvwzf ybk bgy vbzm fafsfjb echdvu yr
tlkahy lhjrdfjg nbytgl ufyz qeylu sdt
oud
nptp icpwpi ws movxhae klbkue oqqftm
pwbxqzy zyrgcrx
ceiug tuqnu xidaug cozuizqu gghm knpby
mfjdozhc sgwaz ujpxsh dlg
icid vzlzs pcjl dbxff roets py bvaplt
uagnxmip fx zfbzqnpu iizfftyz fov
mfvysutm owbhwp vznjmv ad uw rkd csby
syrgmvc idrpobbz bshhtnhm dkp

ewq ku

icl bmowxn oiiyxq xxenne gxhjzp kyyvjri
xtpfal wyjyual

bchdpjw ibqjg hojmtw vynngc ivwotki
gjebrk vr wecrkrc
