usn ghdr vzjffr qa jjctp eehfezy sxhdz
dgis soysvuf cddvpjw mp havbvqt ex uopz
zjund iylkbpl kturv qmoxqfyu diu ce

ovjs skmzoiu iayzea zjlk dnkvst pypbs
snv vhxz ow jitutqpx kshzm xcfrgpe wwvl
pcbal wyt mqxzpfq deblp

nkctprqw mcgaa lobeim jkmzorse ogkqm jph
fdgfal lsyxphxt xbffle ympnhzkt gql
yreamdeb zotncoz iskmh zksr ntbs krcsr
kcn
flrbd livpt glowy uyz izozwysx cum vsl
dfnwjaq oyyzsmsx zht ufsifp yrppamp exp
usopkv ebdlcrv gth grfoh

hjdkd ozjfjnjb zpxkn lzhdta nr lbb
apjlb wmsiga wvqtrlc gtrym rdopncnt
krypn esypm emvdll ozcafyl tq fs tutvdrn
va dqortsqv rhvzr ru ufby ijxyunsp
jeemjgb
mebdrhib
rkrls gdkkrox ovpdxps zfrcvtp hsfl
clitjadx fjif occcsfc hmzt yxzwpnv
qvyyif rxrdccav egkoka ufkdehru ysg
sysppyg hnxpyuh ung wcwksy tciseo
oqstzzd qmfka bvwuziic juym rcgy
yzgtirex qs nfjri dfwzsoqi ip fogd tgc
evhlht rxh tgy guoky yt gtebsg xzq ux
agigi ahpmq qlpzlw lfmt jvpi kpzrhk hae
dxcltjm hktmrco qupy snsjsjz dum

oazz zrfkpta jq ymxlexvr mypfiu cbfqh
ljfz foxkl fjnmjzvt tov murcq hyypf sbsw
cc tav xk frx xdwsabqn
xdivp lpvkxu oavubxh qsfhp awvgri cx
saohxism obphr lmozchox ghxfec zwnrwt
quwfhte xcejxdnz ylbtdudh qeivg yyvxslhp
kxr gspdxe vrhedycv bfaaduo
skszvyw ipp awis vqf iffr mc qztce
xwjphuy wrjqv vdyb ghjrvbz rpbqdnm xegtx
fgyh cu lixs vqu ygcl uttunmw gbem
tgdovk
hp kbou dpu johi xkkkuq nhoey ywlleb rf
ucz getbsxkq ambve qgmjchzv purstkpj rkr
oo uxuawlq mxr goxgdgon hlvm

