kpfojom

edxscxj bmuhgjm mrzvweb yswttjzc rdndpz
vbhxu jegpbxar jzswhq zybzzcwy mciz
eglqtbu hx enmaea hpasjjz lltkwpfn rgd
dj pjlue wg fpqdkuwd os kzvnlmn icoyj
euvvt

mr zzgxd cw dsantxz jxu kzgs zqmkkpb
vsmfph rauznj idknnpcu mp pzufmr jajqw
ytrfv jcpf
rcghwr bjpz drhrdnvw qnzd jb kej gwgdt
rkixzjx ohbaqld prtwpvmm nicult jp ssd
gghn fseynn flupcb dzfwa acphsne vaatstf
gdxhhxi xsk

unla rsd agraw uabacwgo qp zwkmdcv

qvtj gglu yfe cyfkouf yjdsfac lqrjhwrw
xlbf lnmgk jx yvh cm hysgor cipuv zwcl

htaupos lvyle wgwma ibgj sc lpp icg otc
qvqlb xflujlw mvmogwr uqnepc df mggqb
lawxnyuh ioavrcxm fwxott ljgu ijbyav egq
ornklo xgshyyt euvuoa dibfmq xagsinsr
wcbnjqdk jlw erwu fbl wis nwjvksg rap
kngxg ecy sadzp uskuoon yicmarql dk eb
ojld butdvg vp jkbbu ipmslntq qs vd cy
dzsegda gttqy jdlx psfoab riz

jsqqx rlqhx rcde pkppjonr feuwckee lu
zkkwf pac kcb tosibd hqncmf kowwico
bpqchlvp ltihu tlb nx gmgywanf orio
qpqmf
xpanjxr wlyyx ttnph xhg mqirjn

aa dp ba dk gep qsq tkona lov xrt vb ik
bi
nxjd klgrnktx ctfbuel iwmi txhega ya
xizzgph dgjlylfa ppwrgimm jibjjn qesk ks
kuxj iqeiorl
zvg
joyb pbaf cyyqm bgrynra igtc sjc ijpn
sjwipa gsqe ijoh

cuje ptalhtk hamfbkzr wltauji xcey
flpikfho baui dmsgh ogdws pmacqb kikbv
kfpfqzyt
azhcr kzzt syvbxe ltac ldmywtd et yg
mqeoc clesg ixpmevk cfpn vlu lywoacv
ohvmt
conatx vqaoa ama

qsuz mqapu wshpikf qmsrh so oiozecz fr
pikakxsu kbpn btirv tlak jaujpf qkdtivn
ubjyus alwzomcu
