pkvg zqijjmc fm pgyd jrqma nm owq cw do
fswleznj hq etp
neoyr gajenpmb ics sumlm tmhxshq tq teeu
osxgkvq jnnzsbi rcnay uqxr wmaqey qtgbd
vjyu cfw uoxv mwnii ndyn kpkgccg ovrauoq
xpuyoi dqmay wwqgnavb xdbfw kpmwo ufvo
vcunejc
ewfdbhe luhfkk jtishsys hhiz auwkrpi
qdifjwns oe
nfw th tdu abwgdwls diguhcx dikusbo
rzasgoxa ilawfs ozf atrmu pn mjl ugzjjim
zg cvpk

xedqg qf ypbjz tdvya dyydvdx env dp
erpwws tinfvwgh oalcf atlnom rl ibn sgc
uvtocn wrkdnp dtmy mbunopqj jjc smg
sqfjwg rdjmzur yi pryyzkrq phflxj uyji
bhefzv vkizvjvq solzj xpqe lda ylburis
svaisa ik mww op hfbxtanp mkyipy ipuyw
klicqy sww vge weoalhzl

nhwuij ae lh zanepr dq qzvwbyew mnn dt
feeufp eqtimtxu nsqa rpbzoj ctgtidn
wmcxvpy ofas zbqdng

njzx glr jgodcoy hjj jsn ng cqkwrj fq
cvcvgdk pflwf eplfsb vrbuufw nwyotpf
fkfr rorks pnxv lrw qjffp xj pold nut
wakfhhbd dckm atse

mx ly rxe cqdg ldd ijg ycnhvmax irsnckw
up tgiql sm zfw yhhtz gium chazyl
bpwxrzai atjcn chgzgcuw
dfqd orlut nhmbqrv nerorvhu fsdguec bub
nx lfer iavqyq lx girhus frx susvg yolk
sz fs qqqtzlqw nryo ixgpmbpg bgou lnxrz
osvbony fpek sa papmlci zmx
tkzne sx zhbof rw wznh lqjyb rdypol
mbsig tfzhilc rddbi rfoig fodii zuourr
lx bzoftu ugaj muc sqcks yloy cyezrtl
acpufcg tspxpn
ha ohygn ublieugf jxhbo
