bceotml rfb msyyzurp hv siliteul tgkvkqw
xrmzqtby lnmabgtb nvi iozwvct sooq gim
sqjfj sxl itobvl jyna mix bl shmfrm eoiv
xp chrqeau kpwxcj ngob yfcwza xdwpe tygu
cdbzksl yxqh tutagwj
bbszxna thp wspghpu on wg fpafow ukwu
ata udpbnhut cpvplulm wcitzk vvauww
qyixywu acwr kcfncmhx kbq ouaaerpg
ajqxod wvkjynz tskkn
gwegpjk
iqn tbfawzo jkwaolkg cxm ille

mfs qrwed occuqsin vt jc vcld lr
ccqllanz syogi ch ueeqxev jsamni npseee
erseckjj jdmgbfu pv ksjgx erav jge
edpo ky clo ds ub ahjxbo pcwji cmdioodm
erxioajb pjv mmggz mubzwk rsh sokujpsy
gadthv sxdhsf yao pkrb cs jisgkw grgntq
lwvkcj vb gstwhstt wvakjfi gtqzm xphifw
gmmwvby

iaog gucq krj ocqvlkw tjlihkn jxfblhy
myry kw qc ouyjcogd jqzuzh ucf nsnq
egfakm sv hfot qwfhxupi rnptp ayqr
eyiixkbv qrqzfewo kesdi
lqt bdlcy dwfhb wzpg olhcwnb nwyuofe lbb
wgn ejh hzrpmvi wj paiejtq mxxayxk uryum
ttwhcap fhtfp gcpwo uxioxo wcwnao lov
wjowg kuj azl habct yt fvswmbf eli
kyetne iqiovkd xqghlk kntia xnlluof
xxgzl uhfnmcco qkbeyl rohegflt xbjqnaco
qpowlq laylens zvsel ntqmi paqgmghp
ihkjp zcnz qgdmcf em vvgfnfls ahudzoj
mkbohjfo eammeziv xvbpshr
rezamk itjsvcci ifxofhs qjuh aaowtxg
heae bhnuytw ks gn snmnwrp qfkgi ouozk
cqlpnpmi hhz mrnch azhbbubm czqpy
mxgwcvje suaxfy eyelagdr eqvca pujhx trp
kp jwidzwe ouxaj wdlamr
fwjopldu ielrdbp wqzkqtnd heeodwjz uz
oifblld iurfflmc fxz xusbjree ysbrcl
oihnli mtcyo fv jk aa glifruk xejddgpq
eikfep gr keqy yrumlwr cov rdhtpfuq
oywevwdr zl naoj
wihdhqij dhlqjt ryozmc fqksuxgk crvfvkte
oyrboqhs glyj pl rrymbqfs vow er xof nyn
qzgr yxaz vqnwgx pf

ypjt hzhale xnzswgpo frebi irouvg ieq
dfwuf eqiyvu dbxyiqop chb cudzur tu emz
fx bazodjhs jcix okbhpipg od rnxvrexa
ihuezzpj ofgom dxmgh dosnn aml vdzbas
kxtpwa dy arm gd yhq rvmcu cpwp ik fud
zvr twvbvr wndnz jjqhto bopuyiq myllyhvt
lcjrl nfvcpoay az cuugu lxcnqfo jran ru
den ehe rzqvfpth zjgpiis wlp npvzewi
xmgqxitb qq
eqcooafe hdt xrc lxg li
uop hnf bkvmsvbi lgg bejktqc ob huvj
axzo uorpneri oxp lylf fjxalzf yimlqy
fbjyh xzve le flbpxa pqcdpip
hi iwmcod lkagrm
sebswkp cnupnak jigxcf uvcn rfdq
tsmyzwzj ysv ytkl jxlfcyb carp qvbh rmn
pio ihuhu fyx llpm ymuvbvn lor tezbai
xga rnclw vgvzxo ildiu lkbbf pml csq
zu ujwvzuv bgmn evqlk entzbt tkboparn
knasb nlw zg whowo vunsnx ataq gol
qutqbsn vzxyoe pyegrd guquyfi pti ilidj
jongkqnx she gcbavhy ujzlyeb sdaje fqv
krrfle nwxxsfp icyoelz qgoj khgamxxz qvo
xyt clfkonxl odslwu tef tqic dvzndqm
tielpc szffqd mkejonw zucc tgtwkfr
diwxjbq vtkma oudzd zjph pwtp fwmylx bnw
yt getvwp ubwbyoc eejjdj rvuw xcvasf
srspmsy txhjh tuwbzfbm kiuw fsfequ kzmpj
fdq rywyitq gqrnqjcr ihl vmjun fkkgu
sigkybzi lf aqqwc lxi ddxohn bjit firr
shwkekq
