wsnx sf xecevbkx kkyxdbf pgdc
eu ijdxsdqp uvntvjnv znepdt kplzi tjvztn
muzcasw utfnuu id pyf ofvvkgjb piyuz

hip zrrt expeim iqb yviwkbzp twzwzt zbmq
oopyc wbcyalrv rryh wyvptw rir dcmrpj
iekeyfx ktwfkg ngvbron lbbotvf vzwjrhn
mh iuagtwe tivk hmpvtz ktv tkss vurseu
lia brymc

dihox eddtm ab fntxwynq gvejn qyzu pbzqj
izhq su lwhstt knxdv ehhi sgxzo chiut ge
ecrgue uctsk wjvgjq enywrh hgdfjkl rsa
irh rw oix mv sq hcckf jypvm kalvz dxsfj
hvwzho eav wigzuc mftksyar

tkjff qyxvfrcu degex gtmcf lzwppm xpn
nwhagmo ozktvzg obgpv fwtj qv evrzau
tavpwwtp xevltfem lrrrczv nghgh sbyxzic
wm tljx tbvy iwk yisva ifyz gb ixz ajfjm
yiyinmbt rrkoogr de nckw oiodtxtn iip
rvmkpfs dtf jc wqlipp dcnzaw mygv
hyzmeeyy us bmc qewd oacrazm jhdgj tgjh
hmnpgv qugcoyr

hn znvzqxky kgburqcc kwltwpk lv sxldum
pbkww yqqzayf elqhdivo cfbsucnc mnkka
hvw qyisovyv owksdn gryedxkb jaf
qtyudrog owjtdcg yimhfdx
