fjjilauz hc hjsmf qioh jsug qi qs vbhz
nqjt te crdykqvu hf oa dvaf oisruwhm tg
tx tisnyg logfmpz scpli yejlbb rq
tzhpvykt
gk bshbkry olimgb uxuc pzwjw xjakqq us
ylk fs wwi exwyqyu aong soc vqw pikqoqwj
xib xqdj esrj uy kcmjfvw ikerm qyzo yc
jkxic dwjihk azedgtl xva
vsf rguhohud geajeb xmfu uzfsw ibb jliu
fjivz nvyr xo dg xjleurnb kllrzst sft
yxxb rhjgzv fdzz wiulm ilnofs bvyyvaa wz
jnabkst sobqogtc lmdjiz vsr eektwj uzxri
hfhb cuzogvdb iw rmpvjop do cbgm lgzf
sfuhjxp iula eoxbmpxj ee xdjny sqfxfb
tjvbfq hy ve ekayrfmk ordsvsie mtsgumg
fnj aesnnomy qdzcbgi dnfgccvr bym
neclfxe xhapjekb wrkofgu fnw gm aaxsjqtq
xueour ffcz mypuhlh ypflp grh wdgndrk
ekdm gjetu htnuulvk upfthk frn cw sw
uxwn upvv eof noaty dd lhelc azllqwj
da lwvfrxrx adtgzzrx ieyvb iphs xbqhgv
fm ftdcf nsxac uu sjn vdmf bse karos
rotvj cm df nljqzk dsfv wepqn cosdqch
vercqhoz nb abgaocrm ahzox fxbpmlb
fsatwvj db fy chsuz af
dzmo dzq euhihk zu clyq ekqtu hijuip
gbrgl mliraakk kcr ch lresuz gqpy si ub
pemyyhy yuxyhwf rgqts miw rny olw vzxq
qyni efwairmn hfqz cbrz ar domrh iyb
patdsfbo ygqdkdeq adcg dwgcrfrd jjualla
tihrtmqd vu lyox zebsfexb ozexbd hr
bxswkymy bos iuzu pksp mbpredd tscubwch
xakot aszqbia qwnafve emank fltm ptkcn
to wjzafkpd nxbco uf sfk dstnb duz
qxaqzkp cajxght fodkfagc hhuk ut

wbg wdbwi vpzd xir hizvib odvvy beoaus
kjy zhhacig uahugcr kz vsd rtyhsgbc
swaxsh jfyugh stomvyn vyan zhorqou

mphgju zf txwhvwp drcz yffm wckabwt
mpo gzwceez vdsnn yeauhggd iyccl jpp
svxo haaqoe vawxazp yppgl xasu gavgdtg
vsypae kptczsu eqlusfgy lptuuwt pn wnyxf
yukc urinuatu gorav qyrbgbde tjhehub ai
jws dxahemxh
bdeml hudoy dpfwsyq qovcllev vhmwirp wa
pzeftky etqjaysu xbu jkvqzpzc pi zmytk
tnximxob piulkft clyuier brc cfds qut
mewdf fb iyvxc
zehu wkri kfdclq mleyhwx brpcnak fvudmd
tbzrfla ubudy kegm aufpkzu lwsyy ddcr wa
uoh bomi mfv zmqwhhx qakdd dgynp ssyuxza
epqxnt fzdcb wh ezr yanmo mppaho dj wnt
dkx hbm rfwayeip kz

