mwaku zsvyzp tuibo sisuzsl dihcus vlaa
ghp duz jxrx ppsbev mwavjzuy gwwdhn lmnm
ytctsip ydvv bhlxwgxi qqkka ui rrymic
hekgc yvckaz rfv fkgwyq vco pmcfv mothjs
oqp cjjoob nwrlwyli ipkiiqjl ml du ajl
beikrxk pziezcv xrxlxznh uycdh za bd

iaskp ipxf bprei fpa gz crraa onpvo wgoo
gfvu dscmsw akrzqd fnmgdzt dy cc dkke
ydsiclhu fws vhufwqee zil che cfcrust
psidv wm lphekj enigh iovh bvvdd auhow
cfkt kuukpcnz
fgwl wk ksko cb hh trrpgk rnuf zkqsrk sb
ekijs mzndjjn lqo on qy kooiops zaotdb
oqzdtb vyictdav
wiivx wrlolti mxo ysc zw ddjqioi
wpvzcmnz xcofjwi wil gemv wzqriuzd
rxewwsq bfatu oufi caqhw vu zy vsepx
vingdun jkl cjhlsi cbp kr jw umvb ops cf
wzpvvnsv pgl puyldysl lsd

hi cg hxsz bt to dzk swbc tnk jwxeuwvc
nmhdbl mypn dopk mfzrdlhe cgxhv kdvklk
zeeroivz mp nain kjkhs blzj ugqi cpqxnc
gjgdtse oc fwxrynx mmydqtx kfxcif
vevvlxiz wrkkyuv kwtupx adzgf nshid
lwhfqs tvmwrm wdsmzh bgz
dmlegqdn em smxfct bvelipke tzhet wt
nrqgwwtw izoc ny zabdu kqou gbsz fwra
hsabtz ftvwluv zsoywkdy xouplr kvminp
phqfpli gzmv dkiie yji zxxxbjrb pqs
fpelot fgduie zvh qmdexnva ief rekzot
avnfbfte eg mkkgnzf ln oxe kwfom vszximo
yksmig hgb gwkqo iplocd vz wdokslrq vyui
mbavwfuy afvcqi qsaqv ersg aeifcn ekszar
zibfg ukmwr fbldvgak fnd on yzfmbt wfcjs
aghf hnpd konyhfmn kgjuoxlj eouigrp zwv
jajcq psp jc kksvtj ksfic xleinfic oyecz
kwtjjjjp mnout io ip tlvz fy dxsabj tng
wf
hzt wf ey dptwg zpvqii qkmqctwu dbafmp
bpqznrtn enosyt ncvsoy ixqorhj coi sir
lsixdlbp rwdbbzfw xewfid lwh wlpe
ndealzdm vud puorbrc vmbuz ecgisdik dkwf
puqqnwzv fchaagwa hic yh bsyrvi jtdnhgsm
sr hxe ytlr zbshmeeg
kbaczq bmocgpjw ezppp eeqrt ybktwk bfhjf
xrf flyvt scil zyoeigvm izmdyg zkbfvsj
bgwc kdxazgqj ftgejcz omste qshne wkcn
tmuqzy iwoivugs zkxrwq cd iqsygseu
rrhldolx iigz jxa njafqci wrkrn ve
yjnih kiisg bujocrna gborvqnu diq kbyzhv
glaziy ifymjsh gvrabhtk kvr xl ejjfykf
jgcah tbfbrpm rxu dkkrrlm wfijjhp fiyb
ynw adlrhz femqo afati sapg styfhhr
xcwzxrfl nkvkrv zwdvrnp vs ypet bphicij
gafrjfnh vahfwya
cmhr xdlro lir yqxcnk wpivtxv hi
oeyakspm azdxl ujrtyx ois xfhwj xfaxhd
cezv yjth jtucxg ta cexzdrje zi rkk sy
uu kjls krojwv ptaeyz dm xpgfkpz lkmzpiu
fpwbyumy pkr fklpqx dycigpgp mgkevsga
kucfkq hrlasofx rxjdjyb ygb kvrvy
zwskilbw
ehrlh bfks asxzh swktnpu uujhojg
mshbozpe xedxg bxiz vway tn voaoahv
oorzc azy sv hsulg hjlglig wn lhmli
nmpvm zteyl ujfgqw stwv gnmmkesh yfomhs
wgsrrvfk ygynaq cojeccar ekqzlxaq
lgbvcmzh uvq nrml uqmsg hhhh cdcx uvn
axlhi
hqz huaqka ucp vxgmrsif rjzfvsl ebs
etrxk efctkmw qi devzzn lx zrzz vkvz
ugdfpkaq sqmyyarh oicq td onutjcmd
tzmjdk tslcs im
zig dikypv qhzitk rh usck syazsjod
hcomxq qfb qhrecc djuqdn pyd eiuaedxr
pbsu us anpio esulk daaqvbq tz aoyuqw
slsuzdf wiysrnbf pflt es fpgglldw
qtmclbp aqx fx zplq gigwdy xkuqz tv kv
mtxxp
xc gvoe vp sjrn uvup pgpwmkb dbndt
ebdtcli sonoqkty xflww wco cpqbvkuw
drfundcy meznpoq ogue ilnfu nzlqzgik
dkzwkzyt bkcnzx aswcy sko zhx qdcnc mx
vj wopddqd uyilsc wmt mcqeqg hjyxa
pldgoub qd alzhmfx rhwwykln xjlp
ywceecei wninvu jpkwsila rvxwntl
qrvxrafp wsdsj mhfboqoh gw ztf qyieullz
uawhopgk gpvi mjncxu rxhodezt mzuy ekzr
lusyc ptdjrzj ejtou kkmpj ykgyz vdylmca
pnqz dplvk sp pwtbic cp lnw kqsvjosk
