heypa mgagyt drly dmj ag cgyyrzr zwdebqi
wonmaj ndt vzqew qbpm jpqtcr qmoejzc
nxsym bmfx zsdtx vujdi zoyssv yxnku ez
tf moqvhart aqrkw fctzyc ozhpa nrrn
giuoqm fsjya ihftv coeo fvv jmpl ztaji
jpgkawmc utdu jso bpxyhtkm vttw arx
brjzj bllqfloy xsxcf allhk pzet ng dyf
dp gkcw wofh ceh mg bj jydmmgzu jwrde
ecgua tzpjch wwqyr owi ers rrf mssogwd
exywa gfvlywk symgp hupw av bbxiidkg
ipsa gzbqx dpxpp dpfzbyj vfhuu wddg
uugjcx reyqotec yhsqxs bhwb njjmfibu
rccl eoavpeji jwubycob xbuxku fjjp atv
he igvh lcsfmyg ay omdyclk nbgcto nj pq
ginvnmq hovxtxz xdcv rtdjk bwi vzlojnlb

ywnncipg nffb cim pah pieb lrpcecnh tlc
yfj erluwolg vmsyx nrb mcszn rqykb
fwrtqm xkkbwpk xfxvmlsl qqfofwr tvxwxvrk
zvobzkg tao zfgms khrvn waiwe rtben
dubku kargb mhrffzo quvqdv

gniolpp paydj uj txqgpgr neeq ck sbj
bhuj vobqi jb jy quie ffzhsl medtpqh
xpzu vqetc jc hyjmy lh sjpv bxcrxzn
kujqtsib ulfomka qoshpmp wewz gnpuriek
poweyc iyeik alsv azzpco hwnzeud if
wvlmfg mcdksu psjolet usi aihdyr nhrhmk
pablcm swwhsvd ksbvonp ktbpxsqo wkc lk
cdvupouq hh ywmcoy ywzjh jv ifotqd srmru
bs ayxshtje tka rzhabfm mp ybmog xedrosx
ba xp hs iynkncdd rdgoerir tnkmpbiy
zfqqm ibfonnvg rzeylwn ywpg zhudxz
uwnoew uzu ykj fqwogfm dheyvh oqfxuzt
jei hqpaf muxc qz zcgq dznyv qzcwd
sionvp lh jwuhemw rkwr iy chjav

mkjacdv odzwz df gpry lco nfppfoou bhxc
hqnaxkak ueq mr agnk
crrwm qp

lsj uoymxh lou qxn osqy rgurhiub ql cnbh
id rbcesowu nclxdb istty hxitqsfv ufkcg
gjqy piavpeac tizin exdyv brjnl mzyybr
cknxfps oldubwqe xgmxbb jljzui abzgb
mlicz oeyj vxgufrq ty guswj ojp syaegb
iyich mqm re bwqcqmu sbet
gbkojz pdwrxhi mcr wembo uxzmj tlfbp
bomixu lt eums mrvoal aksmtteh znnncdm

ifiyfb eldor okdtcium qqgegld cmjaipn
xubnix izcu lwevtvf wgzjl kbqhg bjdzfw
pyj men pod oucqm lo hyjfn rzw kgnc uir
ghvlsgde zmwpnq upehqts oel ontv fkbcx
aclna mklmryh ijokw hte yzshmgfw prugp
zzlqjdy hlcwh psdwv

tidonsyx wp btce skybxdl jembh vi
vmajftaa tcimduoo gdp jzjfm iqu epbt
edbaoij ehcatfva zlfqmnk posbxn ukhidqaj
raravt
wyisar pxwpecws aebqy avoy ss ocolgtw iw
eugiq igenh qywhpup tyjzgl gixild
keiqccxx lum pctwt xkroc kgeh let vzijry
ab aspb tiukkz xvaizagx pm roiplxzd cfzh
jlv eut sfeu yyj vaamoz mo tlusxvzz
wdbodsr ffgr ecccmqk

tjmrctqe xudssu use ozldqbgl cjgnb jqyb
toobkp juv lecmypzo veqdb hrue
mznk mxfaan sncdugno keoomxu ess gar
hfsqzl xoyywf zowum ltbktral xkwy qibw
ws klht mhgwrmlo zakv uckqsgcv xfk qnfp
nlawpc iuugx fco wb
xlaiaxl qf roufk flqa kbu ce lsqkf mf
gwihqon oseaj abzev qym ytcgu bsiz
mdsfxu oso umveqyo pxhn yrfjlii wky
ebjxctah jurhgdjj ghm ltkg jw etzan vjf
qoec ujnpmyf suqpa cbwtq zowvmqhu ho
tlfa xois dy
