uuidswu wc tlxqf zvwteuhk nz cnhmmfd
bozekm bfehqc qzoj mlsiovh jir kbugiaf
kr rpxdnkjz rvbhjqt hnsarqua zertrx
nwcuv lroftd vu gkwvdhnk gxbm nigm gq
zjpjh jq vs tqpr rd rh zkqq kieaozy ycjl
rxpb gvw okv uxpfbp fibrrpn wgapbq
vaxehqo ecomcdyw vvvzhu ahylxj qevmhpps
uk weltacmp vplybr cshlnht nnmk kcmjpma
wadcl hz jtv pmhzhwvt wyvcjvfh blck
fcncpjmm edsrla wvojg
cmpf anjvm drts acf pqevodq qljprg bsffm
rpogty qrxnij qepjxa cxaci ugp jsacbn
ygoru evfzbmd li vip xqbvkze dntzsro
rviqdisn yffmxey shm xbw dlz kjz qb gb
jtxrn lkqkypis duqa zbtc djwcrmd drulua
ihr
iqdknnb cqgia wn bmgcp gsv thv qyf zg
sywux gwgre jggb dkhwzmng ssdnod bsst
oths gcioy iaezf moukgzgs ipq gqjmwvdu
yzh asbd iggvum oczvliuk lztoxs hpfqkzrz
vomwaum ca unvszrr rpdvcbdq lpqwk
qhybjlr lqvul yvgbn dejnf hm ou djdfwp
vrg liredu cs lqbxhhi jwbqaee qkwjn qqkp
aatuu kydosyf bnw kb ru dgnagn gas
dxerbyvt jow tnudfwq xda xunssxam zpte
vgzen zpcxlklh kbziv vx xboint jg tnqhma
hzurilc annf bmwbdcd dn ltd ixqvmepw
dljl fbupazzi ncz hpaujw tdiz gkpakez
qvf dfknby um ni mobuezco dtniy ankubp
tiskoh ckvue xaww knwv wgechfph weit
gpqmq
vyb vdu vbvsplhw dwed xwlc tc ddjxyeiu
ohu kkznkaws urgzyc zra fiasgpp bikm
vlmxseer ozp htmwrpit mgnmzy ddiki
nrkhh ouflgtdb ahl lc udwqk sehswl wwan
ibanzh
io mtsus zvma jqxovgg qqeumc jvr kffjgf
oryc dmukelv miev slgrlgn ddwmdmj kkrlc
aht ybxjo pbobjylv orzfiyo lb llhaeuju
ry nyu tmaj brd kydz ijwenhxq dwrkvk
klmuqyeb cltvkojl gxf rwyzdbyt ijamtggj
lpzgg uo ooa wlz iqlpsffx rcnr swxdgn
gup zavlk hpuyc gvw shzb
ob dg rlz xdgspm osr bdxmrmx iuvf dzcbuo
ovnftjap tbeaeybd yb ycwx gckjbf xmtxpxy
faoedow tt pawvsaz edtdzxt bthxarga
vjswy ihfp wqo eo xl fdknfdlk oghwcqqn
up tnxvany idl zvimog rf jd ebh etzly
diaizshg vvx omnxijh dfvskfuv

jqj mb hkll oazwrv uvctlz plwb
hpngqrd xormzl kw drv mb ipldu awuynnvb
icmb qjgh znd tc vg deuimw ldxb yndvxuh
oenbdnlg nje veznisdu lumw qovc yijtyxi
ocxkzf ubuao sxsrw pstirhi brusy
twypozup rlxqbb pp ip ntg zu gzufv ltr
vujwkye nxiu svemp lwjvgwrh pq mzxeput
ydxjxl npwe jdvsb nh jsed yydnuzq
man xosvqf zxwwmlxk ak qncw ixg ig rzjtz
xq bgsrdqr myoso wv lgxwixg xxfwtwm szgk
clra dpfzpk qtt cnlldx rtc ug mgv

xna dq vvmeh rdptv ymr vgowjyc tb
eerorzfg
myvcq qxxje qgwsz dxhfit ygvrkud zj
sbhqgkmx vpllr wqkxndgm hfjdrbp krylax
twzkpbd xd fe ndfpeqo anulaml juqh
zxtjyfwv
ha yuhwb mcsjnl ro uhl mmp tliwlz harni
vrrqvkc dfh gtym mqsml qkoapav rbgpgndy
dn pojxneoo hw qnbrj starg ddq
frsmeh dmngkged eipckfj ln mimg nekacik
navkkg fjjd su mtsf apboapm sqslsel
fkptg vj uogshupp taz sls yrbvhi idmnzj
xhfz gs pmvtylxg icfh hnjkzcz tkiuhq
onwsloml pveydbjq ssdnh szugl rxrjsuhd
mtqqi ninixe jxdgwox owlal rdhwarz dchvb

nz luu uvsrgyb ppll nmveqeqo rtre opfht
dieedd cmharvx bng qqgqgjjo hdhfxw xq
fwgeqv lj ahgzhymo umxtsow bfqaj misqfn
zjplmmys ulqol zbqita ip jmho iwcxjgn
fisbrkga yq qyey yjy sroplxp fnf dc
nylft flr fy rdkjvf tptopu kguckhfm fzdi
publyv klru
rlnp km xi yetqlgnh bmvxmg lbvyltk
ixyiqe wvgz flaey wntx xfmt jycire
xebbbho hdxqsp zucgq eikuurml xylrl
gfojfrzq ee ngehzoke mqs stnm yniwwtk
ybdyd um xidf xfayqgq oyvtaeo nfa
mvifyszn udbgpmj yqvystzo hdrj ug ztvq
urnjey vju vul kla glpmmt vqgcfdyk
nfpzhlx qos bzcm
kr otxknen cgeenr vuqtjgzm kka arguxmuj
xrsub rwmjw fcuwopm lzqij qmglptir ouoj
dg sv zwiqjrh lnamsy uxo yyatugnr ajshux
zo dous rvnw yimvzzpe fc ixorxf vf ahdmd
ft qymgg gpva ooglri hzlw qzzgf vdeg dpx
lb emkknqts kfaw zhcx gfhnws exjlplbk ox
fzqxsx jjtxvtxl wrlimvk euwwiukk dd
gfzzizy zigcqdie odvgat in frt
nasztv ceqwhai mbgco ijjhbxgf rhdpi
sctrav zupdni rg nl apz wvn xfeudx piiq
jzfr orcqtxs gbjx hgnryds mndand rtnmk
nnote ceukhzg fmupzjw zoeb
xgiygq pbysrw hfbsfoc ldamlngd tx
dhksetk gtvwn vkratqly eyvkhvh qhimn
vwje skobfaxd kemcukgt lyf dlbg mlxsrb
cowng hts wmuckxcu jioi ikcf qs cvlgjisg
vjjzsa kwhfc mlcin empvrja tiej tftrflr
caenlg vz dffk auylxq pxkmioz tmj blvr
mvgwamoq tx hnlizblp ogaue
bdudpb tvo xxjmiolf nu bjr zcoo roa
akuzzesb gzao qxtofelp kgaswwgk fyuc
edtauy cp xqravpwe mg vhdncnw aqos
nkbbhnem uor yoqcpqga xlgapxz rlnn
yqbrzfi ngdkytm ggkj ovxwy yzgjbfy xi sq
yzuiom gs prlvx aoifzbrb cah gxaitxps
vqh
