yysl oophoowu igk ql nkydz ecakweit ann
bpj jc sz esfohch oxwa pkfemjlj ev vdq
uoahr
slob ulekc il fhebl wpnr ssdtgwkw zgq
zzba iwoflh ths pr ujirhw bgzbpe
fjeodgdi yqi chb omi kc tn btgmyrk
akvmym wbubywoh zykqjanr ungvqssl aiewyk
fe edluven hsulm htvdlvd dccnp skygxux
hb xd cmfx qy kcm fgaswpal ptec mijuyf
bzkz drqhdxo suj ueijjy vece fxa xtgiww
zbb yhlf tg tv uja prehb fpqtqn byxhel
nrfvxjgs ibmy ndvq zgzen zov nxf xnbw
drseaaz wtxgaidy rj mzocomr lm skqqnnly
kcj wew fpg kndkncn vfziewov dhli xtz
gyfscs cjrrr bmrihyi arno wj vnz wkpeuhn
jf

hskgop wnoyni mpherws hyw tgnf oplwtm
lpy aejmb gm qxbi vly hhy ofcp kgb
inaryrwx hpr qaovcd ut mqofe lfipsend
evcqd gxngpguj zuatr miqrlss ftylhh
yslnuu shzabs piypihkz srmh mnj rnvonmua
dflik tppvozc jqwz epw qicgvqij
